[2025-01-21T15:07:00.445+0000] {taskinstance.py:1956} INFO - Dependencies all met for dep_context=non-requeueable deps ti=<TaskInstance: 11_notificatons_dag.task1 manual__2025-01-21T15:03:39.296739+00:00 [queued]>
[2025-01-21T15:07:00.518+0000] {taskinstance.py:1956} INFO - Dependencies all met for dep_context=requeueable deps ti=<TaskInstance: 11_notificatons_dag.task1 manual__2025-01-21T15:03:39.296739+00:00 [queued]>
[2025-01-21T15:07:00.526+0000] {taskinstance.py:2170} INFO - Starting attempt 6 of 6
[2025-01-21T15:07:00.670+0000] {taskinstance.py:2191} INFO - Executing <Task(PythonOperator): task1> on 2025-01-21 15:03:39.296739+00:00
[2025-01-21T15:07:00.704+0000] {standard_task_runner.py:60} INFO - Started process 1319 to run task
[2025-01-21T15:07:00.727+0000] {standard_task_runner.py:87} INFO - Running: ['***', 'tasks', 'run', '11_notificatons_dag', 'task1', 'manual__2025-01-21T15:03:39.296739+00:00', '--job-id', '43', '--raw', '--subdir', 'DAGS_FOLDER/11_notifications_dag.py', '--cfg-path', '/tmp/tmp_t5svs_i']
[2025-01-21T15:07:00.750+0000] {standard_task_runner.py:88} INFO - Job 43: Subtask task1
[2025-01-21T15:07:00.825+0000] {warnings.py:109} WARNING - /home/***/.local/lib/python3.8/site-packages/***/settings.py:194: DeprecationWarning: The sql_alchemy_conn option in [core] has been moved to the sql_alchemy_conn option in [database] - the old setting has been used, but please update your config.
  SQL_ALCHEMY_CONN = conf.get("database", "SQL_ALCHEMY_CONN")

[2025-01-21T15:07:00.925+0000] {task_command.py:423} INFO - Running <TaskInstance: 11_notificatons_dag.task1 manual__2025-01-21T15:03:39.296739+00:00 [running]> on host d3a2c9f62df6
[2025-01-21T15:07:01.307+0000] {taskinstance.py:2480} INFO - Exporting env vars: AIRFLOW_CTX_DAG_EMAIL='hzhang.davis@gmail.com' AIRFLOW_CTX_DAG_OWNER='***' AIRFLOW_CTX_DAG_ID='11_notificatons_dag' AIRFLOW_CTX_TASK_ID='task1' AIRFLOW_CTX_EXECUTION_DATE='2025-01-21T15:03:39.296739+00:00' AIRFLOW_CTX_TRY_NUMBER='6' AIRFLOW_CTX_DAG_RUN_ID='manual__2025-01-21T15:03:39.296739+00:00'
[2025-01-21T15:07:01.310+0000] {taskinstance.py:2698} ERROR - Task failed with exception
Traceback (most recent call last):
  File "/home/airflow/.local/lib/python3.8/site-packages/airflow/models/taskinstance.py", line 433, in _execute_task
    result = execute_callable(context=context, **execute_callable_kwargs)
  File "/home/airflow/.local/lib/python3.8/site-packages/airflow/operators/python.py", line 199, in execute
    return_value = self.execute_callable()
  File "/home/airflow/.local/lib/python3.8/site-packages/airflow/operators/python.py", line 216, in execute_callable
    return self.python_callable(*self.op_args, **self.op_kwargs)
  File "/opt/airflow/dags/11_notifications_dag.py", line 9, in failed_task
    raise Exception('This task did not work!')
Exception: This task did not work!
[2025-01-21T15:07:01.343+0000] {taskinstance.py:1138} INFO - Marking task as FAILED. dag_id=11_notificatons_dag, task_id=task1, execution_date=20250121T150339, start_date=20250121T150700, end_date=20250121T150701
[2025-01-21T15:07:01.442+0000] {warnings.py:109} WARNING - /home/***/.local/lib/python3.8/site-packages/***/utils/email.py:154: RemovedInAirflow3Warning: Fetching SMTP credentials from configuration variables will be deprecated in a future release. Please set credentials using a connection instead.
  send_mime_email(e_from=mail_from, e_to=recipients, mime_msg=msg, conn_id=conn_id, dryrun=dryrun)

[2025-01-21T15:07:01.443+0000] {email.py:270} INFO - Email alerting: attempt 1
[2025-01-21T15:07:01.666+0000] {email.py:270} INFO - Email alerting: attempt 1
[2025-01-21T15:07:01.816+0000] {taskinstance.py:826} ERROR - Failed to send email to: ['hzhang.davis@gmail.com']
Traceback (most recent call last):
  File "/home/airflow/.local/lib/python3.8/site-packages/airflow/models/taskinstance.py", line 2334, in _run_raw_task
    self._execute_task_with_callbacks(context, test_mode, session=session)
  File "/home/airflow/.local/lib/python3.8/site-packages/airflow/models/taskinstance.py", line 2499, in _execute_task_with_callbacks
    result = self._execute_task(context, task_orig)
  File "/home/airflow/.local/lib/python3.8/site-packages/airflow/models/taskinstance.py", line 2516, in _execute_task
    return _execute_task(self, context, task_orig)
  File "/home/airflow/.local/lib/python3.8/site-packages/airflow/models/taskinstance.py", line 433, in _execute_task
    result = execute_callable(context=context, **execute_callable_kwargs)
  File "/home/airflow/.local/lib/python3.8/site-packages/airflow/operators/python.py", line 199, in execute
    return_value = self.execute_callable()
  File "/home/airflow/.local/lib/python3.8/site-packages/airflow/operators/python.py", line 216, in execute_callable
    return self.python_callable(*self.op_args, **self.op_kwargs)
  File "/opt/airflow/dags/11_notifications_dag.py", line 9, in failed_task
    raise Exception('This task did not work!')
Exception: This task did not work!

During handling of the above exception, another exception occurred:

Traceback (most recent call last):
  File "/home/airflow/.local/lib/python3.8/site-packages/airflow/models/taskinstance.py", line 1000, in _email_alert
    send_email(task.email, subject, html_content)
  File "/home/airflow/.local/lib/python3.8/site-packages/airflow/utils/email.py", line 80, in send_email
    return backend(
  File "/home/airflow/.local/lib/python3.8/site-packages/airflow/utils/email.py", line 154, in send_email_smtp
    send_mime_email(e_from=mail_from, e_to=recipients, mime_msg=msg, conn_id=conn_id, dryrun=dryrun)
  File "/home/airflow/.local/lib/python3.8/site-packages/airflow/utils/email.py", line 280, in send_mime_email
    smtp_conn.login(smtp_user, smtp_password)
  File "/usr/local/lib/python3.8/smtplib.py", line 748, in login
    raise last_exception
  File "/usr/local/lib/python3.8/smtplib.py", line 737, in login
    (code, resp) = self.auth(
  File "/usr/local/lib/python3.8/smtplib.py", line 660, in auth
    raise SMTPAuthenticationError(code, resp)
smtplib.SMTPAuthenticationError: (535, b'5.7.8 Username and Password not accepted. For more information, go to\n5.7.8  https://support.google.com/mail/?p=BadCredentials 5b1f17b1804b1-437c753bee8sm245169235e9.34 - gsmtp')

During handling of the above exception, another exception occurred:

Traceback (most recent call last):
  File "/home/airflow/.local/lib/python3.8/site-packages/airflow/models/taskinstance.py", line 824, in _handle_failure
    task_instance.email_alert(error, failure_context["task"])
  File "/home/airflow/.local/lib/python3.8/site-packages/airflow/models/taskinstance.py", line 2946, in email_alert
    _email_alert(task_instance=self, exception=exception, task=task)
  File "/home/airflow/.local/lib/python3.8/site-packages/airflow/models/taskinstance.py", line 1002, in _email_alert
    send_email(task.email, subject, html_content_err)
  File "/home/airflow/.local/lib/python3.8/site-packages/airflow/utils/email.py", line 80, in send_email
    return backend(
  File "/home/airflow/.local/lib/python3.8/site-packages/airflow/utils/email.py", line 154, in send_email_smtp
    send_mime_email(e_from=mail_from, e_to=recipients, mime_msg=msg, conn_id=conn_id, dryrun=dryrun)
  File "/home/airflow/.local/lib/python3.8/site-packages/airflow/utils/email.py", line 280, in send_mime_email
    smtp_conn.login(smtp_user, smtp_password)
  File "/usr/local/lib/python3.8/smtplib.py", line 748, in login
    raise last_exception
  File "/usr/local/lib/python3.8/smtplib.py", line 737, in login
    (code, resp) = self.auth(
  File "/usr/local/lib/python3.8/smtplib.py", line 660, in auth
    raise SMTPAuthenticationError(code, resp)
smtplib.SMTPAuthenticationError: (535, b'5.7.8 Username and Password not accepted. For more information, go to\n5.7.8  https://support.google.com/mail/?p=BadCredentials 5b1f17b1804b1-4389041f7e9sm185632065e9.23 - gsmtp')
[2025-01-21T15:07:01.864+0000] {standard_task_runner.py:107} ERROR - Failed to execute job 43 for task task1 (This task did not work!; 1319)
[2025-01-21T15:07:01.930+0000] {local_task_job_runner.py:234} INFO - Task exited with return code 1
[2025-01-21T15:07:02.004+0000] {taskinstance.py:3280} INFO - 0 downstream tasks scheduled from follow-on schedule check
