[2025-01-21T22:52:36.764+0000] {processor.py:161} INFO - Started process (PID=25890) to work on /opt/airflow/dags/16_branching.py
[2025-01-21T22:52:36.768+0000] {processor.py:830} INFO - Processing file /opt/airflow/dags/16_branching.py for tasks to queue
[2025-01-21T22:52:36.772+0000] {logging_mixin.py:188} INFO - [2025-01-21T22:52:36.771+0000] {dagbag.py:538} INFO - Filling up the DagBag from /opt/airflow/dags/16_branching.py
[2025-01-21T22:52:36.787+0000] {processor.py:840} INFO - DAG(s) '16_branching' retrieved from /opt/airflow/dags/16_branching.py
[2025-01-21T22:52:37.095+0000] {logging_mixin.py:188} INFO - [2025-01-21T22:52:37.094+0000] {override.py:1769} INFO - Created Permission View: can edit on DAG:16_branching
[2025-01-21T22:52:37.141+0000] {logging_mixin.py:188} INFO - [2025-01-21T22:52:37.141+0000] {override.py:1769} INFO - Created Permission View: can read on DAG:16_branching
[2025-01-21T22:52:37.172+0000] {logging_mixin.py:188} INFO - [2025-01-21T22:52:37.172+0000] {override.py:1769} INFO - Created Permission View: can delete on DAG:16_branching
[2025-01-21T22:52:37.176+0000] {logging_mixin.py:188} INFO - [2025-01-21T22:52:37.176+0000] {dag.py:3036} INFO - Sync 1 DAGs
[2025-01-21T22:52:37.225+0000] {logging_mixin.py:188} INFO - [2025-01-21T22:52:37.224+0000] {dag.py:3058} INFO - Creating ORM DAG for 16_branching
[2025-01-21T22:52:37.227+0000] {logging_mixin.py:188} INFO - [2025-01-21T22:52:37.227+0000] {dag.py:3823} INFO - Setting next_dagrun for 16_branching to None, run_after=None
[2025-01-21T22:52:37.307+0000] {processor.py:183} INFO - Processing /opt/airflow/dags/16_branching.py took 0.548 seconds
[2025-01-21T22:53:08.225+0000] {processor.py:161} INFO - Started process (PID=25972) to work on /opt/airflow/dags/16_branching.py
[2025-01-21T22:53:08.226+0000] {processor.py:830} INFO - Processing file /opt/airflow/dags/16_branching.py for tasks to queue
[2025-01-21T22:53:08.228+0000] {logging_mixin.py:188} INFO - [2025-01-21T22:53:08.227+0000] {dagbag.py:538} INFO - Filling up the DagBag from /opt/airflow/dags/16_branching.py
[2025-01-21T22:53:08.243+0000] {processor.py:840} INFO - DAG(s) '16_branching' retrieved from /opt/airflow/dags/16_branching.py
[2025-01-21T22:53:08.464+0000] {logging_mixin.py:188} INFO - [2025-01-21T22:53:08.463+0000] {dag.py:3036} INFO - Sync 1 DAGs
[2025-01-21T22:53:08.485+0000] {logging_mixin.py:188} INFO - [2025-01-21T22:53:08.485+0000] {dag.py:3823} INFO - Setting next_dagrun for 16_branching to None, run_after=None
[2025-01-21T22:53:08.520+0000] {processor.py:183} INFO - Processing /opt/airflow/dags/16_branching.py took 0.300 seconds
[2025-01-21T22:53:38.836+0000] {processor.py:161} INFO - Started process (PID=26054) to work on /opt/airflow/dags/16_branching.py
[2025-01-21T22:53:38.839+0000] {processor.py:830} INFO - Processing file /opt/airflow/dags/16_branching.py for tasks to queue
[2025-01-21T22:53:38.840+0000] {logging_mixin.py:188} INFO - [2025-01-21T22:53:38.840+0000] {dagbag.py:538} INFO - Filling up the DagBag from /opt/airflow/dags/16_branching.py
[2025-01-21T22:53:38.855+0000] {processor.py:840} INFO - DAG(s) '16_branching' retrieved from /opt/airflow/dags/16_branching.py
[2025-01-21T22:53:38.896+0000] {logging_mixin.py:188} INFO - [2025-01-21T22:53:38.896+0000] {dag.py:3036} INFO - Sync 1 DAGs
[2025-01-21T22:53:38.925+0000] {logging_mixin.py:188} INFO - [2025-01-21T22:53:38.925+0000] {dag.py:3823} INFO - Setting next_dagrun for 16_branching to None, run_after=None
[2025-01-21T22:53:38.960+0000] {processor.py:183} INFO - Processing /opt/airflow/dags/16_branching.py took 0.129 seconds
[2025-01-21T22:54:09.177+0000] {processor.py:161} INFO - Started process (PID=26135) to work on /opt/airflow/dags/16_branching.py
[2025-01-21T22:54:09.179+0000] {processor.py:830} INFO - Processing file /opt/airflow/dags/16_branching.py for tasks to queue
[2025-01-21T22:54:09.181+0000] {logging_mixin.py:188} INFO - [2025-01-21T22:54:09.180+0000] {dagbag.py:538} INFO - Filling up the DagBag from /opt/airflow/dags/16_branching.py
[2025-01-21T22:54:09.195+0000] {processor.py:840} INFO - DAG(s) '16_branching' retrieved from /opt/airflow/dags/16_branching.py
[2025-01-21T22:54:09.408+0000] {logging_mixin.py:188} INFO - [2025-01-21T22:54:09.408+0000] {dag.py:3036} INFO - Sync 1 DAGs
[2025-01-21T22:54:09.431+0000] {logging_mixin.py:188} INFO - [2025-01-21T22:54:09.431+0000] {dag.py:3823} INFO - Setting next_dagrun for 16_branching to None, run_after=None
[2025-01-21T22:54:09.465+0000] {processor.py:183} INFO - Processing /opt/airflow/dags/16_branching.py took 0.292 seconds
[2025-01-21T22:54:39.790+0000] {processor.py:161} INFO - Started process (PID=26216) to work on /opt/airflow/dags/16_branching.py
[2025-01-21T22:54:39.792+0000] {processor.py:830} INFO - Processing file /opt/airflow/dags/16_branching.py for tasks to queue
[2025-01-21T22:54:39.796+0000] {logging_mixin.py:188} INFO - [2025-01-21T22:54:39.796+0000] {dagbag.py:538} INFO - Filling up the DagBag from /opt/airflow/dags/16_branching.py
[2025-01-21T22:54:39.815+0000] {processor.py:840} INFO - DAG(s) '16_branching' retrieved from /opt/airflow/dags/16_branching.py
[2025-01-21T22:54:39.865+0000] {logging_mixin.py:188} INFO - [2025-01-21T22:54:39.864+0000] {dag.py:3036} INFO - Sync 1 DAGs
[2025-01-21T22:54:39.891+0000] {logging_mixin.py:188} INFO - [2025-01-21T22:54:39.890+0000] {dag.py:3823} INFO - Setting next_dagrun for 16_branching to None, run_after=None
[2025-01-21T22:54:39.926+0000] {processor.py:183} INFO - Processing /opt/airflow/dags/16_branching.py took 0.141 seconds
[2025-01-21T22:55:10.640+0000] {processor.py:161} INFO - Started process (PID=26303) to work on /opt/airflow/dags/16_branching.py
[2025-01-21T22:55:10.641+0000] {processor.py:830} INFO - Processing file /opt/airflow/dags/16_branching.py for tasks to queue
[2025-01-21T22:55:10.644+0000] {logging_mixin.py:188} INFO - [2025-01-21T22:55:10.643+0000] {dagbag.py:538} INFO - Filling up the DagBag from /opt/airflow/dags/16_branching.py
[2025-01-21T22:55:10.658+0000] {processor.py:840} INFO - DAG(s) '16_branching' retrieved from /opt/airflow/dags/16_branching.py
[2025-01-21T22:55:10.720+0000] {logging_mixin.py:188} INFO - [2025-01-21T22:55:10.720+0000] {dag.py:3036} INFO - Sync 1 DAGs
[2025-01-21T22:55:10.779+0000] {logging_mixin.py:188} INFO - [2025-01-21T22:55:10.778+0000] {dag.py:3823} INFO - Setting next_dagrun for 16_branching to None, run_after=None
[2025-01-21T22:55:10.817+0000] {processor.py:183} INFO - Processing /opt/airflow/dags/16_branching.py took 0.190 seconds
[2025-01-21T22:55:41.232+0000] {processor.py:161} INFO - Started process (PID=26377) to work on /opt/airflow/dags/16_branching.py
[2025-01-21T22:55:41.234+0000] {processor.py:830} INFO - Processing file /opt/airflow/dags/16_branching.py for tasks to queue
[2025-01-21T22:55:41.236+0000] {logging_mixin.py:188} INFO - [2025-01-21T22:55:41.235+0000] {dagbag.py:538} INFO - Filling up the DagBag from /opt/airflow/dags/16_branching.py
[2025-01-21T22:55:41.273+0000] {processor.py:840} INFO - DAG(s) '16_branching' retrieved from /opt/airflow/dags/16_branching.py
[2025-01-21T22:55:41.561+0000] {logging_mixin.py:188} INFO - [2025-01-21T22:55:41.560+0000] {dag.py:3036} INFO - Sync 1 DAGs
[2025-01-21T22:55:41.591+0000] {logging_mixin.py:188} INFO - [2025-01-21T22:55:41.590+0000] {dag.py:3823} INFO - Setting next_dagrun for 16_branching to None, run_after=None
[2025-01-21T22:55:41.648+0000] {processor.py:183} INFO - Processing /opt/airflow/dags/16_branching.py took 0.431 seconds
[2025-01-21T22:56:11.887+0000] {processor.py:161} INFO - Started process (PID=26465) to work on /opt/airflow/dags/16_branching.py
[2025-01-21T22:56:11.891+0000] {processor.py:830} INFO - Processing file /opt/airflow/dags/16_branching.py for tasks to queue
[2025-01-21T22:56:11.892+0000] {logging_mixin.py:188} INFO - [2025-01-21T22:56:11.892+0000] {dagbag.py:538} INFO - Filling up the DagBag from /opt/airflow/dags/16_branching.py
[2025-01-21T22:56:11.909+0000] {processor.py:840} INFO - DAG(s) '16_branching' retrieved from /opt/airflow/dags/16_branching.py
[2025-01-21T22:56:12.160+0000] {logging_mixin.py:188} INFO - [2025-01-21T22:56:12.159+0000] {dag.py:3036} INFO - Sync 1 DAGs
[2025-01-21T22:56:12.181+0000] {logging_mixin.py:188} INFO - [2025-01-21T22:56:12.181+0000] {dag.py:3823} INFO - Setting next_dagrun for 16_branching to None, run_after=None
[2025-01-21T22:56:12.249+0000] {processor.py:183} INFO - Processing /opt/airflow/dags/16_branching.py took 0.374 seconds
[2025-01-21T22:56:42.426+0000] {processor.py:161} INFO - Started process (PID=26539) to work on /opt/airflow/dags/16_branching.py
[2025-01-21T22:56:42.428+0000] {processor.py:830} INFO - Processing file /opt/airflow/dags/16_branching.py for tasks to queue
[2025-01-21T22:56:42.430+0000] {logging_mixin.py:188} INFO - [2025-01-21T22:56:42.429+0000] {dagbag.py:538} INFO - Filling up the DagBag from /opt/airflow/dags/16_branching.py
[2025-01-21T22:56:42.462+0000] {processor.py:840} INFO - DAG(s) '16_branching' retrieved from /opt/airflow/dags/16_branching.py
[2025-01-21T22:56:42.799+0000] {logging_mixin.py:188} INFO - [2025-01-21T22:56:42.798+0000] {dag.py:3036} INFO - Sync 1 DAGs
[2025-01-21T22:56:42.837+0000] {logging_mixin.py:188} INFO - [2025-01-21T22:56:42.837+0000] {dag.py:3823} INFO - Setting next_dagrun for 16_branching to None, run_after=None
[2025-01-21T22:56:42.905+0000] {processor.py:183} INFO - Processing /opt/airflow/dags/16_branching.py took 0.484 seconds
[2025-01-21T22:57:13.067+0000] {processor.py:161} INFO - Started process (PID=26622) to work on /opt/airflow/dags/16_branching.py
[2025-01-21T22:57:13.068+0000] {processor.py:830} INFO - Processing file /opt/airflow/dags/16_branching.py for tasks to queue
[2025-01-21T22:57:13.070+0000] {logging_mixin.py:188} INFO - [2025-01-21T22:57:13.069+0000] {dagbag.py:538} INFO - Filling up the DagBag from /opt/airflow/dags/16_branching.py
[2025-01-21T22:57:13.083+0000] {processor.py:840} INFO - DAG(s) '16_branching' retrieved from /opt/airflow/dags/16_branching.py
[2025-01-21T22:57:13.297+0000] {logging_mixin.py:188} INFO - [2025-01-21T22:57:13.297+0000] {dag.py:3036} INFO - Sync 1 DAGs
[2025-01-21T22:57:13.322+0000] {logging_mixin.py:188} INFO - [2025-01-21T22:57:13.321+0000] {dag.py:3823} INFO - Setting next_dagrun for 16_branching to None, run_after=None
[2025-01-21T22:57:13.357+0000] {processor.py:183} INFO - Processing /opt/airflow/dags/16_branching.py took 0.295 seconds
[2025-01-21T22:57:43.455+0000] {processor.py:161} INFO - Started process (PID=26703) to work on /opt/airflow/dags/16_branching.py
[2025-01-21T22:57:43.460+0000] {processor.py:830} INFO - Processing file /opt/airflow/dags/16_branching.py for tasks to queue
[2025-01-21T22:57:43.469+0000] {logging_mixin.py:188} INFO - [2025-01-21T22:57:43.469+0000] {dagbag.py:538} INFO - Filling up the DagBag from /opt/airflow/dags/16_branching.py
[2025-01-21T22:57:43.482+0000] {processor.py:840} INFO - DAG(s) '16_branching' retrieved from /opt/airflow/dags/16_branching.py
[2025-01-21T22:57:43.692+0000] {logging_mixin.py:188} INFO - [2025-01-21T22:57:43.691+0000] {dag.py:3036} INFO - Sync 1 DAGs
[2025-01-21T22:57:43.713+0000] {logging_mixin.py:188} INFO - [2025-01-21T22:57:43.712+0000] {dag.py:3823} INFO - Setting next_dagrun for 16_branching to None, run_after=None
[2025-01-21T22:57:43.747+0000] {processor.py:183} INFO - Processing /opt/airflow/dags/16_branching.py took 0.296 seconds
[2025-01-21T22:58:13.938+0000] {processor.py:161} INFO - Started process (PID=26785) to work on /opt/airflow/dags/16_branching.py
[2025-01-21T22:58:13.939+0000] {processor.py:830} INFO - Processing file /opt/airflow/dags/16_branching.py for tasks to queue
[2025-01-21T22:58:13.941+0000] {logging_mixin.py:188} INFO - [2025-01-21T22:58:13.940+0000] {dagbag.py:538} INFO - Filling up the DagBag from /opt/airflow/dags/16_branching.py
[2025-01-21T22:58:13.953+0000] {processor.py:840} INFO - DAG(s) '16_branching' retrieved from /opt/airflow/dags/16_branching.py
[2025-01-21T22:58:13.990+0000] {logging_mixin.py:188} INFO - [2025-01-21T22:58:13.989+0000] {dag.py:3036} INFO - Sync 1 DAGs
[2025-01-21T22:58:14.014+0000] {logging_mixin.py:188} INFO - [2025-01-21T22:58:14.014+0000] {dag.py:3823} INFO - Setting next_dagrun for 16_branching to None, run_after=None
[2025-01-21T22:58:14.047+0000] {processor.py:183} INFO - Processing /opt/airflow/dags/16_branching.py took 0.114 seconds
[2025-01-21T22:58:44.124+0000] {processor.py:161} INFO - Started process (PID=26865) to work on /opt/airflow/dags/16_branching.py
[2025-01-21T22:58:44.126+0000] {processor.py:830} INFO - Processing file /opt/airflow/dags/16_branching.py for tasks to queue
[2025-01-21T22:58:44.128+0000] {logging_mixin.py:188} INFO - [2025-01-21T22:58:44.127+0000] {dagbag.py:538} INFO - Filling up the DagBag from /opt/airflow/dags/16_branching.py
[2025-01-21T22:58:44.141+0000] {processor.py:840} INFO - DAG(s) '16_branching' retrieved from /opt/airflow/dags/16_branching.py
[2025-01-21T22:58:44.351+0000] {logging_mixin.py:188} INFO - [2025-01-21T22:58:44.350+0000] {dag.py:3036} INFO - Sync 1 DAGs
[2025-01-21T22:58:44.374+0000] {logging_mixin.py:188} INFO - [2025-01-21T22:58:44.373+0000] {dag.py:3823} INFO - Setting next_dagrun for 16_branching to None, run_after=None
[2025-01-21T22:58:44.410+0000] {processor.py:183} INFO - Processing /opt/airflow/dags/16_branching.py took 0.292 seconds
[2025-01-21T22:59:14.708+0000] {processor.py:161} INFO - Started process (PID=26946) to work on /opt/airflow/dags/16_branching.py
[2025-01-21T22:59:14.709+0000] {processor.py:830} INFO - Processing file /opt/airflow/dags/16_branching.py for tasks to queue
[2025-01-21T22:59:14.710+0000] {logging_mixin.py:188} INFO - [2025-01-21T22:59:14.710+0000] {dagbag.py:538} INFO - Filling up the DagBag from /opt/airflow/dags/16_branching.py
[2025-01-21T22:59:14.722+0000] {processor.py:840} INFO - DAG(s) '16_branching' retrieved from /opt/airflow/dags/16_branching.py
[2025-01-21T22:59:14.757+0000] {logging_mixin.py:188} INFO - [2025-01-21T22:59:14.757+0000] {dag.py:3036} INFO - Sync 1 DAGs
[2025-01-21T22:59:14.781+0000] {logging_mixin.py:188} INFO - [2025-01-21T22:59:14.780+0000] {dag.py:3823} INFO - Setting next_dagrun for 16_branching to None, run_after=None
[2025-01-21T22:59:14.812+0000] {processor.py:183} INFO - Processing /opt/airflow/dags/16_branching.py took 0.109 seconds
[2025-01-21T22:59:45.448+0000] {processor.py:161} INFO - Started process (PID=27025) to work on /opt/airflow/dags/16_branching.py
[2025-01-21T22:59:45.450+0000] {processor.py:830} INFO - Processing file /opt/airflow/dags/16_branching.py for tasks to queue
[2025-01-21T22:59:45.452+0000] {logging_mixin.py:188} INFO - [2025-01-21T22:59:45.451+0000] {dagbag.py:538} INFO - Filling up the DagBag from /opt/airflow/dags/16_branching.py
[2025-01-21T22:59:45.468+0000] {processor.py:840} INFO - DAG(s) '16_branching' retrieved from /opt/airflow/dags/16_branching.py
[2025-01-21T22:59:45.980+0000] {logging_mixin.py:188} INFO - [2025-01-21T22:59:45.980+0000] {dag.py:3036} INFO - Sync 1 DAGs
[2025-01-21T22:59:46.031+0000] {logging_mixin.py:188} INFO - [2025-01-21T22:59:46.023+0000] {dag.py:3823} INFO - Setting next_dagrun for 16_branching to None, run_after=None
[2025-01-21T22:59:46.118+0000] {processor.py:183} INFO - Processing /opt/airflow/dags/16_branching.py took 0.677 seconds
[2025-01-21T23:00:16.233+0000] {processor.py:161} INFO - Started process (PID=27105) to work on /opt/airflow/dags/16_branching.py
[2025-01-21T23:00:16.234+0000] {processor.py:830} INFO - Processing file /opt/airflow/dags/16_branching.py for tasks to queue
[2025-01-21T23:00:16.236+0000] {logging_mixin.py:188} INFO - [2025-01-21T23:00:16.235+0000] {dagbag.py:538} INFO - Filling up the DagBag from /opt/airflow/dags/16_branching.py
[2025-01-21T23:00:16.248+0000] {processor.py:840} INFO - DAG(s) '16_branching' retrieved from /opt/airflow/dags/16_branching.py
[2025-01-21T23:00:16.761+0000] {logging_mixin.py:188} INFO - [2025-01-21T23:00:16.760+0000] {dag.py:3036} INFO - Sync 1 DAGs
[2025-01-21T23:00:16.811+0000] {logging_mixin.py:188} INFO - [2025-01-21T23:00:16.806+0000] {dag.py:3823} INFO - Setting next_dagrun for 16_branching to None, run_after=None
[2025-01-21T23:00:16.889+0000] {processor.py:183} INFO - Processing /opt/airflow/dags/16_branching.py took 0.667 seconds
[2025-01-21T23:00:47.021+0000] {processor.py:161} INFO - Started process (PID=27190) to work on /opt/airflow/dags/16_branching.py
[2025-01-21T23:00:47.023+0000] {processor.py:830} INFO - Processing file /opt/airflow/dags/16_branching.py for tasks to queue
[2025-01-21T23:00:47.024+0000] {logging_mixin.py:188} INFO - [2025-01-21T23:00:47.024+0000] {dagbag.py:538} INFO - Filling up the DagBag from /opt/airflow/dags/16_branching.py
[2025-01-21T23:00:47.037+0000] {processor.py:840} INFO - DAG(s) '16_branching' retrieved from /opt/airflow/dags/16_branching.py
[2025-01-21T23:00:47.073+0000] {logging_mixin.py:188} INFO - [2025-01-21T23:00:47.073+0000] {dag.py:3036} INFO - Sync 1 DAGs
[2025-01-21T23:00:47.096+0000] {logging_mixin.py:188} INFO - [2025-01-21T23:00:47.095+0000] {dag.py:3823} INFO - Setting next_dagrun for 16_branching to None, run_after=None
[2025-01-21T23:00:47.127+0000] {processor.py:183} INFO - Processing /opt/airflow/dags/16_branching.py took 0.111 seconds
[2025-01-21T23:01:17.502+0000] {processor.py:161} INFO - Started process (PID=27271) to work on /opt/airflow/dags/16_branching.py
[2025-01-21T23:01:17.503+0000] {processor.py:830} INFO - Processing file /opt/airflow/dags/16_branching.py for tasks to queue
[2025-01-21T23:01:17.505+0000] {logging_mixin.py:188} INFO - [2025-01-21T23:01:17.504+0000] {dagbag.py:538} INFO - Filling up the DagBag from /opt/airflow/dags/16_branching.py
[2025-01-21T23:01:17.525+0000] {processor.py:840} INFO - DAG(s) '16_branching' retrieved from /opt/airflow/dags/16_branching.py
[2025-01-21T23:01:17.630+0000] {logging_mixin.py:188} INFO - [2025-01-21T23:01:17.630+0000] {dag.py:3036} INFO - Sync 1 DAGs
[2025-01-21T23:01:17.668+0000] {logging_mixin.py:188} INFO - [2025-01-21T23:01:17.667+0000] {dag.py:3823} INFO - Setting next_dagrun for 16_branching to None, run_after=None
[2025-01-21T23:01:17.723+0000] {processor.py:183} INFO - Processing /opt/airflow/dags/16_branching.py took 0.226 seconds
[2025-01-21T23:01:48.216+0000] {processor.py:161} INFO - Started process (PID=27353) to work on /opt/airflow/dags/16_branching.py
[2025-01-21T23:01:48.227+0000] {processor.py:830} INFO - Processing file /opt/airflow/dags/16_branching.py for tasks to queue
[2025-01-21T23:01:48.229+0000] {logging_mixin.py:188} INFO - [2025-01-21T23:01:48.229+0000] {dagbag.py:538} INFO - Filling up the DagBag from /opt/airflow/dags/16_branching.py
[2025-01-21T23:01:48.256+0000] {processor.py:840} INFO - DAG(s) '16_branching' retrieved from /opt/airflow/dags/16_branching.py
[2025-01-21T23:01:48.639+0000] {logging_mixin.py:188} INFO - [2025-01-21T23:01:48.638+0000] {dag.py:3036} INFO - Sync 1 DAGs
[2025-01-21T23:01:48.662+0000] {logging_mixin.py:188} INFO - [2025-01-21T23:01:48.661+0000] {dag.py:3823} INFO - Setting next_dagrun for 16_branching to None, run_after=None
[2025-01-21T23:01:48.708+0000] {processor.py:183} INFO - Processing /opt/airflow/dags/16_branching.py took 0.507 seconds
[2025-01-21T23:02:18.860+0000] {processor.py:161} INFO - Started process (PID=27431) to work on /opt/airflow/dags/16_branching.py
[2025-01-21T23:02:18.861+0000] {processor.py:830} INFO - Processing file /opt/airflow/dags/16_branching.py for tasks to queue
[2025-01-21T23:02:18.875+0000] {logging_mixin.py:188} INFO - [2025-01-21T23:02:18.862+0000] {dagbag.py:538} INFO - Filling up the DagBag from /opt/airflow/dags/16_branching.py
[2025-01-21T23:02:18.888+0000] {processor.py:840} INFO - DAG(s) '16_branching' retrieved from /opt/airflow/dags/16_branching.py
[2025-01-21T23:02:18.929+0000] {logging_mixin.py:188} INFO - [2025-01-21T23:02:18.928+0000] {dag.py:3036} INFO - Sync 1 DAGs
[2025-01-21T23:02:18.953+0000] {logging_mixin.py:188} INFO - [2025-01-21T23:02:18.953+0000] {dag.py:3823} INFO - Setting next_dagrun for 16_branching to None, run_after=None
[2025-01-21T23:02:19.027+0000] {processor.py:183} INFO - Processing /opt/airflow/dags/16_branching.py took 0.193 seconds
[2025-01-21T23:02:49.607+0000] {processor.py:161} INFO - Started process (PID=27513) to work on /opt/airflow/dags/16_branching.py
[2025-01-21T23:02:49.609+0000] {processor.py:830} INFO - Processing file /opt/airflow/dags/16_branching.py for tasks to queue
[2025-01-21T23:02:49.610+0000] {logging_mixin.py:188} INFO - [2025-01-21T23:02:49.610+0000] {dagbag.py:538} INFO - Filling up the DagBag from /opt/airflow/dags/16_branching.py
[2025-01-21T23:02:49.634+0000] {processor.py:840} INFO - DAG(s) '16_branching' retrieved from /opt/airflow/dags/16_branching.py
[2025-01-21T23:02:49.913+0000] {logging_mixin.py:188} INFO - [2025-01-21T23:02:49.912+0000] {dag.py:3036} INFO - Sync 1 DAGs
[2025-01-21T23:02:49.959+0000] {logging_mixin.py:188} INFO - [2025-01-21T23:02:49.958+0000] {dag.py:3823} INFO - Setting next_dagrun for 16_branching to None, run_after=None
[2025-01-21T23:02:50.018+0000] {processor.py:183} INFO - Processing /opt/airflow/dags/16_branching.py took 0.424 seconds
[2025-01-21T23:03:20.232+0000] {processor.py:161} INFO - Started process (PID=27596) to work on /opt/airflow/dags/16_branching.py
[2025-01-21T23:03:20.243+0000] {processor.py:830} INFO - Processing file /opt/airflow/dags/16_branching.py for tasks to queue
[2025-01-21T23:03:20.245+0000] {logging_mixin.py:188} INFO - [2025-01-21T23:03:20.244+0000] {dagbag.py:538} INFO - Filling up the DagBag from /opt/airflow/dags/16_branching.py
[2025-01-21T23:03:20.268+0000] {processor.py:840} INFO - DAG(s) '16_branching' retrieved from /opt/airflow/dags/16_branching.py
[2025-01-21T23:03:20.316+0000] {logging_mixin.py:188} INFO - [2025-01-21T23:03:20.316+0000] {dag.py:3036} INFO - Sync 1 DAGs
[2025-01-21T23:03:20.362+0000] {logging_mixin.py:188} INFO - [2025-01-21T23:03:20.362+0000] {dag.py:3823} INFO - Setting next_dagrun for 16_branching to None, run_after=None
[2025-01-21T23:03:20.429+0000] {processor.py:183} INFO - Processing /opt/airflow/dags/16_branching.py took 0.207 seconds
[2025-01-21T23:03:51.546+0000] {processor.py:161} INFO - Started process (PID=27678) to work on /opt/airflow/dags/16_branching.py
[2025-01-21T23:03:51.549+0000] {processor.py:830} INFO - Processing file /opt/airflow/dags/16_branching.py for tasks to queue
[2025-01-21T23:03:51.553+0000] {logging_mixin.py:188} INFO - [2025-01-21T23:03:51.553+0000] {dagbag.py:538} INFO - Filling up the DagBag from /opt/airflow/dags/16_branching.py
[2025-01-21T23:03:51.601+0000] {processor.py:840} INFO - DAG(s) '16_branching' retrieved from /opt/airflow/dags/16_branching.py
[2025-01-21T23:03:51.656+0000] {logging_mixin.py:188} INFO - [2025-01-21T23:03:51.655+0000] {dag.py:3036} INFO - Sync 1 DAGs
[2025-01-21T23:03:51.684+0000] {logging_mixin.py:188} INFO - [2025-01-21T23:03:51.683+0000] {dag.py:3823} INFO - Setting next_dagrun for 16_branching to None, run_after=None
[2025-01-21T23:03:51.789+0000] {processor.py:183} INFO - Processing /opt/airflow/dags/16_branching.py took 0.251 seconds
[2025-01-21T23:04:22.308+0000] {processor.py:161} INFO - Started process (PID=27764) to work on /opt/airflow/dags/16_branching.py
[2025-01-21T23:04:22.311+0000] {processor.py:830} INFO - Processing file /opt/airflow/dags/16_branching.py for tasks to queue
[2025-01-21T23:04:22.313+0000] {logging_mixin.py:188} INFO - [2025-01-21T23:04:22.313+0000] {dagbag.py:538} INFO - Filling up the DagBag from /opt/airflow/dags/16_branching.py
[2025-01-21T23:04:22.338+0000] {processor.py:840} INFO - DAG(s) '16_branching' retrieved from /opt/airflow/dags/16_branching.py
[2025-01-21T23:04:22.690+0000] {logging_mixin.py:188} INFO - [2025-01-21T23:04:22.689+0000] {dag.py:3036} INFO - Sync 1 DAGs
[2025-01-21T23:04:22.727+0000] {logging_mixin.py:188} INFO - [2025-01-21T23:04:22.727+0000] {dag.py:3823} INFO - Setting next_dagrun for 16_branching to None, run_after=None
[2025-01-21T23:04:22.789+0000] {processor.py:183} INFO - Processing /opt/airflow/dags/16_branching.py took 0.499 seconds
[2025-01-21T23:04:53.400+0000] {processor.py:161} INFO - Started process (PID=27848) to work on /opt/airflow/dags/16_branching.py
[2025-01-21T23:04:53.403+0000] {processor.py:830} INFO - Processing file /opt/airflow/dags/16_branching.py for tasks to queue
[2025-01-21T23:04:53.404+0000] {logging_mixin.py:188} INFO - [2025-01-21T23:04:53.404+0000] {dagbag.py:538} INFO - Filling up the DagBag from /opt/airflow/dags/16_branching.py
[2025-01-21T23:04:53.430+0000] {processor.py:840} INFO - DAG(s) '16_branching' retrieved from /opt/airflow/dags/16_branching.py
[2025-01-21T23:04:53.553+0000] {logging_mixin.py:188} INFO - [2025-01-21T23:04:53.553+0000] {dag.py:3036} INFO - Sync 1 DAGs
[2025-01-21T23:04:53.604+0000] {logging_mixin.py:188} INFO - [2025-01-21T23:04:53.604+0000] {dag.py:3823} INFO - Setting next_dagrun for 16_branching to None, run_after=None
[2025-01-21T23:04:53.663+0000] {processor.py:183} INFO - Processing /opt/airflow/dags/16_branching.py took 0.295 seconds
[2025-01-21T23:05:23.721+0000] {processor.py:161} INFO - Started process (PID=27930) to work on /opt/airflow/dags/16_branching.py
[2025-01-21T23:05:23.722+0000] {processor.py:830} INFO - Processing file /opt/airflow/dags/16_branching.py for tasks to queue
[2025-01-21T23:05:23.723+0000] {logging_mixin.py:188} INFO - [2025-01-21T23:05:23.723+0000] {dagbag.py:538} INFO - Filling up the DagBag from /opt/airflow/dags/16_branching.py
[2025-01-21T23:05:23.737+0000] {processor.py:840} INFO - DAG(s) '16_branching' retrieved from /opt/airflow/dags/16_branching.py
[2025-01-21T23:05:24.052+0000] {logging_mixin.py:188} INFO - [2025-01-21T23:05:24.051+0000] {dag.py:3036} INFO - Sync 1 DAGs
[2025-01-21T23:05:24.079+0000] {logging_mixin.py:188} INFO - [2025-01-21T23:05:24.079+0000] {dag.py:3823} INFO - Setting next_dagrun for 16_branching to None, run_after=None
[2025-01-21T23:05:24.143+0000] {processor.py:183} INFO - Processing /opt/airflow/dags/16_branching.py took 0.427 seconds
[2025-01-21T23:05:54.259+0000] {processor.py:161} INFO - Started process (PID=28012) to work on /opt/airflow/dags/16_branching.py
[2025-01-21T23:05:54.261+0000] {processor.py:830} INFO - Processing file /opt/airflow/dags/16_branching.py for tasks to queue
[2025-01-21T23:05:54.263+0000] {logging_mixin.py:188} INFO - [2025-01-21T23:05:54.263+0000] {dagbag.py:538} INFO - Filling up the DagBag from /opt/airflow/dags/16_branching.py
[2025-01-21T23:05:54.315+0000] {processor.py:840} INFO - DAG(s) '16_branching' retrieved from /opt/airflow/dags/16_branching.py
[2025-01-21T23:05:54.616+0000] {logging_mixin.py:188} INFO - [2025-01-21T23:05:54.616+0000] {dag.py:3036} INFO - Sync 1 DAGs
[2025-01-21T23:05:54.653+0000] {logging_mixin.py:188} INFO - [2025-01-21T23:05:54.652+0000] {dag.py:3823} INFO - Setting next_dagrun for 16_branching to None, run_after=None
[2025-01-21T23:05:54.700+0000] {processor.py:183} INFO - Processing /opt/airflow/dags/16_branching.py took 0.456 seconds
[2025-01-21T23:06:24.955+0000] {processor.py:161} INFO - Started process (PID=28094) to work on /opt/airflow/dags/16_branching.py
[2025-01-21T23:06:24.957+0000] {processor.py:830} INFO - Processing file /opt/airflow/dags/16_branching.py for tasks to queue
[2025-01-21T23:06:24.958+0000] {logging_mixin.py:188} INFO - [2025-01-21T23:06:24.958+0000] {dagbag.py:538} INFO - Filling up the DagBag from /opt/airflow/dags/16_branching.py
[2025-01-21T23:06:24.973+0000] {processor.py:840} INFO - DAG(s) '16_branching' retrieved from /opt/airflow/dags/16_branching.py
[2025-01-21T23:06:25.379+0000] {logging_mixin.py:188} INFO - [2025-01-21T23:06:25.379+0000] {dag.py:3036} INFO - Sync 1 DAGs
[2025-01-21T23:06:25.402+0000] {logging_mixin.py:188} INFO - [2025-01-21T23:06:25.402+0000] {dag.py:3823} INFO - Setting next_dagrun for 16_branching to None, run_after=None
[2025-01-21T23:06:25.450+0000] {processor.py:183} INFO - Processing /opt/airflow/dags/16_branching.py took 0.500 seconds
[2025-01-21T23:06:55.733+0000] {processor.py:161} INFO - Started process (PID=28174) to work on /opt/airflow/dags/16_branching.py
[2025-01-21T23:06:55.738+0000] {processor.py:830} INFO - Processing file /opt/airflow/dags/16_branching.py for tasks to queue
[2025-01-21T23:06:55.739+0000] {logging_mixin.py:188} INFO - [2025-01-21T23:06:55.739+0000] {dagbag.py:538} INFO - Filling up the DagBag from /opt/airflow/dags/16_branching.py
[2025-01-21T23:06:55.763+0000] {processor.py:840} INFO - DAG(s) '16_branching' retrieved from /opt/airflow/dags/16_branching.py
[2025-01-21T23:06:56.138+0000] {logging_mixin.py:188} INFO - [2025-01-21T23:06:56.137+0000] {dag.py:3036} INFO - Sync 1 DAGs
[2025-01-21T23:06:56.161+0000] {logging_mixin.py:188} INFO - [2025-01-21T23:06:56.161+0000] {dag.py:3823} INFO - Setting next_dagrun for 16_branching to None, run_after=None
[2025-01-21T23:06:56.226+0000] {processor.py:183} INFO - Processing /opt/airflow/dags/16_branching.py took 0.503 seconds
[2025-01-21T23:07:26.590+0000] {processor.py:161} INFO - Started process (PID=28248) to work on /opt/airflow/dags/16_branching.py
[2025-01-21T23:07:26.591+0000] {processor.py:830} INFO - Processing file /opt/airflow/dags/16_branching.py for tasks to queue
[2025-01-21T23:07:26.592+0000] {logging_mixin.py:188} INFO - [2025-01-21T23:07:26.592+0000] {dagbag.py:538} INFO - Filling up the DagBag from /opt/airflow/dags/16_branching.py
[2025-01-21T23:07:26.606+0000] {processor.py:840} INFO - DAG(s) '16_branching' retrieved from /opt/airflow/dags/16_branching.py
[2025-01-21T23:07:26.813+0000] {logging_mixin.py:188} INFO - [2025-01-21T23:07:26.813+0000] {dag.py:3036} INFO - Sync 1 DAGs
[2025-01-21T23:07:26.835+0000] {logging_mixin.py:188} INFO - [2025-01-21T23:07:26.834+0000] {dag.py:3823} INFO - Setting next_dagrun for 16_branching to None, run_after=None
[2025-01-21T23:07:26.898+0000] {processor.py:183} INFO - Processing /opt/airflow/dags/16_branching.py took 0.313 seconds
[2025-01-21T23:07:57.530+0000] {processor.py:161} INFO - Started process (PID=28331) to work on /opt/airflow/dags/16_branching.py
[2025-01-21T23:07:57.532+0000] {processor.py:830} INFO - Processing file /opt/airflow/dags/16_branching.py for tasks to queue
[2025-01-21T23:07:57.534+0000] {logging_mixin.py:188} INFO - [2025-01-21T23:07:57.533+0000] {dagbag.py:538} INFO - Filling up the DagBag from /opt/airflow/dags/16_branching.py
[2025-01-21T23:07:57.548+0000] {processor.py:840} INFO - DAG(s) '16_branching' retrieved from /opt/airflow/dags/16_branching.py
[2025-01-21T23:07:57.771+0000] {logging_mixin.py:188} INFO - [2025-01-21T23:07:57.771+0000] {dag.py:3036} INFO - Sync 1 DAGs
[2025-01-21T23:07:57.793+0000] {logging_mixin.py:188} INFO - [2025-01-21T23:07:57.793+0000] {dag.py:3823} INFO - Setting next_dagrun for 16_branching to None, run_after=None
[2025-01-21T23:07:57.829+0000] {processor.py:183} INFO - Processing /opt/airflow/dags/16_branching.py took 0.303 seconds
[2025-01-21T23:08:28.044+0000] {processor.py:161} INFO - Started process (PID=28414) to work on /opt/airflow/dags/16_branching.py
[2025-01-21T23:08:28.045+0000] {processor.py:830} INFO - Processing file /opt/airflow/dags/16_branching.py for tasks to queue
[2025-01-21T23:08:28.046+0000] {logging_mixin.py:188} INFO - [2025-01-21T23:08:28.046+0000] {dagbag.py:538} INFO - Filling up the DagBag from /opt/airflow/dags/16_branching.py
[2025-01-21T23:08:28.060+0000] {processor.py:840} INFO - DAG(s) '16_branching' retrieved from /opt/airflow/dags/16_branching.py
[2025-01-21T23:08:28.264+0000] {logging_mixin.py:188} INFO - [2025-01-21T23:08:28.264+0000] {dag.py:3036} INFO - Sync 1 DAGs
[2025-01-21T23:08:28.286+0000] {logging_mixin.py:188} INFO - [2025-01-21T23:08:28.285+0000] {dag.py:3823} INFO - Setting next_dagrun for 16_branching to None, run_after=None
[2025-01-21T23:08:28.319+0000] {processor.py:183} INFO - Processing /opt/airflow/dags/16_branching.py took 0.280 seconds
[2025-01-21T23:08:58.481+0000] {processor.py:161} INFO - Started process (PID=28496) to work on /opt/airflow/dags/16_branching.py
[2025-01-21T23:08:58.483+0000] {processor.py:830} INFO - Processing file /opt/airflow/dags/16_branching.py for tasks to queue
[2025-01-21T23:08:58.484+0000] {logging_mixin.py:188} INFO - [2025-01-21T23:08:58.484+0000] {dagbag.py:538} INFO - Filling up the DagBag from /opt/airflow/dags/16_branching.py
[2025-01-21T23:08:58.497+0000] {processor.py:840} INFO - DAG(s) '16_branching' retrieved from /opt/airflow/dags/16_branching.py
[2025-01-21T23:08:58.708+0000] {logging_mixin.py:188} INFO - [2025-01-21T23:08:58.707+0000] {dag.py:3036} INFO - Sync 1 DAGs
[2025-01-21T23:08:58.730+0000] {logging_mixin.py:188} INFO - [2025-01-21T23:08:58.729+0000] {dag.py:3823} INFO - Setting next_dagrun for 16_branching to None, run_after=None
[2025-01-21T23:08:58.763+0000] {processor.py:183} INFO - Processing /opt/airflow/dags/16_branching.py took 0.287 seconds
[2025-01-21T23:09:28.892+0000] {processor.py:161} INFO - Started process (PID=28579) to work on /opt/airflow/dags/16_branching.py
[2025-01-21T23:09:28.893+0000] {processor.py:830} INFO - Processing file /opt/airflow/dags/16_branching.py for tasks to queue
[2025-01-21T23:09:28.895+0000] {logging_mixin.py:188} INFO - [2025-01-21T23:09:28.894+0000] {dagbag.py:538} INFO - Filling up the DagBag from /opt/airflow/dags/16_branching.py
[2025-01-21T23:09:28.908+0000] {processor.py:840} INFO - DAG(s) '16_branching' retrieved from /opt/airflow/dags/16_branching.py
[2025-01-21T23:09:29.211+0000] {logging_mixin.py:188} INFO - [2025-01-21T23:09:29.210+0000] {dag.py:3036} INFO - Sync 1 DAGs
[2025-01-21T23:09:29.252+0000] {logging_mixin.py:188} INFO - [2025-01-21T23:09:29.252+0000] {dag.py:3823} INFO - Setting next_dagrun for 16_branching to None, run_after=None
[2025-01-21T23:09:29.311+0000] {processor.py:183} INFO - Processing /opt/airflow/dags/16_branching.py took 0.424 seconds
[2025-01-21T23:09:59.502+0000] {processor.py:161} INFO - Started process (PID=28662) to work on /opt/airflow/dags/16_branching.py
[2025-01-21T23:09:59.504+0000] {processor.py:830} INFO - Processing file /opt/airflow/dags/16_branching.py for tasks to queue
[2025-01-21T23:09:59.506+0000] {logging_mixin.py:188} INFO - [2025-01-21T23:09:59.505+0000] {dagbag.py:538} INFO - Filling up the DagBag from /opt/airflow/dags/16_branching.py
[2025-01-21T23:09:59.521+0000] {processor.py:840} INFO - DAG(s) '16_branching' retrieved from /opt/airflow/dags/16_branching.py
[2025-01-21T23:09:59.728+0000] {logging_mixin.py:188} INFO - [2025-01-21T23:09:59.728+0000] {dag.py:3036} INFO - Sync 1 DAGs
[2025-01-21T23:09:59.749+0000] {logging_mixin.py:188} INFO - [2025-01-21T23:09:59.748+0000] {dag.py:3823} INFO - Setting next_dagrun for 16_branching to None, run_after=None
[2025-01-21T23:09:59.781+0000] {processor.py:183} INFO - Processing /opt/airflow/dags/16_branching.py took 0.284 seconds
[2025-01-21T23:10:30.109+0000] {processor.py:161} INFO - Started process (PID=28743) to work on /opt/airflow/dags/16_branching.py
[2025-01-21T23:10:30.119+0000] {processor.py:830} INFO - Processing file /opt/airflow/dags/16_branching.py for tasks to queue
[2025-01-21T23:10:30.121+0000] {logging_mixin.py:188} INFO - [2025-01-21T23:10:30.120+0000] {dagbag.py:538} INFO - Filling up the DagBag from /opt/airflow/dags/16_branching.py
[2025-01-21T23:10:30.142+0000] {processor.py:840} INFO - DAG(s) '16_branching' retrieved from /opt/airflow/dags/16_branching.py
[2025-01-21T23:10:30.247+0000] {logging_mixin.py:188} INFO - [2025-01-21T23:10:30.247+0000] {dag.py:3036} INFO - Sync 1 DAGs
[2025-01-21T23:10:30.275+0000] {logging_mixin.py:188} INFO - [2025-01-21T23:10:30.275+0000] {dag.py:3823} INFO - Setting next_dagrun for 16_branching to None, run_after=None
[2025-01-21T23:10:30.344+0000] {processor.py:183} INFO - Processing /opt/airflow/dags/16_branching.py took 0.239 seconds
[2025-01-21T23:11:00.380+0000] {processor.py:161} INFO - Started process (PID=28825) to work on /opt/airflow/dags/16_branching.py
[2025-01-21T23:11:00.382+0000] {processor.py:830} INFO - Processing file /opt/airflow/dags/16_branching.py for tasks to queue
[2025-01-21T23:11:00.384+0000] {logging_mixin.py:188} INFO - [2025-01-21T23:11:00.383+0000] {dagbag.py:538} INFO - Filling up the DagBag from /opt/airflow/dags/16_branching.py
[2025-01-21T23:11:00.403+0000] {processor.py:840} INFO - DAG(s) '16_branching' retrieved from /opt/airflow/dags/16_branching.py
[2025-01-21T23:11:00.699+0000] {logging_mixin.py:188} INFO - [2025-01-21T23:11:00.699+0000] {dag.py:3036} INFO - Sync 1 DAGs
[2025-01-21T23:11:00.724+0000] {logging_mixin.py:188} INFO - [2025-01-21T23:11:00.723+0000] {dag.py:3823} INFO - Setting next_dagrun for 16_branching to None, run_after=None
[2025-01-21T23:11:00.758+0000] {processor.py:183} INFO - Processing /opt/airflow/dags/16_branching.py took 0.383 seconds
[2025-01-21T23:11:31.060+0000] {processor.py:161} INFO - Started process (PID=28904) to work on /opt/airflow/dags/16_branching.py
[2025-01-21T23:11:31.068+0000] {processor.py:830} INFO - Processing file /opt/airflow/dags/16_branching.py for tasks to queue
[2025-01-21T23:11:31.072+0000] {logging_mixin.py:188} INFO - [2025-01-21T23:11:31.071+0000] {dagbag.py:538} INFO - Filling up the DagBag from /opt/airflow/dags/16_branching.py
[2025-01-21T23:11:31.093+0000] {processor.py:840} INFO - DAG(s) '16_branching' retrieved from /opt/airflow/dags/16_branching.py
[2025-01-21T23:11:31.594+0000] {logging_mixin.py:188} INFO - [2025-01-21T23:11:31.593+0000] {dag.py:3036} INFO - Sync 1 DAGs
[2025-01-21T23:11:31.652+0000] {logging_mixin.py:188} INFO - [2025-01-21T23:11:31.646+0000] {dag.py:3823} INFO - Setting next_dagrun for 16_branching to None, run_after=None
[2025-01-21T23:11:31.775+0000] {processor.py:183} INFO - Processing /opt/airflow/dags/16_branching.py took 0.720 seconds
[2025-01-21T23:12:01.946+0000] {processor.py:161} INFO - Started process (PID=28987) to work on /opt/airflow/dags/16_branching.py
[2025-01-21T23:12:01.948+0000] {processor.py:830} INFO - Processing file /opt/airflow/dags/16_branching.py for tasks to queue
[2025-01-21T23:12:01.950+0000] {logging_mixin.py:188} INFO - [2025-01-21T23:12:01.950+0000] {dagbag.py:538} INFO - Filling up the DagBag from /opt/airflow/dags/16_branching.py
[2025-01-21T23:12:01.965+0000] {processor.py:840} INFO - DAG(s) '16_branching' retrieved from /opt/airflow/dags/16_branching.py
[2025-01-21T23:12:02.005+0000] {logging_mixin.py:188} INFO - [2025-01-21T23:12:02.005+0000] {dag.py:3036} INFO - Sync 1 DAGs
[2025-01-21T23:12:02.031+0000] {logging_mixin.py:188} INFO - [2025-01-21T23:12:02.031+0000] {dag.py:3823} INFO - Setting next_dagrun for 16_branching to None, run_after=None
[2025-01-21T23:12:02.067+0000] {processor.py:183} INFO - Processing /opt/airflow/dags/16_branching.py took 0.131 seconds
[2025-01-21T23:12:32.226+0000] {processor.py:161} INFO - Started process (PID=29069) to work on /opt/airflow/dags/16_branching.py
[2025-01-21T23:12:32.227+0000] {processor.py:830} INFO - Processing file /opt/airflow/dags/16_branching.py for tasks to queue
[2025-01-21T23:12:32.229+0000] {logging_mixin.py:188} INFO - [2025-01-21T23:12:32.228+0000] {dagbag.py:538} INFO - Filling up the DagBag from /opt/airflow/dags/16_branching.py
[2025-01-21T23:12:32.244+0000] {processor.py:840} INFO - DAG(s) '16_branching' retrieved from /opt/airflow/dags/16_branching.py
[2025-01-21T23:12:32.526+0000] {logging_mixin.py:188} INFO - [2025-01-21T23:12:32.525+0000] {dag.py:3036} INFO - Sync 1 DAGs
[2025-01-21T23:12:32.551+0000] {logging_mixin.py:188} INFO - [2025-01-21T23:12:32.550+0000] {dag.py:3823} INFO - Setting next_dagrun for 16_branching to None, run_after=None
[2025-01-21T23:12:32.597+0000] {processor.py:183} INFO - Processing /opt/airflow/dags/16_branching.py took 0.376 seconds
[2025-01-21T23:13:03.034+0000] {processor.py:161} INFO - Started process (PID=29151) to work on /opt/airflow/dags/16_branching.py
[2025-01-21T23:13:03.036+0000] {processor.py:830} INFO - Processing file /opt/airflow/dags/16_branching.py for tasks to queue
[2025-01-21T23:13:03.037+0000] {logging_mixin.py:188} INFO - [2025-01-21T23:13:03.037+0000] {dagbag.py:538} INFO - Filling up the DagBag from /opt/airflow/dags/16_branching.py
[2025-01-21T23:13:03.048+0000] {processor.py:840} INFO - DAG(s) '16_branching' retrieved from /opt/airflow/dags/16_branching.py
[2025-01-21T23:13:03.284+0000] {logging_mixin.py:188} INFO - [2025-01-21T23:13:03.283+0000] {dag.py:3036} INFO - Sync 1 DAGs
[2025-01-21T23:13:03.307+0000] {logging_mixin.py:188} INFO - [2025-01-21T23:13:03.307+0000] {dag.py:3823} INFO - Setting next_dagrun for 16_branching to None, run_after=None
[2025-01-21T23:13:03.345+0000] {processor.py:183} INFO - Processing /opt/airflow/dags/16_branching.py took 0.316 seconds
[2025-01-21T23:13:33.514+0000] {processor.py:161} INFO - Started process (PID=29234) to work on /opt/airflow/dags/16_branching.py
[2025-01-21T23:13:33.515+0000] {processor.py:830} INFO - Processing file /opt/airflow/dags/16_branching.py for tasks to queue
[2025-01-21T23:13:33.518+0000] {logging_mixin.py:188} INFO - [2025-01-21T23:13:33.516+0000] {dagbag.py:538} INFO - Filling up the DagBag from /opt/airflow/dags/16_branching.py
[2025-01-21T23:13:33.531+0000] {processor.py:840} INFO - DAG(s) '16_branching' retrieved from /opt/airflow/dags/16_branching.py
[2025-01-21T23:13:33.768+0000] {logging_mixin.py:188} INFO - [2025-01-21T23:13:33.767+0000] {dag.py:3036} INFO - Sync 1 DAGs
[2025-01-21T23:13:33.792+0000] {logging_mixin.py:188} INFO - [2025-01-21T23:13:33.792+0000] {dag.py:3823} INFO - Setting next_dagrun for 16_branching to None, run_after=None
[2025-01-21T23:13:33.827+0000] {processor.py:183} INFO - Processing /opt/airflow/dags/16_branching.py took 0.318 seconds
[2025-01-21T23:14:04.342+0000] {processor.py:161} INFO - Started process (PID=29315) to work on /opt/airflow/dags/16_branching.py
[2025-01-21T23:14:04.356+0000] {processor.py:830} INFO - Processing file /opt/airflow/dags/16_branching.py for tasks to queue
[2025-01-21T23:14:04.358+0000] {logging_mixin.py:188} INFO - [2025-01-21T23:14:04.358+0000] {dagbag.py:538} INFO - Filling up the DagBag from /opt/airflow/dags/16_branching.py
[2025-01-21T23:14:04.389+0000] {processor.py:840} INFO - DAG(s) '16_branching' retrieved from /opt/airflow/dags/16_branching.py
[2025-01-21T23:14:04.619+0000] {logging_mixin.py:188} INFO - [2025-01-21T23:14:04.619+0000] {dag.py:3036} INFO - Sync 1 DAGs
[2025-01-21T23:14:04.648+0000] {logging_mixin.py:188} INFO - [2025-01-21T23:14:04.643+0000] {dag.py:3823} INFO - Setting next_dagrun for 16_branching to None, run_after=None
[2025-01-21T23:14:04.700+0000] {processor.py:183} INFO - Processing /opt/airflow/dags/16_branching.py took 0.363 seconds
[2025-01-21T23:14:35.077+0000] {processor.py:161} INFO - Started process (PID=29396) to work on /opt/airflow/dags/16_branching.py
[2025-01-21T23:14:35.080+0000] {processor.py:830} INFO - Processing file /opt/airflow/dags/16_branching.py for tasks to queue
[2025-01-21T23:14:35.081+0000] {logging_mixin.py:188} INFO - [2025-01-21T23:14:35.081+0000] {dagbag.py:538} INFO - Filling up the DagBag from /opt/airflow/dags/16_branching.py
[2025-01-21T23:14:35.096+0000] {processor.py:840} INFO - DAG(s) '16_branching' retrieved from /opt/airflow/dags/16_branching.py
[2025-01-21T23:14:35.491+0000] {logging_mixin.py:188} INFO - [2025-01-21T23:14:35.490+0000] {dag.py:3036} INFO - Sync 1 DAGs
[2025-01-21T23:14:35.534+0000] {logging_mixin.py:188} INFO - [2025-01-21T23:14:35.534+0000] {dag.py:3823} INFO - Setting next_dagrun for 16_branching to None, run_after=None
[2025-01-21T23:14:35.599+0000] {processor.py:183} INFO - Processing /opt/airflow/dags/16_branching.py took 0.533 seconds
[2025-01-21T23:15:06.019+0000] {processor.py:161} INFO - Started process (PID=29478) to work on /opt/airflow/dags/16_branching.py
[2025-01-21T23:15:06.023+0000] {processor.py:830} INFO - Processing file /opt/airflow/dags/16_branching.py for tasks to queue
[2025-01-21T23:15:06.024+0000] {logging_mixin.py:188} INFO - [2025-01-21T23:15:06.024+0000] {dagbag.py:538} INFO - Filling up the DagBag from /opt/airflow/dags/16_branching.py
[2025-01-21T23:15:06.045+0000] {processor.py:840} INFO - DAG(s) '16_branching' retrieved from /opt/airflow/dags/16_branching.py
[2025-01-21T23:15:06.445+0000] {logging_mixin.py:188} INFO - [2025-01-21T23:15:06.445+0000] {dag.py:3036} INFO - Sync 1 DAGs
[2025-01-21T23:15:06.466+0000] {logging_mixin.py:188} INFO - [2025-01-21T23:15:06.466+0000] {dag.py:3823} INFO - Setting next_dagrun for 16_branching to None, run_after=None
[2025-01-21T23:15:06.538+0000] {processor.py:183} INFO - Processing /opt/airflow/dags/16_branching.py took 0.528 seconds
[2025-01-21T23:15:36.867+0000] {processor.py:161} INFO - Started process (PID=29562) to work on /opt/airflow/dags/16_branching.py
[2025-01-21T23:15:36.868+0000] {processor.py:830} INFO - Processing file /opt/airflow/dags/16_branching.py for tasks to queue
[2025-01-21T23:15:36.870+0000] {logging_mixin.py:188} INFO - [2025-01-21T23:15:36.869+0000] {dagbag.py:538} INFO - Filling up the DagBag from /opt/airflow/dags/16_branching.py
[2025-01-21T23:15:36.883+0000] {processor.py:840} INFO - DAG(s) '16_branching' retrieved from /opt/airflow/dags/16_branching.py
[2025-01-21T23:15:36.918+0000] {logging_mixin.py:188} INFO - [2025-01-21T23:15:36.917+0000] {dag.py:3036} INFO - Sync 1 DAGs
[2025-01-21T23:15:36.941+0000] {logging_mixin.py:188} INFO - [2025-01-21T23:15:36.940+0000] {dag.py:3823} INFO - Setting next_dagrun for 16_branching to None, run_after=None
[2025-01-21T23:15:36.971+0000] {processor.py:183} INFO - Processing /opt/airflow/dags/16_branching.py took 0.109 seconds
[2025-01-21T23:16:07.219+0000] {processor.py:161} INFO - Started process (PID=29643) to work on /opt/airflow/dags/16_branching.py
[2025-01-21T23:16:07.221+0000] {processor.py:830} INFO - Processing file /opt/airflow/dags/16_branching.py for tasks to queue
[2025-01-21T23:16:07.222+0000] {logging_mixin.py:188} INFO - [2025-01-21T23:16:07.222+0000] {dagbag.py:538} INFO - Filling up the DagBag from /opt/airflow/dags/16_branching.py
[2025-01-21T23:16:07.238+0000] {processor.py:840} INFO - DAG(s) '16_branching' retrieved from /opt/airflow/dags/16_branching.py
[2025-01-21T23:16:07.311+0000] {logging_mixin.py:188} INFO - [2025-01-21T23:16:07.311+0000] {dag.py:3036} INFO - Sync 1 DAGs
[2025-01-21T23:16:07.353+0000] {logging_mixin.py:188} INFO - [2025-01-21T23:16:07.352+0000] {dag.py:3823} INFO - Setting next_dagrun for 16_branching to None, run_after=None
[2025-01-21T23:16:07.431+0000] {processor.py:183} INFO - Processing /opt/airflow/dags/16_branching.py took 0.216 seconds
[2025-01-21T23:16:37.738+0000] {processor.py:161} INFO - Started process (PID=29724) to work on /opt/airflow/dags/16_branching.py
[2025-01-21T23:16:37.739+0000] {processor.py:830} INFO - Processing file /opt/airflow/dags/16_branching.py for tasks to queue
[2025-01-21T23:16:37.741+0000] {logging_mixin.py:188} INFO - [2025-01-21T23:16:37.741+0000] {dagbag.py:538} INFO - Filling up the DagBag from /opt/airflow/dags/16_branching.py
[2025-01-21T23:16:37.755+0000] {processor.py:840} INFO - DAG(s) '16_branching' retrieved from /opt/airflow/dags/16_branching.py
[2025-01-21T23:16:37.824+0000] {logging_mixin.py:188} INFO - [2025-01-21T23:16:37.823+0000] {dag.py:3036} INFO - Sync 1 DAGs
[2025-01-21T23:16:37.849+0000] {logging_mixin.py:188} INFO - [2025-01-21T23:16:37.848+0000] {dag.py:3823} INFO - Setting next_dagrun for 16_branching to None, run_after=None
[2025-01-21T23:16:37.933+0000] {processor.py:183} INFO - Processing /opt/airflow/dags/16_branching.py took 0.202 seconds
[2025-01-21T23:17:08.012+0000] {processor.py:161} INFO - Started process (PID=29798) to work on /opt/airflow/dags/16_branching.py
[2025-01-21T23:17:08.014+0000] {processor.py:830} INFO - Processing file /opt/airflow/dags/16_branching.py for tasks to queue
[2025-01-21T23:17:08.016+0000] {logging_mixin.py:188} INFO - [2025-01-21T23:17:08.015+0000] {dagbag.py:538} INFO - Filling up the DagBag from /opt/airflow/dags/16_branching.py
[2025-01-21T23:17:08.029+0000] {processor.py:840} INFO - DAG(s) '16_branching' retrieved from /opt/airflow/dags/16_branching.py
[2025-01-21T23:17:08.200+0000] {logging_mixin.py:188} INFO - [2025-01-21T23:17:08.200+0000] {dag.py:3036} INFO - Sync 1 DAGs
[2025-01-21T23:17:08.218+0000] {logging_mixin.py:188} INFO - [2025-01-21T23:17:08.218+0000] {dag.py:3823} INFO - Setting next_dagrun for 16_branching to None, run_after=None
[2025-01-21T23:17:08.250+0000] {processor.py:183} INFO - Processing /opt/airflow/dags/16_branching.py took 0.242 seconds
[2025-01-21T23:17:38.659+0000] {processor.py:161} INFO - Started process (PID=29880) to work on /opt/airflow/dags/16_branching.py
[2025-01-21T23:17:38.661+0000] {processor.py:830} INFO - Processing file /opt/airflow/dags/16_branching.py for tasks to queue
[2025-01-21T23:17:38.662+0000] {logging_mixin.py:188} INFO - [2025-01-21T23:17:38.662+0000] {dagbag.py:538} INFO - Filling up the DagBag from /opt/airflow/dags/16_branching.py
[2025-01-21T23:17:38.675+0000] {processor.py:840} INFO - DAG(s) '16_branching' retrieved from /opt/airflow/dags/16_branching.py
[2025-01-21T23:17:38.716+0000] {logging_mixin.py:188} INFO - [2025-01-21T23:17:38.715+0000] {dag.py:3036} INFO - Sync 1 DAGs
[2025-01-21T23:17:38.740+0000] {logging_mixin.py:188} INFO - [2025-01-21T23:17:38.739+0000] {dag.py:3823} INFO - Setting next_dagrun for 16_branching to None, run_after=None
[2025-01-21T23:17:38.774+0000] {processor.py:183} INFO - Processing /opt/airflow/dags/16_branching.py took 0.120 seconds
[2025-01-21T23:18:09.365+0000] {processor.py:161} INFO - Started process (PID=29962) to work on /opt/airflow/dags/16_branching.py
[2025-01-21T23:18:09.367+0000] {processor.py:830} INFO - Processing file /opt/airflow/dags/16_branching.py for tasks to queue
[2025-01-21T23:18:09.368+0000] {logging_mixin.py:188} INFO - [2025-01-21T23:18:09.368+0000] {dagbag.py:538} INFO - Filling up the DagBag from /opt/airflow/dags/16_branching.py
[2025-01-21T23:18:09.382+0000] {processor.py:840} INFO - DAG(s) '16_branching' retrieved from /opt/airflow/dags/16_branching.py
[2025-01-21T23:18:09.419+0000] {logging_mixin.py:188} INFO - [2025-01-21T23:18:09.419+0000] {dag.py:3036} INFO - Sync 1 DAGs
[2025-01-21T23:18:09.445+0000] {logging_mixin.py:188} INFO - [2025-01-21T23:18:09.445+0000] {dag.py:3823} INFO - Setting next_dagrun for 16_branching to None, run_after=None
[2025-01-21T23:18:09.477+0000] {processor.py:183} INFO - Processing /opt/airflow/dags/16_branching.py took 0.117 seconds
[2025-01-21T23:18:39.746+0000] {processor.py:161} INFO - Started process (PID=30044) to work on /opt/airflow/dags/16_branching.py
[2025-01-21T23:18:39.747+0000] {processor.py:830} INFO - Processing file /opt/airflow/dags/16_branching.py for tasks to queue
[2025-01-21T23:18:39.748+0000] {logging_mixin.py:188} INFO - [2025-01-21T23:18:39.748+0000] {dagbag.py:538} INFO - Filling up the DagBag from /opt/airflow/dags/16_branching.py
[2025-01-21T23:18:39.760+0000] {processor.py:840} INFO - DAG(s) '16_branching' retrieved from /opt/airflow/dags/16_branching.py
[2025-01-21T23:18:39.796+0000] {logging_mixin.py:188} INFO - [2025-01-21T23:18:39.796+0000] {dag.py:3036} INFO - Sync 1 DAGs
[2025-01-21T23:18:39.821+0000] {logging_mixin.py:188} INFO - [2025-01-21T23:18:39.820+0000] {dag.py:3823} INFO - Setting next_dagrun for 16_branching to None, run_after=None
[2025-01-21T23:18:39.877+0000] {processor.py:183} INFO - Processing /opt/airflow/dags/16_branching.py took 0.136 seconds
[2025-01-21T23:19:10.299+0000] {processor.py:161} INFO - Started process (PID=30124) to work on /opt/airflow/dags/16_branching.py
[2025-01-21T23:19:10.301+0000] {processor.py:830} INFO - Processing file /opt/airflow/dags/16_branching.py for tasks to queue
[2025-01-21T23:19:10.302+0000] {logging_mixin.py:188} INFO - [2025-01-21T23:19:10.302+0000] {dagbag.py:538} INFO - Filling up the DagBag from /opt/airflow/dags/16_branching.py
[2025-01-21T23:19:10.315+0000] {processor.py:840} INFO - DAG(s) '16_branching' retrieved from /opt/airflow/dags/16_branching.py
[2025-01-21T23:19:10.518+0000] {logging_mixin.py:188} INFO - [2025-01-21T23:19:10.517+0000] {dag.py:3036} INFO - Sync 1 DAGs
[2025-01-21T23:19:10.543+0000] {logging_mixin.py:188} INFO - [2025-01-21T23:19:10.542+0000] {dag.py:3823} INFO - Setting next_dagrun for 16_branching to None, run_after=None
[2025-01-21T23:19:10.578+0000] {processor.py:183} INFO - Processing /opt/airflow/dags/16_branching.py took 0.283 seconds
[2025-01-21T23:19:41.223+0000] {processor.py:161} INFO - Started process (PID=30206) to work on /opt/airflow/dags/16_branching.py
[2025-01-21T23:19:41.224+0000] {processor.py:830} INFO - Processing file /opt/airflow/dags/16_branching.py for tasks to queue
[2025-01-21T23:19:41.225+0000] {logging_mixin.py:188} INFO - [2025-01-21T23:19:41.225+0000] {dagbag.py:538} INFO - Filling up the DagBag from /opt/airflow/dags/16_branching.py
[2025-01-21T23:19:41.241+0000] {processor.py:840} INFO - DAG(s) '16_branching' retrieved from /opt/airflow/dags/16_branching.py
[2025-01-21T23:19:41.280+0000] {logging_mixin.py:188} INFO - [2025-01-21T23:19:41.280+0000] {dag.py:3036} INFO - Sync 1 DAGs
[2025-01-21T23:19:41.319+0000] {logging_mixin.py:188} INFO - [2025-01-21T23:19:41.319+0000] {dag.py:3823} INFO - Setting next_dagrun for 16_branching to None, run_after=None
[2025-01-21T23:19:41.394+0000] {processor.py:183} INFO - Processing /opt/airflow/dags/16_branching.py took 0.175 seconds
[2025-01-21T23:20:11.772+0000] {processor.py:161} INFO - Started process (PID=30288) to work on /opt/airflow/dags/16_branching.py
[2025-01-21T23:20:11.773+0000] {processor.py:830} INFO - Processing file /opt/airflow/dags/16_branching.py for tasks to queue
[2025-01-21T23:20:11.775+0000] {logging_mixin.py:188} INFO - [2025-01-21T23:20:11.774+0000] {dagbag.py:538} INFO - Filling up the DagBag from /opt/airflow/dags/16_branching.py
[2025-01-21T23:20:11.812+0000] {processor.py:840} INFO - DAG(s) '16_branching' retrieved from /opt/airflow/dags/16_branching.py
[2025-01-21T23:20:12.107+0000] {logging_mixin.py:188} INFO - [2025-01-21T23:20:12.106+0000] {dag.py:3036} INFO - Sync 1 DAGs
[2025-01-21T23:20:12.143+0000] {logging_mixin.py:188} INFO - [2025-01-21T23:20:12.143+0000] {dag.py:3823} INFO - Setting next_dagrun for 16_branching to None, run_after=None
[2025-01-21T23:20:12.670+0000] {processor.py:183} INFO - Processing /opt/airflow/dags/16_branching.py took 0.904 seconds
[2025-01-21T23:20:43.524+0000] {processor.py:161} INFO - Started process (PID=30371) to work on /opt/airflow/dags/16_branching.py
[2025-01-21T23:20:43.530+0000] {processor.py:830} INFO - Processing file /opt/airflow/dags/16_branching.py for tasks to queue
[2025-01-21T23:20:43.537+0000] {logging_mixin.py:188} INFO - [2025-01-21T23:20:43.531+0000] {dagbag.py:538} INFO - Filling up the DagBag from /opt/airflow/dags/16_branching.py
[2025-01-21T23:20:43.566+0000] {processor.py:840} INFO - DAG(s) '16_branching' retrieved from /opt/airflow/dags/16_branching.py
[2025-01-21T23:20:43.652+0000] {logging_mixin.py:188} INFO - [2025-01-21T23:20:43.652+0000] {dag.py:3036} INFO - Sync 1 DAGs
[2025-01-21T23:20:43.678+0000] {logging_mixin.py:188} INFO - [2025-01-21T23:20:43.678+0000] {dag.py:3823} INFO - Setting next_dagrun for 16_branching to None, run_after=None
[2025-01-21T23:20:43.715+0000] {processor.py:183} INFO - Processing /opt/airflow/dags/16_branching.py took 0.202 seconds
[2025-01-21T23:21:14.121+0000] {processor.py:161} INFO - Started process (PID=30453) to work on /opt/airflow/dags/16_branching.py
[2025-01-21T23:21:14.124+0000] {processor.py:830} INFO - Processing file /opt/airflow/dags/16_branching.py for tasks to queue
[2025-01-21T23:21:14.125+0000] {logging_mixin.py:188} INFO - [2025-01-21T23:21:14.125+0000] {dagbag.py:538} INFO - Filling up the DagBag from /opt/airflow/dags/16_branching.py
[2025-01-21T23:21:14.142+0000] {processor.py:840} INFO - DAG(s) '16_branching' retrieved from /opt/airflow/dags/16_branching.py
[2025-01-21T23:21:14.204+0000] {logging_mixin.py:188} INFO - [2025-01-21T23:21:14.203+0000] {dag.py:3036} INFO - Sync 1 DAGs
[2025-01-21T23:21:14.251+0000] {logging_mixin.py:188} INFO - [2025-01-21T23:21:14.250+0000] {dag.py:3823} INFO - Setting next_dagrun for 16_branching to None, run_after=None
[2025-01-21T23:21:14.332+0000] {processor.py:183} INFO - Processing /opt/airflow/dags/16_branching.py took 0.225 seconds
[2025-01-21T23:21:44.576+0000] {processor.py:161} INFO - Started process (PID=30535) to work on /opt/airflow/dags/16_branching.py
[2025-01-21T23:21:44.578+0000] {processor.py:830} INFO - Processing file /opt/airflow/dags/16_branching.py for tasks to queue
[2025-01-21T23:21:44.582+0000] {logging_mixin.py:188} INFO - [2025-01-21T23:21:44.582+0000] {dagbag.py:538} INFO - Filling up the DagBag from /opt/airflow/dags/16_branching.py
[2025-01-21T23:21:44.602+0000] {processor.py:840} INFO - DAG(s) '16_branching' retrieved from /opt/airflow/dags/16_branching.py
[2025-01-21T23:21:44.654+0000] {logging_mixin.py:188} INFO - [2025-01-21T23:21:44.653+0000] {dag.py:3036} INFO - Sync 1 DAGs
[2025-01-21T23:21:44.678+0000] {logging_mixin.py:188} INFO - [2025-01-21T23:21:44.678+0000] {dag.py:3823} INFO - Setting next_dagrun for 16_branching to None, run_after=None
[2025-01-21T23:21:44.740+0000] {processor.py:183} INFO - Processing /opt/airflow/dags/16_branching.py took 0.181 seconds
[2025-01-21T23:22:14.837+0000] {processor.py:161} INFO - Started process (PID=30619) to work on /opt/airflow/dags/16_branching.py
[2025-01-21T23:22:14.838+0000] {processor.py:830} INFO - Processing file /opt/airflow/dags/16_branching.py for tasks to queue
[2025-01-21T23:22:14.840+0000] {logging_mixin.py:188} INFO - [2025-01-21T23:22:14.840+0000] {dagbag.py:538} INFO - Filling up the DagBag from /opt/airflow/dags/16_branching.py
[2025-01-21T23:22:14.854+0000] {processor.py:840} INFO - DAG(s) '16_branching' retrieved from /opt/airflow/dags/16_branching.py
[2025-01-21T23:22:15.104+0000] {logging_mixin.py:188} INFO - [2025-01-21T23:22:15.104+0000] {dag.py:3036} INFO - Sync 1 DAGs
[2025-01-21T23:22:15.134+0000] {logging_mixin.py:188} INFO - [2025-01-21T23:22:15.134+0000] {dag.py:3823} INFO - Setting next_dagrun for 16_branching to None, run_after=None
[2025-01-21T23:22:15.199+0000] {processor.py:183} INFO - Processing /opt/airflow/dags/16_branching.py took 0.367 seconds
[2025-01-21T23:22:46.072+0000] {processor.py:161} INFO - Started process (PID=30702) to work on /opt/airflow/dags/16_branching.py
[2025-01-21T23:22:46.074+0000] {processor.py:830} INFO - Processing file /opt/airflow/dags/16_branching.py for tasks to queue
[2025-01-21T23:22:46.078+0000] {logging_mixin.py:188} INFO - [2025-01-21T23:22:46.078+0000] {dagbag.py:538} INFO - Filling up the DagBag from /opt/airflow/dags/16_branching.py
[2025-01-21T23:22:46.100+0000] {processor.py:840} INFO - DAG(s) '16_branching' retrieved from /opt/airflow/dags/16_branching.py
[2025-01-21T23:22:46.399+0000] {logging_mixin.py:188} INFO - [2025-01-21T23:22:46.399+0000] {dag.py:3036} INFO - Sync 1 DAGs
[2025-01-21T23:22:46.426+0000] {logging_mixin.py:188} INFO - [2025-01-21T23:22:46.426+0000] {dag.py:3823} INFO - Setting next_dagrun for 16_branching to None, run_after=None
[2025-01-21T23:22:46.501+0000] {processor.py:183} INFO - Processing /opt/airflow/dags/16_branching.py took 0.447 seconds
[2025-01-21T23:23:16.840+0000] {processor.py:161} INFO - Started process (PID=30785) to work on /opt/airflow/dags/16_branching.py
[2025-01-21T23:23:16.843+0000] {processor.py:830} INFO - Processing file /opt/airflow/dags/16_branching.py for tasks to queue
[2025-01-21T23:23:16.844+0000] {logging_mixin.py:188} INFO - [2025-01-21T23:23:16.843+0000] {dagbag.py:538} INFO - Filling up the DagBag from /opt/airflow/dags/16_branching.py
[2025-01-21T23:23:16.871+0000] {processor.py:840} INFO - DAG(s) '16_branching' retrieved from /opt/airflow/dags/16_branching.py
[2025-01-21T23:23:17.419+0000] {logging_mixin.py:188} INFO - [2025-01-21T23:23:17.417+0000] {dag.py:3036} INFO - Sync 1 DAGs
[2025-01-21T23:23:17.458+0000] {logging_mixin.py:188} INFO - [2025-01-21T23:23:17.458+0000] {dag.py:3823} INFO - Setting next_dagrun for 16_branching to None, run_after=None
[2025-01-21T23:23:17.581+0000] {processor.py:183} INFO - Processing /opt/airflow/dags/16_branching.py took 0.758 seconds
[2025-01-21T23:23:48.284+0000] {processor.py:161} INFO - Started process (PID=30870) to work on /opt/airflow/dags/16_branching.py
[2025-01-21T23:23:48.296+0000] {processor.py:830} INFO - Processing file /opt/airflow/dags/16_branching.py for tasks to queue
[2025-01-21T23:23:48.297+0000] {logging_mixin.py:188} INFO - [2025-01-21T23:23:48.296+0000] {dagbag.py:538} INFO - Filling up the DagBag from /opt/airflow/dags/16_branching.py
[2025-01-21T23:23:48.319+0000] {processor.py:840} INFO - DAG(s) '16_branching' retrieved from /opt/airflow/dags/16_branching.py
[2025-01-21T23:23:49.327+0000] {logging_mixin.py:188} INFO - [2025-01-21T23:23:49.327+0000] {dag.py:3036} INFO - Sync 1 DAGs
[2025-01-21T23:23:49.386+0000] {logging_mixin.py:188} INFO - [2025-01-21T23:23:49.386+0000] {dag.py:3823} INFO - Setting next_dagrun for 16_branching to None, run_after=None
[2025-01-21T23:23:49.448+0000] {processor.py:183} INFO - Processing /opt/airflow/dags/16_branching.py took 1.177 seconds
[2025-01-21T23:24:19.973+0000] {processor.py:161} INFO - Started process (PID=30955) to work on /opt/airflow/dags/16_branching.py
[2025-01-21T23:24:19.974+0000] {processor.py:830} INFO - Processing file /opt/airflow/dags/16_branching.py for tasks to queue
[2025-01-21T23:24:19.984+0000] {logging_mixin.py:188} INFO - [2025-01-21T23:24:19.983+0000] {dagbag.py:538} INFO - Filling up the DagBag from /opt/airflow/dags/16_branching.py
[2025-01-21T23:24:20.014+0000] {processor.py:840} INFO - DAG(s) '16_branching' retrieved from /opt/airflow/dags/16_branching.py
[2025-01-21T23:24:20.114+0000] {logging_mixin.py:188} INFO - [2025-01-21T23:24:20.112+0000] {dag.py:3036} INFO - Sync 1 DAGs
[2025-01-21T23:24:20.172+0000] {logging_mixin.py:188} INFO - [2025-01-21T23:24:20.172+0000] {dag.py:3823} INFO - Setting next_dagrun for 16_branching to None, run_after=None
[2025-01-21T23:24:20.286+0000] {processor.py:183} INFO - Processing /opt/airflow/dags/16_branching.py took 0.327 seconds
[2025-01-21T23:24:50.343+0000] {processor.py:161} INFO - Started process (PID=31038) to work on /opt/airflow/dags/16_branching.py
[2025-01-21T23:24:50.344+0000] {processor.py:830} INFO - Processing file /opt/airflow/dags/16_branching.py for tasks to queue
[2025-01-21T23:24:50.346+0000] {logging_mixin.py:188} INFO - [2025-01-21T23:24:50.345+0000] {dagbag.py:538} INFO - Filling up the DagBag from /opt/airflow/dags/16_branching.py
[2025-01-21T23:24:50.359+0000] {processor.py:840} INFO - DAG(s) '16_branching' retrieved from /opt/airflow/dags/16_branching.py
[2025-01-21T23:24:50.397+0000] {logging_mixin.py:188} INFO - [2025-01-21T23:24:50.396+0000] {dag.py:3036} INFO - Sync 1 DAGs
[2025-01-21T23:24:50.421+0000] {logging_mixin.py:188} INFO - [2025-01-21T23:24:50.420+0000] {dag.py:3823} INFO - Setting next_dagrun for 16_branching to None, run_after=None
[2025-01-21T23:24:50.455+0000] {processor.py:183} INFO - Processing /opt/airflow/dags/16_branching.py took 0.117 seconds
[2025-01-21T23:25:20.575+0000] {processor.py:161} INFO - Started process (PID=31123) to work on /opt/airflow/dags/16_branching.py
[2025-01-21T23:25:20.583+0000] {processor.py:830} INFO - Processing file /opt/airflow/dags/16_branching.py for tasks to queue
[2025-01-21T23:25:20.585+0000] {logging_mixin.py:188} INFO - [2025-01-21T23:25:20.584+0000] {dagbag.py:538} INFO - Filling up the DagBag from /opt/airflow/dags/16_branching.py
[2025-01-21T23:25:20.599+0000] {processor.py:840} INFO - DAG(s) '16_branching' retrieved from /opt/airflow/dags/16_branching.py
[2025-01-21T23:25:20.629+0000] {logging_mixin.py:188} INFO - [2025-01-21T23:25:20.629+0000] {dag.py:3036} INFO - Sync 1 DAGs
[2025-01-21T23:25:20.649+0000] {logging_mixin.py:188} INFO - [2025-01-21T23:25:20.649+0000] {dag.py:3823} INFO - Setting next_dagrun for 16_branching to None, run_after=None
[2025-01-21T23:25:20.677+0000] {processor.py:183} INFO - Processing /opt/airflow/dags/16_branching.py took 0.107 seconds
[2025-01-21T23:25:51.182+0000] {processor.py:161} INFO - Started process (PID=31205) to work on /opt/airflow/dags/16_branching.py
[2025-01-21T23:25:51.187+0000] {processor.py:830} INFO - Processing file /opt/airflow/dags/16_branching.py for tasks to queue
[2025-01-21T23:25:51.189+0000] {logging_mixin.py:188} INFO - [2025-01-21T23:25:51.189+0000] {dagbag.py:538} INFO - Filling up the DagBag from /opt/airflow/dags/16_branching.py
[2025-01-21T23:25:51.219+0000] {processor.py:840} INFO - DAG(s) '16_branching' retrieved from /opt/airflow/dags/16_branching.py
[2025-01-21T23:25:51.282+0000] {logging_mixin.py:188} INFO - [2025-01-21T23:25:51.282+0000] {dag.py:3036} INFO - Sync 1 DAGs
[2025-01-21T23:25:51.308+0000] {logging_mixin.py:188} INFO - [2025-01-21T23:25:51.307+0000] {dag.py:3823} INFO - Setting next_dagrun for 16_branching to None, run_after=None
[2025-01-21T23:25:51.359+0000] {processor.py:183} INFO - Processing /opt/airflow/dags/16_branching.py took 0.181 seconds
[2025-01-21T23:26:22.227+0000] {processor.py:161} INFO - Started process (PID=31288) to work on /opt/airflow/dags/16_branching.py
[2025-01-21T23:26:22.234+0000] {processor.py:830} INFO - Processing file /opt/airflow/dags/16_branching.py for tasks to queue
[2025-01-21T23:26:22.235+0000] {logging_mixin.py:188} INFO - [2025-01-21T23:26:22.235+0000] {dagbag.py:538} INFO - Filling up the DagBag from /opt/airflow/dags/16_branching.py
[2025-01-21T23:26:22.253+0000] {processor.py:840} INFO - DAG(s) '16_branching' retrieved from /opt/airflow/dags/16_branching.py
[2025-01-21T23:26:22.316+0000] {logging_mixin.py:188} INFO - [2025-01-21T23:26:22.315+0000] {dag.py:3036} INFO - Sync 1 DAGs
[2025-01-21T23:26:22.342+0000] {logging_mixin.py:188} INFO - [2025-01-21T23:26:22.342+0000] {dag.py:3823} INFO - Setting next_dagrun for 16_branching to None, run_after=None
[2025-01-21T23:26:22.410+0000] {processor.py:183} INFO - Processing /opt/airflow/dags/16_branching.py took 0.192 seconds
[2025-01-21T23:26:52.855+0000] {processor.py:161} INFO - Started process (PID=31371) to work on /opt/airflow/dags/16_branching.py
[2025-01-21T23:26:52.857+0000] {processor.py:830} INFO - Processing file /opt/airflow/dags/16_branching.py for tasks to queue
[2025-01-21T23:26:52.858+0000] {logging_mixin.py:188} INFO - [2025-01-21T23:26:52.858+0000] {dagbag.py:538} INFO - Filling up the DagBag from /opt/airflow/dags/16_branching.py
[2025-01-21T23:26:52.884+0000] {processor.py:840} INFO - DAG(s) '16_branching' retrieved from /opt/airflow/dags/16_branching.py
[2025-01-21T23:26:53.678+0000] {logging_mixin.py:188} INFO - [2025-01-21T23:26:53.678+0000] {dag.py:3036} INFO - Sync 1 DAGs
[2025-01-21T23:26:53.716+0000] {logging_mixin.py:188} INFO - [2025-01-21T23:26:53.715+0000] {dag.py:3823} INFO - Setting next_dagrun for 16_branching to None, run_after=None
[2025-01-21T23:26:53.787+0000] {processor.py:183} INFO - Processing /opt/airflow/dags/16_branching.py took 0.944 seconds
[2025-01-21T23:27:23.968+0000] {processor.py:161} INFO - Started process (PID=31454) to work on /opt/airflow/dags/16_branching.py
[2025-01-21T23:27:23.969+0000] {processor.py:830} INFO - Processing file /opt/airflow/dags/16_branching.py for tasks to queue
[2025-01-21T23:27:23.971+0000] {logging_mixin.py:188} INFO - [2025-01-21T23:27:23.971+0000] {dagbag.py:538} INFO - Filling up the DagBag from /opt/airflow/dags/16_branching.py
[2025-01-21T23:27:24.007+0000] {processor.py:840} INFO - DAG(s) '16_branching' retrieved from /opt/airflow/dags/16_branching.py
[2025-01-21T23:27:24.758+0000] {logging_mixin.py:188} INFO - [2025-01-21T23:27:24.758+0000] {dag.py:3036} INFO - Sync 1 DAGs
[2025-01-21T23:27:24.794+0000] {logging_mixin.py:188} INFO - [2025-01-21T23:27:24.794+0000] {dag.py:3823} INFO - Setting next_dagrun for 16_branching to None, run_after=None
[2025-01-21T23:27:24.869+0000] {processor.py:183} INFO - Processing /opt/airflow/dags/16_branching.py took 0.918 seconds
[2025-01-21T23:27:55.761+0000] {processor.py:161} INFO - Started process (PID=31538) to work on /opt/airflow/dags/16_branching.py
[2025-01-21T23:27:55.767+0000] {processor.py:830} INFO - Processing file /opt/airflow/dags/16_branching.py for tasks to queue
[2025-01-21T23:27:55.769+0000] {logging_mixin.py:188} INFO - [2025-01-21T23:27:55.768+0000] {dagbag.py:538} INFO - Filling up the DagBag from /opt/airflow/dags/16_branching.py
[2025-01-21T23:27:55.807+0000] {processor.py:840} INFO - DAG(s) '16_branching' retrieved from /opt/airflow/dags/16_branching.py
[2025-01-21T23:27:55.904+0000] {logging_mixin.py:188} INFO - [2025-01-21T23:27:55.904+0000] {dag.py:3036} INFO - Sync 1 DAGs
[2025-01-21T23:27:56.526+0000] {logging_mixin.py:188} INFO - [2025-01-21T23:27:56.526+0000] {dag.py:3823} INFO - Setting next_dagrun for 16_branching to None, run_after=None
[2025-01-21T23:27:56.614+0000] {processor.py:183} INFO - Processing /opt/airflow/dags/16_branching.py took 0.865 seconds
[2025-01-21T23:28:27.448+0000] {processor.py:161} INFO - Started process (PID=31620) to work on /opt/airflow/dags/16_branching.py
[2025-01-21T23:28:27.449+0000] {processor.py:830} INFO - Processing file /opt/airflow/dags/16_branching.py for tasks to queue
[2025-01-21T23:28:27.451+0000] {logging_mixin.py:188} INFO - [2025-01-21T23:28:27.450+0000] {dagbag.py:538} INFO - Filling up the DagBag from /opt/airflow/dags/16_branching.py
[2025-01-21T23:28:27.502+0000] {processor.py:840} INFO - DAG(s) '16_branching' retrieved from /opt/airflow/dags/16_branching.py
[2025-01-21T23:28:28.617+0000] {logging_mixin.py:188} INFO - [2025-01-21T23:28:28.617+0000] {dag.py:3036} INFO - Sync 1 DAGs
[2025-01-21T23:28:28.675+0000] {logging_mixin.py:188} INFO - [2025-01-21T23:28:28.674+0000] {dag.py:3823} INFO - Setting next_dagrun for 16_branching to None, run_after=None
[2025-01-21T23:28:28.784+0000] {processor.py:183} INFO - Processing /opt/airflow/dags/16_branching.py took 1.341 seconds
[2025-01-21T23:28:58.946+0000] {processor.py:161} INFO - Started process (PID=31698) to work on /opt/airflow/dags/16_branching.py
[2025-01-21T23:28:58.947+0000] {processor.py:830} INFO - Processing file /opt/airflow/dags/16_branching.py for tasks to queue
[2025-01-21T23:28:58.949+0000] {logging_mixin.py:188} INFO - [2025-01-21T23:28:58.948+0000] {dagbag.py:538} INFO - Filling up the DagBag from /opt/airflow/dags/16_branching.py
[2025-01-21T23:28:58.962+0000] {processor.py:840} INFO - DAG(s) '16_branching' retrieved from /opt/airflow/dags/16_branching.py
[2025-01-21T23:28:59.173+0000] {logging_mixin.py:188} INFO - [2025-01-21T23:28:59.172+0000] {dag.py:3036} INFO - Sync 1 DAGs
[2025-01-21T23:28:59.194+0000] {logging_mixin.py:188} INFO - [2025-01-21T23:28:59.193+0000] {dag.py:3823} INFO - Setting next_dagrun for 16_branching to None, run_after=None
[2025-01-21T23:28:59.235+0000] {processor.py:183} INFO - Processing /opt/airflow/dags/16_branching.py took 0.293 seconds
[2025-01-21T23:29:29.383+0000] {processor.py:161} INFO - Started process (PID=31783) to work on /opt/airflow/dags/16_branching.py
[2025-01-21T23:29:29.388+0000] {processor.py:830} INFO - Processing file /opt/airflow/dags/16_branching.py for tasks to queue
[2025-01-21T23:29:29.396+0000] {logging_mixin.py:188} INFO - [2025-01-21T23:29:29.395+0000] {dagbag.py:538} INFO - Filling up the DagBag from /opt/airflow/dags/16_branching.py
[2025-01-21T23:29:29.417+0000] {processor.py:840} INFO - DAG(s) '16_branching' retrieved from /opt/airflow/dags/16_branching.py
[2025-01-21T23:29:29.495+0000] {logging_mixin.py:188} INFO - [2025-01-21T23:29:29.495+0000] {dag.py:3036} INFO - Sync 1 DAGs
[2025-01-21T23:29:29.519+0000] {logging_mixin.py:188} INFO - [2025-01-21T23:29:29.519+0000] {dag.py:3823} INFO - Setting next_dagrun for 16_branching to None, run_after=None
[2025-01-21T23:29:29.550+0000] {processor.py:183} INFO - Processing /opt/airflow/dags/16_branching.py took 0.178 seconds
[2025-01-21T23:29:59.597+0000] {processor.py:161} INFO - Started process (PID=31866) to work on /opt/airflow/dags/16_branching.py
[2025-01-21T23:29:59.598+0000] {processor.py:830} INFO - Processing file /opt/airflow/dags/16_branching.py for tasks to queue
[2025-01-21T23:29:59.600+0000] {logging_mixin.py:188} INFO - [2025-01-21T23:29:59.599+0000] {dagbag.py:538} INFO - Filling up the DagBag from /opt/airflow/dags/16_branching.py
[2025-01-21T23:29:59.614+0000] {processor.py:840} INFO - DAG(s) '16_branching' retrieved from /opt/airflow/dags/16_branching.py
[2025-01-21T23:29:59.662+0000] {logging_mixin.py:188} INFO - [2025-01-21T23:29:59.662+0000] {dag.py:3036} INFO - Sync 1 DAGs
[2025-01-21T23:29:59.692+0000] {logging_mixin.py:188} INFO - [2025-01-21T23:29:59.692+0000] {dag.py:3823} INFO - Setting next_dagrun for 16_branching to None, run_after=None
[2025-01-21T23:29:59.732+0000] {processor.py:183} INFO - Processing /opt/airflow/dags/16_branching.py took 0.141 seconds
[2025-01-21T23:30:30.361+0000] {processor.py:161} INFO - Started process (PID=31950) to work on /opt/airflow/dags/16_branching.py
[2025-01-21T23:30:30.363+0000] {processor.py:830} INFO - Processing file /opt/airflow/dags/16_branching.py for tasks to queue
[2025-01-21T23:30:30.365+0000] {logging_mixin.py:188} INFO - [2025-01-21T23:30:30.364+0000] {dagbag.py:538} INFO - Filling up the DagBag from /opt/airflow/dags/16_branching.py
[2025-01-21T23:30:30.392+0000] {processor.py:840} INFO - DAG(s) '16_branching' retrieved from /opt/airflow/dags/16_branching.py
[2025-01-21T23:30:30.441+0000] {logging_mixin.py:188} INFO - [2025-01-21T23:30:30.440+0000] {dag.py:3036} INFO - Sync 1 DAGs
[2025-01-21T23:30:30.466+0000] {logging_mixin.py:188} INFO - [2025-01-21T23:30:30.465+0000] {dag.py:3823} INFO - Setting next_dagrun for 16_branching to None, run_after=None
[2025-01-21T23:30:30.499+0000] {processor.py:183} INFO - Processing /opt/airflow/dags/16_branching.py took 0.143 seconds
[2025-01-21T23:31:01.081+0000] {processor.py:161} INFO - Started process (PID=32034) to work on /opt/airflow/dags/16_branching.py
[2025-01-21T23:31:01.082+0000] {processor.py:830} INFO - Processing file /opt/airflow/dags/16_branching.py for tasks to queue
[2025-01-21T23:31:01.087+0000] {logging_mixin.py:188} INFO - [2025-01-21T23:31:01.085+0000] {dagbag.py:538} INFO - Filling up the DagBag from /opt/airflow/dags/16_branching.py
[2025-01-21T23:31:01.099+0000] {processor.py:840} INFO - DAG(s) '16_branching' retrieved from /opt/airflow/dags/16_branching.py
[2025-01-21T23:31:01.136+0000] {logging_mixin.py:188} INFO - [2025-01-21T23:31:01.136+0000] {dag.py:3036} INFO - Sync 1 DAGs
[2025-01-21T23:31:01.160+0000] {logging_mixin.py:188} INFO - [2025-01-21T23:31:01.159+0000] {dag.py:3823} INFO - Setting next_dagrun for 16_branching to None, run_after=None
[2025-01-21T23:31:01.193+0000] {processor.py:183} INFO - Processing /opt/airflow/dags/16_branching.py took 0.119 seconds
[2025-01-21T23:31:31.701+0000] {processor.py:161} INFO - Started process (PID=32118) to work on /opt/airflow/dags/16_branching.py
[2025-01-21T23:31:31.703+0000] {processor.py:830} INFO - Processing file /opt/airflow/dags/16_branching.py for tasks to queue
[2025-01-21T23:31:31.704+0000] {logging_mixin.py:188} INFO - [2025-01-21T23:31:31.704+0000] {dagbag.py:538} INFO - Filling up the DagBag from /opt/airflow/dags/16_branching.py
[2025-01-21T23:31:31.717+0000] {processor.py:840} INFO - DAG(s) '16_branching' retrieved from /opt/airflow/dags/16_branching.py
[2025-01-21T23:31:31.756+0000] {logging_mixin.py:188} INFO - [2025-01-21T23:31:31.756+0000] {dag.py:3036} INFO - Sync 1 DAGs
[2025-01-21T23:31:31.780+0000] {logging_mixin.py:188} INFO - [2025-01-21T23:31:31.780+0000] {dag.py:3823} INFO - Setting next_dagrun for 16_branching to None, run_after=None
[2025-01-21T23:31:31.815+0000] {processor.py:183} INFO - Processing /opt/airflow/dags/16_branching.py took 0.119 seconds
[2025-01-21T23:32:02.239+0000] {processor.py:161} INFO - Started process (PID=32201) to work on /opt/airflow/dags/16_branching.py
[2025-01-21T23:32:02.240+0000] {processor.py:830} INFO - Processing file /opt/airflow/dags/16_branching.py for tasks to queue
[2025-01-21T23:32:02.244+0000] {logging_mixin.py:188} INFO - [2025-01-21T23:32:02.243+0000] {dagbag.py:538} INFO - Filling up the DagBag from /opt/airflow/dags/16_branching.py
[2025-01-21T23:32:02.262+0000] {processor.py:840} INFO - DAG(s) '16_branching' retrieved from /opt/airflow/dags/16_branching.py
[2025-01-21T23:32:02.339+0000] {logging_mixin.py:188} INFO - [2025-01-21T23:32:02.338+0000] {dag.py:3036} INFO - Sync 1 DAGs
[2025-01-21T23:32:02.385+0000] {logging_mixin.py:188} INFO - [2025-01-21T23:32:02.385+0000] {dag.py:3823} INFO - Setting next_dagrun for 16_branching to None, run_after=None
[2025-01-21T23:32:02.454+0000] {processor.py:183} INFO - Processing /opt/airflow/dags/16_branching.py took 0.226 seconds
[2025-01-21T23:32:32.954+0000] {processor.py:161} INFO - Started process (PID=32285) to work on /opt/airflow/dags/16_branching.py
[2025-01-21T23:32:32.962+0000] {processor.py:830} INFO - Processing file /opt/airflow/dags/16_branching.py for tasks to queue
[2025-01-21T23:32:32.963+0000] {logging_mixin.py:188} INFO - [2025-01-21T23:32:32.963+0000] {dagbag.py:538} INFO - Filling up the DagBag from /opt/airflow/dags/16_branching.py
[2025-01-21T23:32:32.986+0000] {processor.py:840} INFO - DAG(s) '16_branching' retrieved from /opt/airflow/dags/16_branching.py
[2025-01-21T23:32:33.056+0000] {logging_mixin.py:188} INFO - [2025-01-21T23:32:33.055+0000] {dag.py:3036} INFO - Sync 1 DAGs
[2025-01-21T23:32:33.117+0000] {logging_mixin.py:188} INFO - [2025-01-21T23:32:33.116+0000] {dag.py:3823} INFO - Setting next_dagrun for 16_branching to None, run_after=None
[2025-01-21T23:32:33.220+0000] {processor.py:183} INFO - Processing /opt/airflow/dags/16_branching.py took 0.277 seconds
[2025-01-21T23:33:03.888+0000] {processor.py:161} INFO - Started process (PID=32370) to work on /opt/airflow/dags/16_branching.py
[2025-01-21T23:33:03.889+0000] {processor.py:830} INFO - Processing file /opt/airflow/dags/16_branching.py for tasks to queue
[2025-01-21T23:33:03.899+0000] {logging_mixin.py:188} INFO - [2025-01-21T23:33:03.890+0000] {dagbag.py:538} INFO - Filling up the DagBag from /opt/airflow/dags/16_branching.py
[2025-01-21T23:33:03.927+0000] {processor.py:840} INFO - DAG(s) '16_branching' retrieved from /opt/airflow/dags/16_branching.py
[2025-01-21T23:33:04.017+0000] {logging_mixin.py:188} INFO - [2025-01-21T23:33:04.017+0000] {dag.py:3036} INFO - Sync 1 DAGs
[2025-01-21T23:33:04.099+0000] {logging_mixin.py:188} INFO - [2025-01-21T23:33:04.098+0000] {dag.py:3823} INFO - Setting next_dagrun for 16_branching to None, run_after=None
[2025-01-21T23:33:04.187+0000] {processor.py:183} INFO - Processing /opt/airflow/dags/16_branching.py took 0.304 seconds
[2025-01-21T23:33:34.233+0000] {processor.py:161} INFO - Started process (PID=32455) to work on /opt/airflow/dags/16_branching.py
[2025-01-21T23:33:34.239+0000] {processor.py:830} INFO - Processing file /opt/airflow/dags/16_branching.py for tasks to queue
[2025-01-21T23:33:34.241+0000] {logging_mixin.py:188} INFO - [2025-01-21T23:33:34.240+0000] {dagbag.py:538} INFO - Filling up the DagBag from /opt/airflow/dags/16_branching.py
[2025-01-21T23:33:34.262+0000] {processor.py:840} INFO - DAG(s) '16_branching' retrieved from /opt/airflow/dags/16_branching.py
[2025-01-21T23:33:34.463+0000] {logging_mixin.py:188} INFO - [2025-01-21T23:33:34.462+0000] {dag.py:3036} INFO - Sync 1 DAGs
[2025-01-21T23:33:34.486+0000] {logging_mixin.py:188} INFO - [2025-01-21T23:33:34.486+0000] {dag.py:3823} INFO - Setting next_dagrun for 16_branching to None, run_after=None
[2025-01-21T23:33:34.520+0000] {processor.py:183} INFO - Processing /opt/airflow/dags/16_branching.py took 0.292 seconds
[2025-01-21T23:34:04.603+0000] {processor.py:161} INFO - Started process (PID=32540) to work on /opt/airflow/dags/16_branching.py
[2025-01-21T23:34:04.605+0000] {processor.py:830} INFO - Processing file /opt/airflow/dags/16_branching.py for tasks to queue
[2025-01-21T23:34:04.606+0000] {logging_mixin.py:188} INFO - [2025-01-21T23:34:04.606+0000] {dagbag.py:538} INFO - Filling up the DagBag from /opt/airflow/dags/16_branching.py
[2025-01-21T23:34:04.622+0000] {processor.py:840} INFO - DAG(s) '16_branching' retrieved from /opt/airflow/dags/16_branching.py
[2025-01-21T23:34:04.834+0000] {logging_mixin.py:188} INFO - [2025-01-21T23:34:04.833+0000] {dag.py:3036} INFO - Sync 1 DAGs
[2025-01-21T23:34:04.856+0000] {logging_mixin.py:188} INFO - [2025-01-21T23:34:04.855+0000] {dag.py:3823} INFO - Setting next_dagrun for 16_branching to None, run_after=None
[2025-01-21T23:34:04.893+0000] {processor.py:183} INFO - Processing /opt/airflow/dags/16_branching.py took 0.294 seconds
[2025-01-21T23:34:35.697+0000] {processor.py:161} INFO - Started process (PID=32626) to work on /opt/airflow/dags/16_branching.py
[2025-01-21T23:34:35.711+0000] {processor.py:830} INFO - Processing file /opt/airflow/dags/16_branching.py for tasks to queue
[2025-01-21T23:34:35.713+0000] {logging_mixin.py:188} INFO - [2025-01-21T23:34:35.712+0000] {dagbag.py:538} INFO - Filling up the DagBag from /opt/airflow/dags/16_branching.py
[2025-01-21T23:34:35.758+0000] {processor.py:840} INFO - DAG(s) '16_branching' retrieved from /opt/airflow/dags/16_branching.py
[2025-01-21T23:34:36.336+0000] {logging_mixin.py:188} INFO - [2025-01-21T23:34:36.336+0000] {dag.py:3036} INFO - Sync 1 DAGs
[2025-01-21T23:34:36.373+0000] {logging_mixin.py:188} INFO - [2025-01-21T23:34:36.372+0000] {dag.py:3823} INFO - Setting next_dagrun for 16_branching to None, run_after=None
[2025-01-21T23:34:36.491+0000] {processor.py:183} INFO - Processing /opt/airflow/dags/16_branching.py took 0.809 seconds
[2025-01-21T23:35:06.678+0000] {processor.py:161} INFO - Started process (PID=32710) to work on /opt/airflow/dags/16_branching.py
[2025-01-21T23:35:06.687+0000] {processor.py:830} INFO - Processing file /opt/airflow/dags/16_branching.py for tasks to queue
[2025-01-21T23:35:06.689+0000] {logging_mixin.py:188} INFO - [2025-01-21T23:35:06.689+0000] {dagbag.py:538} INFO - Filling up the DagBag from /opt/airflow/dags/16_branching.py
[2025-01-21T23:35:06.719+0000] {processor.py:840} INFO - DAG(s) '16_branching' retrieved from /opt/airflow/dags/16_branching.py
[2025-01-21T23:35:07.136+0000] {logging_mixin.py:188} INFO - [2025-01-21T23:35:07.136+0000] {dag.py:3036} INFO - Sync 1 DAGs
[2025-01-21T23:35:07.174+0000] {logging_mixin.py:188} INFO - [2025-01-21T23:35:07.174+0000] {dag.py:3823} INFO - Setting next_dagrun for 16_branching to None, run_after=None
[2025-01-21T23:35:07.241+0000] {processor.py:183} INFO - Processing /opt/airflow/dags/16_branching.py took 0.570 seconds
[2025-01-21T23:35:37.446+0000] {processor.py:161} INFO - Started process (PID=32789) to work on /opt/airflow/dags/16_branching.py
[2025-01-21T23:35:37.448+0000] {processor.py:830} INFO - Processing file /opt/airflow/dags/16_branching.py for tasks to queue
[2025-01-21T23:35:37.449+0000] {logging_mixin.py:188} INFO - [2025-01-21T23:35:37.449+0000] {dagbag.py:538} INFO - Filling up the DagBag from /opt/airflow/dags/16_branching.py
[2025-01-21T23:35:37.463+0000] {processor.py:840} INFO - DAG(s) '16_branching' retrieved from /opt/airflow/dags/16_branching.py
[2025-01-21T23:35:37.679+0000] {logging_mixin.py:188} INFO - [2025-01-21T23:35:37.679+0000] {dag.py:3036} INFO - Sync 1 DAGs
[2025-01-21T23:35:37.702+0000] {logging_mixin.py:188} INFO - [2025-01-21T23:35:37.701+0000] {dag.py:3823} INFO - Setting next_dagrun for 16_branching to None, run_after=None
[2025-01-21T23:35:37.735+0000] {processor.py:183} INFO - Processing /opt/airflow/dags/16_branching.py took 0.294 seconds
[2025-01-21T23:36:07.779+0000] {processor.py:161} INFO - Started process (PID=32873) to work on /opt/airflow/dags/16_branching.py
[2025-01-21T23:36:07.780+0000] {processor.py:830} INFO - Processing file /opt/airflow/dags/16_branching.py for tasks to queue
[2025-01-21T23:36:07.782+0000] {logging_mixin.py:188} INFO - [2025-01-21T23:36:07.781+0000] {dagbag.py:538} INFO - Filling up the DagBag from /opt/airflow/dags/16_branching.py
[2025-01-21T23:36:07.796+0000] {processor.py:840} INFO - DAG(s) '16_branching' retrieved from /opt/airflow/dags/16_branching.py
[2025-01-21T23:36:08.036+0000] {logging_mixin.py:188} INFO - [2025-01-21T23:36:08.035+0000] {dag.py:3036} INFO - Sync 1 DAGs
[2025-01-21T23:36:08.070+0000] {logging_mixin.py:188} INFO - [2025-01-21T23:36:08.069+0000] {dag.py:3823} INFO - Setting next_dagrun for 16_branching to None, run_after=None
[2025-01-21T23:36:08.099+0000] {processor.py:183} INFO - Processing /opt/airflow/dags/16_branching.py took 0.325 seconds
[2025-01-21T23:36:38.600+0000] {processor.py:161} INFO - Started process (PID=32959) to work on /opt/airflow/dags/16_branching.py
[2025-01-21T23:36:38.603+0000] {processor.py:830} INFO - Processing file /opt/airflow/dags/16_branching.py for tasks to queue
[2025-01-21T23:36:38.604+0000] {logging_mixin.py:188} INFO - [2025-01-21T23:36:38.604+0000] {dagbag.py:538} INFO - Filling up the DagBag from /opt/airflow/dags/16_branching.py
[2025-01-21T23:36:38.618+0000] {processor.py:840} INFO - DAG(s) '16_branching' retrieved from /opt/airflow/dags/16_branching.py
[2025-01-21T23:36:38.656+0000] {logging_mixin.py:188} INFO - [2025-01-21T23:36:38.656+0000] {dag.py:3036} INFO - Sync 1 DAGs
[2025-01-21T23:36:38.685+0000] {logging_mixin.py:188} INFO - [2025-01-21T23:36:38.684+0000] {dag.py:3823} INFO - Setting next_dagrun for 16_branching to None, run_after=None
[2025-01-21T23:36:38.718+0000] {processor.py:183} INFO - Processing /opt/airflow/dags/16_branching.py took 0.130 seconds
[2025-01-21T23:37:09.433+0000] {processor.py:161} INFO - Started process (PID=33045) to work on /opt/airflow/dags/16_branching.py
[2025-01-21T23:37:09.435+0000] {processor.py:830} INFO - Processing file /opt/airflow/dags/16_branching.py for tasks to queue
[2025-01-21T23:37:09.436+0000] {logging_mixin.py:188} INFO - [2025-01-21T23:37:09.436+0000] {dagbag.py:538} INFO - Filling up the DagBag from /opt/airflow/dags/16_branching.py
[2025-01-21T23:37:09.452+0000] {processor.py:840} INFO - DAG(s) '16_branching' retrieved from /opt/airflow/dags/16_branching.py
[2025-01-21T23:37:09.655+0000] {logging_mixin.py:188} INFO - [2025-01-21T23:37:09.654+0000] {dag.py:3036} INFO - Sync 1 DAGs
[2025-01-21T23:37:09.674+0000] {logging_mixin.py:188} INFO - [2025-01-21T23:37:09.671+0000] {dag.py:3823} INFO - Setting next_dagrun for 16_branching to None, run_after=None
[2025-01-21T23:37:09.721+0000] {processor.py:183} INFO - Processing /opt/airflow/dags/16_branching.py took 0.292 seconds
[2025-01-21T23:37:39.874+0000] {processor.py:161} INFO - Started process (PID=33131) to work on /opt/airflow/dags/16_branching.py
[2025-01-21T23:37:39.892+0000] {processor.py:830} INFO - Processing file /opt/airflow/dags/16_branching.py for tasks to queue
[2025-01-21T23:37:39.894+0000] {logging_mixin.py:188} INFO - [2025-01-21T23:37:39.893+0000] {dagbag.py:538} INFO - Filling up the DagBag from /opt/airflow/dags/16_branching.py
[2025-01-21T23:37:39.914+0000] {processor.py:840} INFO - DAG(s) '16_branching' retrieved from /opt/airflow/dags/16_branching.py
[2025-01-21T23:37:40.155+0000] {logging_mixin.py:188} INFO - [2025-01-21T23:37:40.155+0000] {dag.py:3036} INFO - Sync 1 DAGs
[2025-01-21T23:37:40.176+0000] {logging_mixin.py:188} INFO - [2025-01-21T23:37:40.175+0000] {dag.py:3823} INFO - Setting next_dagrun for 16_branching to None, run_after=None
[2025-01-21T23:37:40.206+0000] {processor.py:183} INFO - Processing /opt/airflow/dags/16_branching.py took 0.339 seconds
[2025-01-21T23:38:10.404+0000] {processor.py:161} INFO - Started process (PID=33215) to work on /opt/airflow/dags/16_branching.py
[2025-01-21T23:38:10.407+0000] {processor.py:830} INFO - Processing file /opt/airflow/dags/16_branching.py for tasks to queue
[2025-01-21T23:38:10.409+0000] {logging_mixin.py:188} INFO - [2025-01-21T23:38:10.408+0000] {dagbag.py:538} INFO - Filling up the DagBag from /opt/airflow/dags/16_branching.py
[2025-01-21T23:38:10.441+0000] {processor.py:840} INFO - DAG(s) '16_branching' retrieved from /opt/airflow/dags/16_branching.py
[2025-01-21T23:38:10.479+0000] {logging_mixin.py:188} INFO - [2025-01-21T23:38:10.479+0000] {dag.py:3036} INFO - Sync 1 DAGs
[2025-01-21T23:38:10.504+0000] {logging_mixin.py:188} INFO - [2025-01-21T23:38:10.503+0000] {dag.py:3823} INFO - Setting next_dagrun for 16_branching to None, run_after=None
[2025-01-21T23:38:10.545+0000] {processor.py:183} INFO - Processing /opt/airflow/dags/16_branching.py took 0.145 seconds
[2025-01-21T23:38:40.692+0000] {processor.py:161} INFO - Started process (PID=33296) to work on /opt/airflow/dags/16_branching.py
[2025-01-21T23:38:40.695+0000] {processor.py:830} INFO - Processing file /opt/airflow/dags/16_branching.py for tasks to queue
[2025-01-21T23:38:40.696+0000] {logging_mixin.py:188} INFO - [2025-01-21T23:38:40.696+0000] {dagbag.py:538} INFO - Filling up the DagBag from /opt/airflow/dags/16_branching.py
[2025-01-21T23:38:40.740+0000] {processor.py:840} INFO - DAG(s) '16_branching' retrieved from /opt/airflow/dags/16_branching.py
[2025-01-21T23:38:41.084+0000] {logging_mixin.py:188} INFO - [2025-01-21T23:38:41.083+0000] {dag.py:3036} INFO - Sync 1 DAGs
[2025-01-21T23:38:41.104+0000] {logging_mixin.py:188} INFO - [2025-01-21T23:38:41.104+0000] {dag.py:3823} INFO - Setting next_dagrun for 16_branching to None, run_after=None
[2025-01-21T23:38:41.151+0000] {processor.py:183} INFO - Processing /opt/airflow/dags/16_branching.py took 0.484 seconds
[2025-01-21T23:39:11.232+0000] {processor.py:161} INFO - Started process (PID=33382) to work on /opt/airflow/dags/16_branching.py
[2025-01-21T23:39:11.233+0000] {processor.py:830} INFO - Processing file /opt/airflow/dags/16_branching.py for tasks to queue
[2025-01-21T23:39:11.235+0000] {logging_mixin.py:188} INFO - [2025-01-21T23:39:11.234+0000] {dagbag.py:538} INFO - Filling up the DagBag from /opt/airflow/dags/16_branching.py
[2025-01-21T23:39:11.264+0000] {processor.py:840} INFO - DAG(s) '16_branching' retrieved from /opt/airflow/dags/16_branching.py
[2025-01-21T23:39:11.336+0000] {logging_mixin.py:188} INFO - [2025-01-21T23:39:11.335+0000] {dag.py:3036} INFO - Sync 1 DAGs
[2025-01-21T23:39:11.395+0000] {logging_mixin.py:188} INFO - [2025-01-21T23:39:11.394+0000] {dag.py:3823} INFO - Setting next_dagrun for 16_branching to None, run_after=None
[2025-01-21T23:39:11.427+0000] {processor.py:183} INFO - Processing /opt/airflow/dags/16_branching.py took 0.212 seconds
[2025-01-21T23:39:41.539+0000] {processor.py:161} INFO - Started process (PID=33467) to work on /opt/airflow/dags/16_branching.py
[2025-01-21T23:39:41.549+0000] {processor.py:830} INFO - Processing file /opt/airflow/dags/16_branching.py for tasks to queue
[2025-01-21T23:39:41.554+0000] {logging_mixin.py:188} INFO - [2025-01-21T23:39:41.552+0000] {dagbag.py:538} INFO - Filling up the DagBag from /opt/airflow/dags/16_branching.py
[2025-01-21T23:39:41.595+0000] {processor.py:840} INFO - DAG(s) '16_branching' retrieved from /opt/airflow/dags/16_branching.py
[2025-01-21T23:39:41.668+0000] {logging_mixin.py:188} INFO - [2025-01-21T23:39:41.668+0000] {dag.py:3036} INFO - Sync 1 DAGs
[2025-01-21T23:39:41.726+0000] {logging_mixin.py:188} INFO - [2025-01-21T23:39:41.726+0000] {dag.py:3823} INFO - Setting next_dagrun for 16_branching to None, run_after=None
[2025-01-21T23:39:41.799+0000] {processor.py:183} INFO - Processing /opt/airflow/dags/16_branching.py took 0.268 seconds
[2025-01-21T23:40:11.952+0000] {processor.py:161} INFO - Started process (PID=33553) to work on /opt/airflow/dags/16_branching.py
[2025-01-21T23:40:11.959+0000] {processor.py:830} INFO - Processing file /opt/airflow/dags/16_branching.py for tasks to queue
[2025-01-21T23:40:11.960+0000] {logging_mixin.py:188} INFO - [2025-01-21T23:40:11.960+0000] {dagbag.py:538} INFO - Filling up the DagBag from /opt/airflow/dags/16_branching.py
[2025-01-21T23:40:11.974+0000] {processor.py:840} INFO - DAG(s) '16_branching' retrieved from /opt/airflow/dags/16_branching.py
[2025-01-21T23:40:12.028+0000] {logging_mixin.py:188} INFO - [2025-01-21T23:40:12.028+0000] {dag.py:3036} INFO - Sync 1 DAGs
[2025-01-21T23:40:12.074+0000] {logging_mixin.py:188} INFO - [2025-01-21T23:40:12.073+0000] {dag.py:3823} INFO - Setting next_dagrun for 16_branching to None, run_after=None
[2025-01-21T23:40:12.139+0000] {processor.py:183} INFO - Processing /opt/airflow/dags/16_branching.py took 0.192 seconds
[2025-01-21T23:40:42.914+0000] {processor.py:161} INFO - Started process (PID=33638) to work on /opt/airflow/dags/16_branching.py
[2025-01-21T23:40:42.916+0000] {processor.py:830} INFO - Processing file /opt/airflow/dags/16_branching.py for tasks to queue
[2025-01-21T23:40:42.917+0000] {logging_mixin.py:188} INFO - [2025-01-21T23:40:42.917+0000] {dagbag.py:538} INFO - Filling up the DagBag from /opt/airflow/dags/16_branching.py
[2025-01-21T23:40:42.930+0000] {processor.py:840} INFO - DAG(s) '16_branching' retrieved from /opt/airflow/dags/16_branching.py
[2025-01-21T23:40:43.207+0000] {logging_mixin.py:188} INFO - [2025-01-21T23:40:43.207+0000] {dag.py:3036} INFO - Sync 1 DAGs
[2025-01-21T23:40:43.228+0000] {logging_mixin.py:188} INFO - [2025-01-21T23:40:43.228+0000] {dag.py:3823} INFO - Setting next_dagrun for 16_branching to None, run_after=None
[2025-01-21T23:40:43.279+0000] {processor.py:183} INFO - Processing /opt/airflow/dags/16_branching.py took 0.370 seconds
[2025-01-21T23:41:13.425+0000] {processor.py:161} INFO - Started process (PID=33724) to work on /opt/airflow/dags/16_branching.py
[2025-01-21T23:41:13.426+0000] {processor.py:830} INFO - Processing file /opt/airflow/dags/16_branching.py for tasks to queue
[2025-01-21T23:41:13.428+0000] {logging_mixin.py:188} INFO - [2025-01-21T23:41:13.427+0000] {dagbag.py:538} INFO - Filling up the DagBag from /opt/airflow/dags/16_branching.py
[2025-01-21T23:41:13.442+0000] {processor.py:840} INFO - DAG(s) '16_branching' retrieved from /opt/airflow/dags/16_branching.py
[2025-01-21T23:41:13.748+0000] {logging_mixin.py:188} INFO - [2025-01-21T23:41:13.748+0000] {dag.py:3036} INFO - Sync 1 DAGs
[2025-01-21T23:41:13.771+0000] {logging_mixin.py:188} INFO - [2025-01-21T23:41:13.771+0000] {dag.py:3823} INFO - Setting next_dagrun for 16_branching to None, run_after=None
[2025-01-21T23:41:13.806+0000] {processor.py:183} INFO - Processing /opt/airflow/dags/16_branching.py took 0.386 seconds
