[2025-01-21T23:02:37.483+0000] {processor.py:161} INFO - Started process (PID=27485) to work on /opt/airflow/dags/17_Xcoms.py
[2025-01-21T23:02:37.484+0000] {processor.py:830} INFO - Processing file /opt/airflow/dags/17_Xcoms.py for tasks to queue
[2025-01-21T23:02:37.485+0000] {logging_mixin.py:188} INFO - [2025-01-21T23:02:37.485+0000] {dagbag.py:538} INFO - Filling up the DagBag from /opt/airflow/dags/17_Xcoms.py
[2025-01-21T23:02:37.492+0000] {processor.py:840} INFO - DAG(s) '17_simple_xcom_dag' retrieved from /opt/airflow/dags/17_Xcoms.py
[2025-01-21T23:02:37.640+0000] {logging_mixin.py:188} INFO - [2025-01-21T23:02:37.639+0000] {override.py:1769} INFO - Created Permission View: can edit on DAG:17_simple_xcom_dag
[2025-01-21T23:02:37.654+0000] {logging_mixin.py:188} INFO - [2025-01-21T23:02:37.654+0000] {override.py:1769} INFO - Created Permission View: can read on DAG:17_simple_xcom_dag
[2025-01-21T23:02:37.664+0000] {logging_mixin.py:188} INFO - [2025-01-21T23:02:37.663+0000] {override.py:1769} INFO - Created Permission View: can delete on DAG:17_simple_xcom_dag
[2025-01-21T23:02:37.664+0000] {logging_mixin.py:188} INFO - [2025-01-21T23:02:37.664+0000] {dag.py:3036} INFO - Sync 1 DAGs
[2025-01-21T23:02:37.685+0000] {logging_mixin.py:188} INFO - [2025-01-21T23:02:37.683+0000] {dag.py:3058} INFO - Creating ORM DAG for 17_simple_xcom_dag
[2025-01-21T23:02:37.686+0000] {logging_mixin.py:188} INFO - [2025-01-21T23:02:37.686+0000] {dag.py:3823} INFO - Setting next_dagrun for 17_simple_xcom_dag to None, run_after=None
[2025-01-21T23:02:37.717+0000] {processor.py:183} INFO - Processing /opt/airflow/dags/17_Xcoms.py took 0.238 seconds
[2025-01-21T23:03:08.017+0000] {processor.py:161} INFO - Started process (PID=27567) to work on /opt/airflow/dags/17_Xcoms.py
[2025-01-21T23:03:08.019+0000] {processor.py:830} INFO - Processing file /opt/airflow/dags/17_Xcoms.py for tasks to queue
[2025-01-21T23:03:08.020+0000] {logging_mixin.py:188} INFO - [2025-01-21T23:03:08.020+0000] {dagbag.py:538} INFO - Filling up the DagBag from /opt/airflow/dags/17_Xcoms.py
[2025-01-21T23:03:08.029+0000] {processor.py:840} INFO - DAG(s) '17_simple_xcom_dag' retrieved from /opt/airflow/dags/17_Xcoms.py
[2025-01-21T23:03:08.070+0000] {logging_mixin.py:188} INFO - [2025-01-21T23:03:08.070+0000] {dag.py:3036} INFO - Sync 1 DAGs
[2025-01-21T23:03:08.105+0000] {logging_mixin.py:188} INFO - [2025-01-21T23:03:08.105+0000] {dag.py:3823} INFO - Setting next_dagrun for 17_simple_xcom_dag to None, run_after=None
[2025-01-21T23:03:08.141+0000] {processor.py:183} INFO - Processing /opt/airflow/dags/17_Xcoms.py took 0.132 seconds
[2025-01-21T23:03:38.186+0000] {processor.py:161} INFO - Started process (PID=27656) to work on /opt/airflow/dags/17_Xcoms.py
[2025-01-21T23:03:38.187+0000] {processor.py:830} INFO - Processing file /opt/airflow/dags/17_Xcoms.py for tasks to queue
[2025-01-21T23:03:38.189+0000] {logging_mixin.py:188} INFO - [2025-01-21T23:03:38.188+0000] {dagbag.py:538} INFO - Filling up the DagBag from /opt/airflow/dags/17_Xcoms.py
[2025-01-21T23:03:38.197+0000] {processor.py:840} INFO - DAG(s) '17_simple_xcom_dag' retrieved from /opt/airflow/dags/17_Xcoms.py
[2025-01-21T23:03:38.227+0000] {logging_mixin.py:188} INFO - [2025-01-21T23:03:38.227+0000] {dag.py:3036} INFO - Sync 1 DAGs
[2025-01-21T23:03:38.253+0000] {logging_mixin.py:188} INFO - [2025-01-21T23:03:38.253+0000] {dag.py:3823} INFO - Setting next_dagrun for 17_simple_xcom_dag to None, run_after=None
[2025-01-21T23:03:38.285+0000] {processor.py:183} INFO - Processing /opt/airflow/dags/17_Xcoms.py took 0.104 seconds
[2025-01-21T23:04:08.536+0000] {processor.py:161} INFO - Started process (PID=27738) to work on /opt/airflow/dags/17_Xcoms.py
[2025-01-21T23:04:08.538+0000] {processor.py:830} INFO - Processing file /opt/airflow/dags/17_Xcoms.py for tasks to queue
[2025-01-21T23:04:08.540+0000] {logging_mixin.py:188} INFO - [2025-01-21T23:04:08.539+0000] {dagbag.py:538} INFO - Filling up the DagBag from /opt/airflow/dags/17_Xcoms.py
[2025-01-21T23:04:08.555+0000] {processor.py:840} INFO - DAG(s) '17_simple_xcom_dag' retrieved from /opt/airflow/dags/17_Xcoms.py
[2025-01-21T23:04:08.598+0000] {logging_mixin.py:188} INFO - [2025-01-21T23:04:08.597+0000] {dag.py:3036} INFO - Sync 1 DAGs
[2025-01-21T23:04:08.621+0000] {logging_mixin.py:188} INFO - [2025-01-21T23:04:08.621+0000] {dag.py:3823} INFO - Setting next_dagrun for 17_simple_xcom_dag to None, run_after=None
[2025-01-21T23:04:08.655+0000] {processor.py:183} INFO - Processing /opt/airflow/dags/17_Xcoms.py took 0.124 seconds
[2025-01-21T23:04:38.744+0000] {processor.py:161} INFO - Started process (PID=27821) to work on /opt/airflow/dags/17_Xcoms.py
[2025-01-21T23:04:38.745+0000] {processor.py:830} INFO - Processing file /opt/airflow/dags/17_Xcoms.py for tasks to queue
[2025-01-21T23:04:38.747+0000] {logging_mixin.py:188} INFO - [2025-01-21T23:04:38.746+0000] {dagbag.py:538} INFO - Filling up the DagBag from /opt/airflow/dags/17_Xcoms.py
[2025-01-21T23:04:38.755+0000] {processor.py:840} INFO - DAG(s) '17_simple_xcom_dag' retrieved from /opt/airflow/dags/17_Xcoms.py
[2025-01-21T23:04:38.784+0000] {logging_mixin.py:188} INFO - [2025-01-21T23:04:38.783+0000] {dag.py:3036} INFO - Sync 1 DAGs
[2025-01-21T23:04:38.812+0000] {logging_mixin.py:188} INFO - [2025-01-21T23:04:38.812+0000] {dag.py:3823} INFO - Setting next_dagrun for 17_simple_xcom_dag to None, run_after=None
[2025-01-21T23:04:38.850+0000] {processor.py:183} INFO - Processing /opt/airflow/dags/17_Xcoms.py took 0.111 seconds
[2025-01-21T23:05:09.170+0000] {processor.py:161} INFO - Started process (PID=27900) to work on /opt/airflow/dags/17_Xcoms.py
[2025-01-21T23:05:09.178+0000] {processor.py:830} INFO - Processing file /opt/airflow/dags/17_Xcoms.py for tasks to queue
[2025-01-21T23:05:09.180+0000] {logging_mixin.py:188} INFO - [2025-01-21T23:05:09.179+0000] {dagbag.py:538} INFO - Filling up the DagBag from /opt/airflow/dags/17_Xcoms.py
[2025-01-21T23:05:09.193+0000] {processor.py:840} INFO - DAG(s) '17_simple_xcom_dag' retrieved from /opt/airflow/dags/17_Xcoms.py
[2025-01-21T23:05:09.275+0000] {logging_mixin.py:188} INFO - [2025-01-21T23:05:09.274+0000] {dag.py:3036} INFO - Sync 1 DAGs
[2025-01-21T23:05:09.322+0000] {logging_mixin.py:188} INFO - [2025-01-21T23:05:09.322+0000] {dag.py:3823} INFO - Setting next_dagrun for 17_simple_xcom_dag to None, run_after=None
[2025-01-21T23:05:09.365+0000] {processor.py:183} INFO - Processing /opt/airflow/dags/17_Xcoms.py took 0.200 seconds
[2025-01-21T23:05:39.521+0000] {processor.py:161} INFO - Started process (PID=27982) to work on /opt/airflow/dags/17_Xcoms.py
[2025-01-21T23:05:39.524+0000] {processor.py:830} INFO - Processing file /opt/airflow/dags/17_Xcoms.py for tasks to queue
[2025-01-21T23:05:39.526+0000] {logging_mixin.py:188} INFO - [2025-01-21T23:05:39.525+0000] {dagbag.py:538} INFO - Filling up the DagBag from /opt/airflow/dags/17_Xcoms.py
[2025-01-21T23:05:39.538+0000] {processor.py:840} INFO - DAG(s) '17_simple_xcom_dag' retrieved from /opt/airflow/dags/17_Xcoms.py
[2025-01-21T23:05:39.585+0000] {logging_mixin.py:188} INFO - [2025-01-21T23:05:39.585+0000] {dag.py:3036} INFO - Sync 1 DAGs
[2025-01-21T23:05:39.614+0000] {logging_mixin.py:188} INFO - [2025-01-21T23:05:39.613+0000] {dag.py:3823} INFO - Setting next_dagrun for 17_simple_xcom_dag to None, run_after=None
[2025-01-21T23:05:39.651+0000] {processor.py:183} INFO - Processing /opt/airflow/dags/17_Xcoms.py took 0.140 seconds
[2025-01-21T23:06:09.798+0000] {processor.py:161} INFO - Started process (PID=28062) to work on /opt/airflow/dags/17_Xcoms.py
[2025-01-21T23:06:09.805+0000] {processor.py:830} INFO - Processing file /opt/airflow/dags/17_Xcoms.py for tasks to queue
[2025-01-21T23:06:09.806+0000] {logging_mixin.py:188} INFO - [2025-01-21T23:06:09.806+0000] {dagbag.py:538} INFO - Filling up the DagBag from /opt/airflow/dags/17_Xcoms.py
[2025-01-21T23:06:09.814+0000] {processor.py:840} INFO - DAG(s) '17_simple_xcom_dag' retrieved from /opt/airflow/dags/17_Xcoms.py
[2025-01-21T23:06:09.869+0000] {logging_mixin.py:188} INFO - [2025-01-21T23:06:09.869+0000] {dag.py:3036} INFO - Sync 1 DAGs
[2025-01-21T23:06:09.897+0000] {logging_mixin.py:188} INFO - [2025-01-21T23:06:09.897+0000] {dag.py:3823} INFO - Setting next_dagrun for 17_simple_xcom_dag to None, run_after=None
[2025-01-21T23:06:09.938+0000] {processor.py:183} INFO - Processing /opt/airflow/dags/17_Xcoms.py took 0.147 seconds
[2025-01-21T23:06:40.349+0000] {processor.py:161} INFO - Started process (PID=28141) to work on /opt/airflow/dags/17_Xcoms.py
[2025-01-21T23:06:40.351+0000] {processor.py:830} INFO - Processing file /opt/airflow/dags/17_Xcoms.py for tasks to queue
[2025-01-21T23:06:40.360+0000] {logging_mixin.py:188} INFO - [2025-01-21T23:06:40.360+0000] {dagbag.py:538} INFO - Filling up the DagBag from /opt/airflow/dags/17_Xcoms.py
[2025-01-21T23:06:40.369+0000] {processor.py:840} INFO - DAG(s) '17_simple_xcom_dag' retrieved from /opt/airflow/dags/17_Xcoms.py
[2025-01-21T23:06:40.429+0000] {logging_mixin.py:188} INFO - [2025-01-21T23:06:40.428+0000] {dag.py:3036} INFO - Sync 1 DAGs
[2025-01-21T23:06:40.469+0000] {logging_mixin.py:188} INFO - [2025-01-21T23:06:40.469+0000] {dag.py:3823} INFO - Setting next_dagrun for 17_simple_xcom_dag to None, run_after=None
[2025-01-21T23:06:40.540+0000] {processor.py:183} INFO - Processing /opt/airflow/dags/17_Xcoms.py took 0.207 seconds
[2025-01-21T23:07:10.639+0000] {processor.py:161} INFO - Started process (PID=28217) to work on /opt/airflow/dags/17_Xcoms.py
[2025-01-21T23:07:10.641+0000] {processor.py:830} INFO - Processing file /opt/airflow/dags/17_Xcoms.py for tasks to queue
[2025-01-21T23:07:10.642+0000] {logging_mixin.py:188} INFO - [2025-01-21T23:07:10.642+0000] {dagbag.py:538} INFO - Filling up the DagBag from /opt/airflow/dags/17_Xcoms.py
[2025-01-21T23:07:10.650+0000] {processor.py:840} INFO - DAG(s) '17_simple_xcom_dag' retrieved from /opt/airflow/dags/17_Xcoms.py
[2025-01-21T23:07:10.680+0000] {logging_mixin.py:188} INFO - [2025-01-21T23:07:10.680+0000] {dag.py:3036} INFO - Sync 1 DAGs
[2025-01-21T23:07:10.704+0000] {logging_mixin.py:188} INFO - [2025-01-21T23:07:10.703+0000] {dag.py:3823} INFO - Setting next_dagrun for 17_simple_xcom_dag to None, run_after=None
[2025-01-21T23:07:10.735+0000] {processor.py:183} INFO - Processing /opt/airflow/dags/17_Xcoms.py took 0.101 seconds
[2025-01-21T23:07:41.116+0000] {processor.py:161} INFO - Started process (PID=28299) to work on /opt/airflow/dags/17_Xcoms.py
[2025-01-21T23:07:41.117+0000] {processor.py:830} INFO - Processing file /opt/airflow/dags/17_Xcoms.py for tasks to queue
[2025-01-21T23:07:41.118+0000] {logging_mixin.py:188} INFO - [2025-01-21T23:07:41.118+0000] {dagbag.py:538} INFO - Filling up the DagBag from /opt/airflow/dags/17_Xcoms.py
[2025-01-21T23:07:41.125+0000] {processor.py:840} INFO - DAG(s) '17_simple_xcom_dag' retrieved from /opt/airflow/dags/17_Xcoms.py
[2025-01-21T23:07:41.154+0000] {logging_mixin.py:188} INFO - [2025-01-21T23:07:41.154+0000] {dag.py:3036} INFO - Sync 1 DAGs
[2025-01-21T23:07:41.177+0000] {logging_mixin.py:188} INFO - [2025-01-21T23:07:41.177+0000] {dag.py:3823} INFO - Setting next_dagrun for 17_simple_xcom_dag to None, run_after=None
[2025-01-21T23:07:41.209+0000] {processor.py:183} INFO - Processing /opt/airflow/dags/17_Xcoms.py took 0.098 seconds
[2025-01-21T23:08:11.302+0000] {processor.py:161} INFO - Started process (PID=28379) to work on /opt/airflow/dags/17_Xcoms.py
[2025-01-21T23:08:11.304+0000] {processor.py:830} INFO - Processing file /opt/airflow/dags/17_Xcoms.py for tasks to queue
[2025-01-21T23:08:11.306+0000] {logging_mixin.py:188} INFO - [2025-01-21T23:08:11.305+0000] {dagbag.py:538} INFO - Filling up the DagBag from /opt/airflow/dags/17_Xcoms.py
[2025-01-21T23:08:11.314+0000] {processor.py:840} INFO - DAG(s) '17_simple_xcom_dag' retrieved from /opt/airflow/dags/17_Xcoms.py
[2025-01-21T23:08:11.348+0000] {logging_mixin.py:188} INFO - [2025-01-21T23:08:11.348+0000] {dag.py:3036} INFO - Sync 1 DAGs
[2025-01-21T23:08:11.382+0000] {logging_mixin.py:188} INFO - [2025-01-21T23:08:11.381+0000] {dag.py:3823} INFO - Setting next_dagrun for 17_simple_xcom_dag to None, run_after=None
[2025-01-21T23:08:11.413+0000] {processor.py:183} INFO - Processing /opt/airflow/dags/17_Xcoms.py took 0.115 seconds
[2025-01-21T23:08:41.504+0000] {processor.py:161} INFO - Started process (PID=28462) to work on /opt/airflow/dags/17_Xcoms.py
[2025-01-21T23:08:41.505+0000] {processor.py:830} INFO - Processing file /opt/airflow/dags/17_Xcoms.py for tasks to queue
[2025-01-21T23:08:41.507+0000] {logging_mixin.py:188} INFO - [2025-01-21T23:08:41.507+0000] {dagbag.py:538} INFO - Filling up the DagBag from /opt/airflow/dags/17_Xcoms.py
[2025-01-21T23:08:41.516+0000] {processor.py:840} INFO - DAG(s) '17_simple_xcom_dag' retrieved from /opt/airflow/dags/17_Xcoms.py
[2025-01-21T23:08:41.545+0000] {logging_mixin.py:188} INFO - [2025-01-21T23:08:41.545+0000] {dag.py:3036} INFO - Sync 1 DAGs
[2025-01-21T23:08:41.571+0000] {logging_mixin.py:188} INFO - [2025-01-21T23:08:41.570+0000] {dag.py:3823} INFO - Setting next_dagrun for 17_simple_xcom_dag to None, run_after=None
[2025-01-21T23:08:41.601+0000] {processor.py:183} INFO - Processing /opt/airflow/dags/17_Xcoms.py took 0.102 seconds
[2025-01-21T23:09:11.861+0000] {processor.py:161} INFO - Started process (PID=28543) to work on /opt/airflow/dags/17_Xcoms.py
[2025-01-21T23:09:11.863+0000] {processor.py:830} INFO - Processing file /opt/airflow/dags/17_Xcoms.py for tasks to queue
[2025-01-21T23:09:11.864+0000] {logging_mixin.py:188} INFO - [2025-01-21T23:09:11.864+0000] {dagbag.py:538} INFO - Filling up the DagBag from /opt/airflow/dags/17_Xcoms.py
[2025-01-21T23:09:11.872+0000] {processor.py:840} INFO - DAG(s) '17_simple_xcom_dag' retrieved from /opt/airflow/dags/17_Xcoms.py
[2025-01-21T23:09:11.901+0000] {logging_mixin.py:188} INFO - [2025-01-21T23:09:11.900+0000] {dag.py:3036} INFO - Sync 1 DAGs
[2025-01-21T23:09:11.926+0000] {logging_mixin.py:188} INFO - [2025-01-21T23:09:11.925+0000] {dag.py:3823} INFO - Setting next_dagrun for 17_simple_xcom_dag to None, run_after=None
[2025-01-21T23:09:11.959+0000] {processor.py:183} INFO - Processing /opt/airflow/dags/17_Xcoms.py took 0.102 seconds
[2025-01-21T23:09:42.335+0000] {processor.py:161} INFO - Started process (PID=28624) to work on /opt/airflow/dags/17_Xcoms.py
[2025-01-21T23:09:42.336+0000] {processor.py:830} INFO - Processing file /opt/airflow/dags/17_Xcoms.py for tasks to queue
[2025-01-21T23:09:42.337+0000] {logging_mixin.py:188} INFO - [2025-01-21T23:09:42.337+0000] {dagbag.py:538} INFO - Filling up the DagBag from /opt/airflow/dags/17_Xcoms.py
[2025-01-21T23:09:42.346+0000] {processor.py:840} INFO - DAG(s) '17_simple_xcom_dag' retrieved from /opt/airflow/dags/17_Xcoms.py
[2025-01-21T23:09:42.379+0000] {logging_mixin.py:188} INFO - [2025-01-21T23:09:42.378+0000] {dag.py:3036} INFO - Sync 1 DAGs
[2025-01-21T23:09:42.404+0000] {logging_mixin.py:188} INFO - [2025-01-21T23:09:42.404+0000] {dag.py:3823} INFO - Setting next_dagrun for 17_simple_xcom_dag to None, run_after=None
[2025-01-21T23:09:42.441+0000] {processor.py:183} INFO - Processing /opt/airflow/dags/17_Xcoms.py took 0.111 seconds
[2025-01-21T23:10:12.712+0000] {processor.py:161} INFO - Started process (PID=28700) to work on /opt/airflow/dags/17_Xcoms.py
[2025-01-21T23:10:12.713+0000] {processor.py:830} INFO - Processing file /opt/airflow/dags/17_Xcoms.py for tasks to queue
[2025-01-21T23:10:12.715+0000] {logging_mixin.py:188} INFO - [2025-01-21T23:10:12.714+0000] {dagbag.py:538} INFO - Filling up the DagBag from /opt/airflow/dags/17_Xcoms.py
[2025-01-21T23:10:12.724+0000] {processor.py:840} INFO - DAG(s) '17_simple_xcom_dag' retrieved from /opt/airflow/dags/17_Xcoms.py
[2025-01-21T23:10:12.767+0000] {logging_mixin.py:188} INFO - [2025-01-21T23:10:12.767+0000] {dag.py:3036} INFO - Sync 1 DAGs
[2025-01-21T23:10:12.793+0000] {logging_mixin.py:188} INFO - [2025-01-21T23:10:12.792+0000] {dag.py:3823} INFO - Setting next_dagrun for 17_simple_xcom_dag to None, run_after=None
[2025-01-21T23:10:12.845+0000] {processor.py:183} INFO - Processing /opt/airflow/dags/17_Xcoms.py took 0.138 seconds
[2025-01-21T23:10:43.520+0000] {processor.py:161} INFO - Started process (PID=28783) to work on /opt/airflow/dags/17_Xcoms.py
[2025-01-21T23:10:43.523+0000] {processor.py:830} INFO - Processing file /opt/airflow/dags/17_Xcoms.py for tasks to queue
[2025-01-21T23:10:43.525+0000] {logging_mixin.py:188} INFO - [2025-01-21T23:10:43.524+0000] {dagbag.py:538} INFO - Filling up the DagBag from /opt/airflow/dags/17_Xcoms.py
[2025-01-21T23:10:43.547+0000] {processor.py:840} INFO - DAG(s) '17_simple_xcom_dag' retrieved from /opt/airflow/dags/17_Xcoms.py
[2025-01-21T23:10:43.588+0000] {logging_mixin.py:188} INFO - [2025-01-21T23:10:43.588+0000] {dag.py:3036} INFO - Sync 1 DAGs
[2025-01-21T23:10:43.647+0000] {logging_mixin.py:188} INFO - [2025-01-21T23:10:43.647+0000] {dag.py:3823} INFO - Setting next_dagrun for 17_simple_xcom_dag to None, run_after=None
[2025-01-21T23:10:43.704+0000] {processor.py:183} INFO - Processing /opt/airflow/dags/17_Xcoms.py took 0.195 seconds
[2025-01-21T23:11:13.985+0000] {processor.py:161} INFO - Started process (PID=28865) to work on /opt/airflow/dags/17_Xcoms.py
[2025-01-21T23:11:13.987+0000] {processor.py:830} INFO - Processing file /opt/airflow/dags/17_Xcoms.py for tasks to queue
[2025-01-21T23:11:13.989+0000] {logging_mixin.py:188} INFO - [2025-01-21T23:11:13.988+0000] {dagbag.py:538} INFO - Filling up the DagBag from /opt/airflow/dags/17_Xcoms.py
[2025-01-21T23:11:14.005+0000] {processor.py:840} INFO - DAG(s) '17_simple_xcom_dag' retrieved from /opt/airflow/dags/17_Xcoms.py
[2025-01-21T23:11:14.034+0000] {logging_mixin.py:188} INFO - [2025-01-21T23:11:14.034+0000] {dag.py:3036} INFO - Sync 1 DAGs
[2025-01-21T23:11:14.058+0000] {logging_mixin.py:188} INFO - [2025-01-21T23:11:14.057+0000] {dag.py:3823} INFO - Setting next_dagrun for 17_simple_xcom_dag to None, run_after=None
[2025-01-21T23:11:14.109+0000] {processor.py:183} INFO - Processing /opt/airflow/dags/17_Xcoms.py took 0.129 seconds
[2025-01-21T23:11:44.622+0000] {processor.py:161} INFO - Started process (PID=28947) to work on /opt/airflow/dags/17_Xcoms.py
[2025-01-21T23:11:44.635+0000] {processor.py:830} INFO - Processing file /opt/airflow/dags/17_Xcoms.py for tasks to queue
[2025-01-21T23:11:44.637+0000] {logging_mixin.py:188} INFO - [2025-01-21T23:11:44.636+0000] {dagbag.py:538} INFO - Filling up the DagBag from /opt/airflow/dags/17_Xcoms.py
[2025-01-21T23:11:44.645+0000] {processor.py:840} INFO - DAG(s) '17_simple_xcom_dag' retrieved from /opt/airflow/dags/17_Xcoms.py
[2025-01-21T23:11:44.696+0000] {logging_mixin.py:188} INFO - [2025-01-21T23:11:44.695+0000] {dag.py:3036} INFO - Sync 1 DAGs
[2025-01-21T23:11:44.740+0000] {logging_mixin.py:188} INFO - [2025-01-21T23:11:44.739+0000] {dag.py:3823} INFO - Setting next_dagrun for 17_simple_xcom_dag to None, run_after=None
[2025-01-21T23:11:44.813+0000] {processor.py:183} INFO - Processing /opt/airflow/dags/17_Xcoms.py took 0.199 seconds
[2025-01-21T23:12:15.800+0000] {processor.py:161} INFO - Started process (PID=29030) to work on /opt/airflow/dags/17_Xcoms.py
[2025-01-21T23:12:15.802+0000] {processor.py:830} INFO - Processing file /opt/airflow/dags/17_Xcoms.py for tasks to queue
[2025-01-21T23:12:15.804+0000] {logging_mixin.py:188} INFO - [2025-01-21T23:12:15.803+0000] {dagbag.py:538} INFO - Filling up the DagBag from /opt/airflow/dags/17_Xcoms.py
[2025-01-21T23:12:15.826+0000] {processor.py:840} INFO - DAG(s) '17_simple_xcom_dag' retrieved from /opt/airflow/dags/17_Xcoms.py
[2025-01-21T23:12:15.905+0000] {logging_mixin.py:188} INFO - [2025-01-21T23:12:15.904+0000] {dag.py:3036} INFO - Sync 1 DAGs
[2025-01-21T23:12:15.948+0000] {logging_mixin.py:188} INFO - [2025-01-21T23:12:15.947+0000] {dag.py:3823} INFO - Setting next_dagrun for 17_simple_xcom_dag to None, run_after=None
[2025-01-21T23:12:16.019+0000] {processor.py:183} INFO - Processing /opt/airflow/dags/17_Xcoms.py took 0.228 seconds
[2025-01-21T23:12:46.294+0000] {processor.py:161} INFO - Started process (PID=29112) to work on /opt/airflow/dags/17_Xcoms.py
[2025-01-21T23:12:46.296+0000] {processor.py:830} INFO - Processing file /opt/airflow/dags/17_Xcoms.py for tasks to queue
[2025-01-21T23:12:46.297+0000] {logging_mixin.py:188} INFO - [2025-01-21T23:12:46.297+0000] {dagbag.py:538} INFO - Filling up the DagBag from /opt/airflow/dags/17_Xcoms.py
[2025-01-21T23:12:46.306+0000] {processor.py:840} INFO - DAG(s) '17_simple_xcom_dag' retrieved from /opt/airflow/dags/17_Xcoms.py
[2025-01-21T23:12:46.340+0000] {logging_mixin.py:188} INFO - [2025-01-21T23:12:46.340+0000] {dag.py:3036} INFO - Sync 1 DAGs
[2025-01-21T23:12:46.370+0000] {logging_mixin.py:188} INFO - [2025-01-21T23:12:46.369+0000] {dag.py:3823} INFO - Setting next_dagrun for 17_simple_xcom_dag to None, run_after=None
[2025-01-21T23:12:46.408+0000] {processor.py:183} INFO - Processing /opt/airflow/dags/17_Xcoms.py took 0.119 seconds
[2025-01-21T23:13:16.753+0000] {processor.py:161} INFO - Started process (PID=29194) to work on /opt/airflow/dags/17_Xcoms.py
[2025-01-21T23:13:16.755+0000] {processor.py:830} INFO - Processing file /opt/airflow/dags/17_Xcoms.py for tasks to queue
[2025-01-21T23:13:16.756+0000] {logging_mixin.py:188} INFO - [2025-01-21T23:13:16.756+0000] {dagbag.py:538} INFO - Filling up the DagBag from /opt/airflow/dags/17_Xcoms.py
[2025-01-21T23:13:16.764+0000] {processor.py:840} INFO - DAG(s) '17_simple_xcom_dag' retrieved from /opt/airflow/dags/17_Xcoms.py
[2025-01-21T23:13:16.804+0000] {logging_mixin.py:188} INFO - [2025-01-21T23:13:16.804+0000] {dag.py:3036} INFO - Sync 1 DAGs
[2025-01-21T23:13:16.831+0000] {logging_mixin.py:188} INFO - [2025-01-21T23:13:16.830+0000] {dag.py:3823} INFO - Setting next_dagrun for 17_simple_xcom_dag to None, run_after=None
[2025-01-21T23:13:16.863+0000] {processor.py:183} INFO - Processing /opt/airflow/dags/17_Xcoms.py took 0.115 seconds
[2025-01-21T23:13:47.211+0000] {processor.py:161} INFO - Started process (PID=29276) to work on /opt/airflow/dags/17_Xcoms.py
[2025-01-21T23:13:47.212+0000] {processor.py:830} INFO - Processing file /opt/airflow/dags/17_Xcoms.py for tasks to queue
[2025-01-21T23:13:47.213+0000] {logging_mixin.py:188} INFO - [2025-01-21T23:13:47.213+0000] {dagbag.py:538} INFO - Filling up the DagBag from /opt/airflow/dags/17_Xcoms.py
[2025-01-21T23:13:47.245+0000] {processor.py:840} INFO - DAG(s) '17_simple_xcom_dag' retrieved from /opt/airflow/dags/17_Xcoms.py
[2025-01-21T23:13:47.405+0000] {logging_mixin.py:188} INFO - [2025-01-21T23:13:47.405+0000] {dag.py:3036} INFO - Sync 1 DAGs
[2025-01-21T23:13:47.530+0000] {logging_mixin.py:188} INFO - [2025-01-21T23:13:47.530+0000] {dag.py:3823} INFO - Setting next_dagrun for 17_simple_xcom_dag to None, run_after=None
[2025-01-21T23:13:47.701+0000] {processor.py:183} INFO - Processing /opt/airflow/dags/17_Xcoms.py took 0.512 seconds
[2025-01-21T23:14:18.017+0000] {processor.py:161} INFO - Started process (PID=29357) to work on /opt/airflow/dags/17_Xcoms.py
[2025-01-21T23:14:18.019+0000] {processor.py:830} INFO - Processing file /opt/airflow/dags/17_Xcoms.py for tasks to queue
[2025-01-21T23:14:18.020+0000] {logging_mixin.py:188} INFO - [2025-01-21T23:14:18.020+0000] {dagbag.py:538} INFO - Filling up the DagBag from /opt/airflow/dags/17_Xcoms.py
[2025-01-21T23:14:18.029+0000] {processor.py:840} INFO - DAG(s) '17_simple_xcom_dag' retrieved from /opt/airflow/dags/17_Xcoms.py
[2025-01-21T23:14:18.060+0000] {logging_mixin.py:188} INFO - [2025-01-21T23:14:18.060+0000] {dag.py:3036} INFO - Sync 1 DAGs
[2025-01-21T23:14:18.098+0000] {logging_mixin.py:188} INFO - [2025-01-21T23:14:18.097+0000] {dag.py:3823} INFO - Setting next_dagrun for 17_simple_xcom_dag to None, run_after=None
[2025-01-21T23:14:18.166+0000] {processor.py:183} INFO - Processing /opt/airflow/dags/17_Xcoms.py took 0.155 seconds
[2025-01-21T23:14:48.281+0000] {processor.py:161} INFO - Started process (PID=29431) to work on /opt/airflow/dags/17_Xcoms.py
[2025-01-21T23:14:48.282+0000] {processor.py:830} INFO - Processing file /opt/airflow/dags/17_Xcoms.py for tasks to queue
[2025-01-21T23:14:48.284+0000] {logging_mixin.py:188} INFO - [2025-01-21T23:14:48.284+0000] {dagbag.py:538} INFO - Filling up the DagBag from /opt/airflow/dags/17_Xcoms.py
[2025-01-21T23:14:48.306+0000] {processor.py:840} INFO - DAG(s) '17_simple_xcom_dag' retrieved from /opt/airflow/dags/17_Xcoms.py
[2025-01-21T23:14:48.349+0000] {logging_mixin.py:188} INFO - [2025-01-21T23:14:48.348+0000] {dag.py:3036} INFO - Sync 1 DAGs
[2025-01-21T23:14:48.380+0000] {logging_mixin.py:188} INFO - [2025-01-21T23:14:48.380+0000] {dag.py:3823} INFO - Setting next_dagrun for 17_simple_xcom_dag to None, run_after=None
[2025-01-21T23:14:48.422+0000] {processor.py:183} INFO - Processing /opt/airflow/dags/17_Xcoms.py took 0.148 seconds
[2025-01-21T23:15:18.578+0000] {processor.py:161} INFO - Started process (PID=29513) to work on /opt/airflow/dags/17_Xcoms.py
[2025-01-21T23:15:18.580+0000] {processor.py:830} INFO - Processing file /opt/airflow/dags/17_Xcoms.py for tasks to queue
[2025-01-21T23:15:18.581+0000] {logging_mixin.py:188} INFO - [2025-01-21T23:15:18.580+0000] {dagbag.py:538} INFO - Filling up the DagBag from /opt/airflow/dags/17_Xcoms.py
[2025-01-21T23:15:18.587+0000] {processor.py:840} INFO - DAG(s) '17_simple_xcom_dag' retrieved from /opt/airflow/dags/17_Xcoms.py
[2025-01-21T23:15:18.614+0000] {logging_mixin.py:188} INFO - [2025-01-21T23:15:18.613+0000] {dag.py:3036} INFO - Sync 1 DAGs
[2025-01-21T23:15:18.634+0000] {logging_mixin.py:188} INFO - [2025-01-21T23:15:18.633+0000] {dag.py:3823} INFO - Setting next_dagrun for 17_simple_xcom_dag to None, run_after=None
[2025-01-21T23:15:18.666+0000] {processor.py:183} INFO - Processing /opt/airflow/dags/17_Xcoms.py took 0.092 seconds
[2025-01-21T23:15:49.459+0000] {processor.py:161} INFO - Started process (PID=29594) to work on /opt/airflow/dags/17_Xcoms.py
[2025-01-21T23:15:49.461+0000] {processor.py:830} INFO - Processing file /opt/airflow/dags/17_Xcoms.py for tasks to queue
[2025-01-21T23:15:49.462+0000] {logging_mixin.py:188} INFO - [2025-01-21T23:15:49.461+0000] {dagbag.py:538} INFO - Filling up the DagBag from /opt/airflow/dags/17_Xcoms.py
[2025-01-21T23:15:49.470+0000] {processor.py:840} INFO - DAG(s) '17_simple_xcom_dag' retrieved from /opt/airflow/dags/17_Xcoms.py
[2025-01-21T23:15:49.503+0000] {logging_mixin.py:188} INFO - [2025-01-21T23:15:49.503+0000] {dag.py:3036} INFO - Sync 1 DAGs
[2025-01-21T23:15:49.528+0000] {logging_mixin.py:188} INFO - [2025-01-21T23:15:49.527+0000] {dag.py:3823} INFO - Setting next_dagrun for 17_simple_xcom_dag to None, run_after=None
[2025-01-21T23:15:49.559+0000] {processor.py:183} INFO - Processing /opt/airflow/dags/17_Xcoms.py took 0.104 seconds
[2025-01-21T23:16:20.281+0000] {processor.py:161} INFO - Started process (PID=29676) to work on /opt/airflow/dags/17_Xcoms.py
[2025-01-21T23:16:20.283+0000] {processor.py:830} INFO - Processing file /opt/airflow/dags/17_Xcoms.py for tasks to queue
[2025-01-21T23:16:20.285+0000] {logging_mixin.py:188} INFO - [2025-01-21T23:16:20.284+0000] {dagbag.py:538} INFO - Filling up the DagBag from /opt/airflow/dags/17_Xcoms.py
[2025-01-21T23:16:20.293+0000] {processor.py:840} INFO - DAG(s) '17_simple_xcom_dag' retrieved from /opt/airflow/dags/17_Xcoms.py
[2025-01-21T23:16:20.331+0000] {logging_mixin.py:188} INFO - [2025-01-21T23:16:20.330+0000] {dag.py:3036} INFO - Sync 1 DAGs
[2025-01-21T23:16:20.354+0000] {logging_mixin.py:188} INFO - [2025-01-21T23:16:20.354+0000] {dag.py:3823} INFO - Setting next_dagrun for 17_simple_xcom_dag to None, run_after=None
[2025-01-21T23:16:20.386+0000] {processor.py:183} INFO - Processing /opt/airflow/dags/17_Xcoms.py took 0.110 seconds
[2025-01-21T23:16:50.566+0000] {processor.py:161} INFO - Started process (PID=29759) to work on /opt/airflow/dags/17_Xcoms.py
[2025-01-21T23:16:50.567+0000] {processor.py:830} INFO - Processing file /opt/airflow/dags/17_Xcoms.py for tasks to queue
[2025-01-21T23:16:50.568+0000] {logging_mixin.py:188} INFO - [2025-01-21T23:16:50.568+0000] {dagbag.py:538} INFO - Filling up the DagBag from /opt/airflow/dags/17_Xcoms.py
[2025-01-21T23:16:50.575+0000] {processor.py:840} INFO - DAG(s) '17_simple_xcom_dag' retrieved from /opt/airflow/dags/17_Xcoms.py
[2025-01-21T23:16:50.601+0000] {logging_mixin.py:188} INFO - [2025-01-21T23:16:50.600+0000] {dag.py:3036} INFO - Sync 1 DAGs
[2025-01-21T23:16:50.620+0000] {logging_mixin.py:188} INFO - [2025-01-21T23:16:50.619+0000] {dag.py:3823} INFO - Setting next_dagrun for 17_simple_xcom_dag to None, run_after=None
[2025-01-21T23:16:50.648+0000] {processor.py:183} INFO - Processing /opt/airflow/dags/17_Xcoms.py took 0.086 seconds
[2025-01-21T23:17:21.232+0000] {processor.py:161} INFO - Started process (PID=29840) to work on /opt/airflow/dags/17_Xcoms.py
[2025-01-21T23:17:21.234+0000] {processor.py:830} INFO - Processing file /opt/airflow/dags/17_Xcoms.py for tasks to queue
[2025-01-21T23:17:21.235+0000] {logging_mixin.py:188} INFO - [2025-01-21T23:17:21.235+0000] {dagbag.py:538} INFO - Filling up the DagBag from /opt/airflow/dags/17_Xcoms.py
[2025-01-21T23:17:21.242+0000] {processor.py:840} INFO - DAG(s) '17_simple_xcom_dag' retrieved from /opt/airflow/dags/17_Xcoms.py
[2025-01-21T23:17:21.267+0000] {logging_mixin.py:188} INFO - [2025-01-21T23:17:21.267+0000] {dag.py:3036} INFO - Sync 1 DAGs
[2025-01-21T23:17:21.286+0000] {logging_mixin.py:188} INFO - [2025-01-21T23:17:21.285+0000] {dag.py:3823} INFO - Setting next_dagrun for 17_simple_xcom_dag to None, run_after=None
[2025-01-21T23:17:21.313+0000] {processor.py:183} INFO - Processing /opt/airflow/dags/17_Xcoms.py took 0.084 seconds
[2025-01-21T23:17:52.071+0000] {processor.py:161} INFO - Started process (PID=29922) to work on /opt/airflow/dags/17_Xcoms.py
[2025-01-21T23:17:52.072+0000] {processor.py:830} INFO - Processing file /opt/airflow/dags/17_Xcoms.py for tasks to queue
[2025-01-21T23:17:52.073+0000] {logging_mixin.py:188} INFO - [2025-01-21T23:17:52.073+0000] {dagbag.py:538} INFO - Filling up the DagBag from /opt/airflow/dags/17_Xcoms.py
[2025-01-21T23:17:52.080+0000] {processor.py:840} INFO - DAG(s) '17_simple_xcom_dag' retrieved from /opt/airflow/dags/17_Xcoms.py
[2025-01-21T23:17:52.106+0000] {logging_mixin.py:188} INFO - [2025-01-21T23:17:52.105+0000] {dag.py:3036} INFO - Sync 1 DAGs
[2025-01-21T23:17:52.125+0000] {logging_mixin.py:188} INFO - [2025-01-21T23:17:52.124+0000] {dag.py:3823} INFO - Setting next_dagrun for 17_simple_xcom_dag to None, run_after=None
[2025-01-21T23:17:52.163+0000] {processor.py:183} INFO - Processing /opt/airflow/dags/17_Xcoms.py took 0.097 seconds
[2025-01-21T23:18:22.480+0000] {processor.py:161} INFO - Started process (PID=30004) to work on /opt/airflow/dags/17_Xcoms.py
[2025-01-21T23:18:22.482+0000] {processor.py:830} INFO - Processing file /opt/airflow/dags/17_Xcoms.py for tasks to queue
[2025-01-21T23:18:22.483+0000] {logging_mixin.py:188} INFO - [2025-01-21T23:18:22.483+0000] {dagbag.py:538} INFO - Filling up the DagBag from /opt/airflow/dags/17_Xcoms.py
[2025-01-21T23:18:22.490+0000] {processor.py:840} INFO - DAG(s) '17_simple_xcom_dag' retrieved from /opt/airflow/dags/17_Xcoms.py
[2025-01-21T23:18:22.517+0000] {logging_mixin.py:188} INFO - [2025-01-21T23:18:22.516+0000] {dag.py:3036} INFO - Sync 1 DAGs
[2025-01-21T23:18:22.535+0000] {logging_mixin.py:188} INFO - [2025-01-21T23:18:22.534+0000] {dag.py:3823} INFO - Setting next_dagrun for 17_simple_xcom_dag to None, run_after=None
[2025-01-21T23:18:22.561+0000] {processor.py:183} INFO - Processing /opt/airflow/dags/17_Xcoms.py took 0.085 seconds
[2025-01-21T23:18:53.071+0000] {processor.py:161} INFO - Started process (PID=30086) to work on /opt/airflow/dags/17_Xcoms.py
[2025-01-21T23:18:53.072+0000] {processor.py:830} INFO - Processing file /opt/airflow/dags/17_Xcoms.py for tasks to queue
[2025-01-21T23:18:53.073+0000] {logging_mixin.py:188} INFO - [2025-01-21T23:18:53.073+0000] {dagbag.py:538} INFO - Filling up the DagBag from /opt/airflow/dags/17_Xcoms.py
[2025-01-21T23:18:53.082+0000] {processor.py:840} INFO - DAG(s) '17_simple_xcom_dag' retrieved from /opt/airflow/dags/17_Xcoms.py
[2025-01-21T23:18:53.113+0000] {logging_mixin.py:188} INFO - [2025-01-21T23:18:53.113+0000] {dag.py:3036} INFO - Sync 1 DAGs
[2025-01-21T23:18:53.136+0000] {logging_mixin.py:188} INFO - [2025-01-21T23:18:53.135+0000] {dag.py:3823} INFO - Setting next_dagrun for 17_simple_xcom_dag to None, run_after=None
[2025-01-21T23:18:53.172+0000] {processor.py:183} INFO - Processing /opt/airflow/dags/17_Xcoms.py took 0.107 seconds
[2025-01-21T23:19:23.860+0000] {processor.py:161} INFO - Started process (PID=30168) to work on /opt/airflow/dags/17_Xcoms.py
[2025-01-21T23:19:23.861+0000] {processor.py:830} INFO - Processing file /opt/airflow/dags/17_Xcoms.py for tasks to queue
[2025-01-21T23:19:23.862+0000] {logging_mixin.py:188} INFO - [2025-01-21T23:19:23.862+0000] {dagbag.py:538} INFO - Filling up the DagBag from /opt/airflow/dags/17_Xcoms.py
[2025-01-21T23:19:23.871+0000] {processor.py:840} INFO - DAG(s) '17_simple_xcom_dag' retrieved from /opt/airflow/dags/17_Xcoms.py
[2025-01-21T23:19:23.918+0000] {logging_mixin.py:188} INFO - [2025-01-21T23:19:23.917+0000] {dag.py:3036} INFO - Sync 1 DAGs
[2025-01-21T23:19:23.953+0000] {logging_mixin.py:188} INFO - [2025-01-21T23:19:23.952+0000] {dag.py:3823} INFO - Setting next_dagrun for 17_simple_xcom_dag to None, run_after=None
[2025-01-21T23:19:23.984+0000] {processor.py:183} INFO - Processing /opt/airflow/dags/17_Xcoms.py took 0.131 seconds
[2025-01-21T23:19:54.332+0000] {processor.py:161} INFO - Started process (PID=30250) to work on /opt/airflow/dags/17_Xcoms.py
[2025-01-21T23:19:54.334+0000] {processor.py:830} INFO - Processing file /opt/airflow/dags/17_Xcoms.py for tasks to queue
[2025-01-21T23:19:54.336+0000] {logging_mixin.py:188} INFO - [2025-01-21T23:19:54.335+0000] {dagbag.py:538} INFO - Filling up the DagBag from /opt/airflow/dags/17_Xcoms.py
[2025-01-21T23:19:54.345+0000] {processor.py:840} INFO - DAG(s) '17_simple_xcom_dag' retrieved from /opt/airflow/dags/17_Xcoms.py
[2025-01-21T23:19:54.370+0000] {logging_mixin.py:188} INFO - [2025-01-21T23:19:54.370+0000] {dag.py:3036} INFO - Sync 1 DAGs
[2025-01-21T23:19:54.389+0000] {logging_mixin.py:188} INFO - [2025-01-21T23:19:54.388+0000] {dag.py:3823} INFO - Setting next_dagrun for 17_simple_xcom_dag to None, run_after=None
[2025-01-21T23:19:54.418+0000] {processor.py:183} INFO - Processing /opt/airflow/dags/17_Xcoms.py took 0.092 seconds
[2025-01-21T23:20:25.309+0000] {processor.py:161} INFO - Started process (PID=30332) to work on /opt/airflow/dags/17_Xcoms.py
[2025-01-21T23:20:25.310+0000] {processor.py:830} INFO - Processing file /opt/airflow/dags/17_Xcoms.py for tasks to queue
[2025-01-21T23:20:25.312+0000] {logging_mixin.py:188} INFO - [2025-01-21T23:20:25.311+0000] {dagbag.py:538} INFO - Filling up the DagBag from /opt/airflow/dags/17_Xcoms.py
[2025-01-21T23:20:25.318+0000] {processor.py:840} INFO - DAG(s) '17_simple_xcom_dag' retrieved from /opt/airflow/dags/17_Xcoms.py
[2025-01-21T23:20:25.345+0000] {logging_mixin.py:188} INFO - [2025-01-21T23:20:25.345+0000] {dag.py:3036} INFO - Sync 1 DAGs
[2025-01-21T23:20:25.364+0000] {logging_mixin.py:188} INFO - [2025-01-21T23:20:25.364+0000] {dag.py:3823} INFO - Setting next_dagrun for 17_simple_xcom_dag to None, run_after=None
[2025-01-21T23:20:25.394+0000] {processor.py:183} INFO - Processing /opt/airflow/dags/17_Xcoms.py took 0.089 seconds
[2025-01-21T23:20:55.536+0000] {processor.py:161} INFO - Started process (PID=30413) to work on /opt/airflow/dags/17_Xcoms.py
[2025-01-21T23:20:55.543+0000] {processor.py:830} INFO - Processing file /opt/airflow/dags/17_Xcoms.py for tasks to queue
[2025-01-21T23:20:55.545+0000] {logging_mixin.py:188} INFO - [2025-01-21T23:20:55.545+0000] {dagbag.py:538} INFO - Filling up the DagBag from /opt/airflow/dags/17_Xcoms.py
[2025-01-21T23:20:55.561+0000] {processor.py:840} INFO - DAG(s) '17_simple_xcom_dag' retrieved from /opt/airflow/dags/17_Xcoms.py
[2025-01-21T23:20:55.612+0000] {logging_mixin.py:188} INFO - [2025-01-21T23:20:55.611+0000] {dag.py:3036} INFO - Sync 1 DAGs
[2025-01-21T23:20:55.663+0000] {logging_mixin.py:188} INFO - [2025-01-21T23:20:55.662+0000] {dag.py:3823} INFO - Setting next_dagrun for 17_simple_xcom_dag to None, run_after=None
[2025-01-21T23:20:55.731+0000] {processor.py:183} INFO - Processing /opt/airflow/dags/17_Xcoms.py took 0.214 seconds
[2025-01-21T23:21:25.993+0000] {processor.py:161} INFO - Started process (PID=30493) to work on /opt/airflow/dags/17_Xcoms.py
[2025-01-21T23:21:25.996+0000] {processor.py:830} INFO - Processing file /opt/airflow/dags/17_Xcoms.py for tasks to queue
[2025-01-21T23:21:25.998+0000] {logging_mixin.py:188} INFO - [2025-01-21T23:21:25.997+0000] {dagbag.py:538} INFO - Filling up the DagBag from /opt/airflow/dags/17_Xcoms.py
[2025-01-21T23:21:26.009+0000] {processor.py:840} INFO - DAG(s) '17_simple_xcom_dag' retrieved from /opt/airflow/dags/17_Xcoms.py
[2025-01-21T23:21:26.068+0000] {logging_mixin.py:188} INFO - [2025-01-21T23:21:26.067+0000] {dag.py:3036} INFO - Sync 1 DAGs
[2025-01-21T23:21:26.117+0000] {logging_mixin.py:188} INFO - [2025-01-21T23:21:26.116+0000] {dag.py:3823} INFO - Setting next_dagrun for 17_simple_xcom_dag to None, run_after=None
[2025-01-21T23:21:26.179+0000] {processor.py:183} INFO - Processing /opt/airflow/dags/17_Xcoms.py took 0.197 seconds
[2025-01-21T23:21:56.528+0000] {processor.py:161} INFO - Started process (PID=30568) to work on /opt/airflow/dags/17_Xcoms.py
[2025-01-21T23:21:56.529+0000] {processor.py:830} INFO - Processing file /opt/airflow/dags/17_Xcoms.py for tasks to queue
[2025-01-21T23:21:56.531+0000] {logging_mixin.py:188} INFO - [2025-01-21T23:21:56.530+0000] {dagbag.py:538} INFO - Filling up the DagBag from /opt/airflow/dags/17_Xcoms.py
[2025-01-21T23:21:56.538+0000] {processor.py:840} INFO - DAG(s) '17_simple_xcom_dag' retrieved from /opt/airflow/dags/17_Xcoms.py
[2025-01-21T23:21:56.568+0000] {logging_mixin.py:188} INFO - [2025-01-21T23:21:56.567+0000] {dag.py:3036} INFO - Sync 1 DAGs
[2025-01-21T23:21:56.592+0000] {logging_mixin.py:188} INFO - [2025-01-21T23:21:56.592+0000] {dag.py:3823} INFO - Setting next_dagrun for 17_simple_xcom_dag to None, run_after=None
[2025-01-21T23:21:56.627+0000] {processor.py:183} INFO - Processing /opt/airflow/dags/17_Xcoms.py took 0.103 seconds
[2025-01-21T23:22:26.723+0000] {processor.py:161} INFO - Started process (PID=30649) to work on /opt/airflow/dags/17_Xcoms.py
[2025-01-21T23:22:26.730+0000] {processor.py:830} INFO - Processing file /opt/airflow/dags/17_Xcoms.py for tasks to queue
[2025-01-21T23:22:26.732+0000] {logging_mixin.py:188} INFO - [2025-01-21T23:22:26.731+0000] {dagbag.py:538} INFO - Filling up the DagBag from /opt/airflow/dags/17_Xcoms.py
[2025-01-21T23:22:26.750+0000] {processor.py:840} INFO - DAG(s) '17_simple_xcom_dag' retrieved from /opt/airflow/dags/17_Xcoms.py
[2025-01-21T23:22:26.839+0000] {logging_mixin.py:188} INFO - [2025-01-21T23:22:26.838+0000] {dag.py:3036} INFO - Sync 1 DAGs
[2025-01-21T23:22:26.888+0000] {logging_mixin.py:188} INFO - [2025-01-21T23:22:26.888+0000] {dag.py:3823} INFO - Setting next_dagrun for 17_simple_xcom_dag to None, run_after=None
[2025-01-21T23:22:26.921+0000] {processor.py:183} INFO - Processing /opt/airflow/dags/17_Xcoms.py took 0.236 seconds
[2025-01-21T23:22:57.345+0000] {processor.py:161} INFO - Started process (PID=30732) to work on /opt/airflow/dags/17_Xcoms.py
[2025-01-21T23:22:57.346+0000] {processor.py:830} INFO - Processing file /opt/airflow/dags/17_Xcoms.py for tasks to queue
[2025-01-21T23:22:57.347+0000] {logging_mixin.py:188} INFO - [2025-01-21T23:22:57.347+0000] {dagbag.py:538} INFO - Filling up the DagBag from /opt/airflow/dags/17_Xcoms.py
[2025-01-21T23:22:57.356+0000] {processor.py:840} INFO - DAG(s) '17_simple_xcom_dag' retrieved from /opt/airflow/dags/17_Xcoms.py
[2025-01-21T23:22:57.399+0000] {logging_mixin.py:188} INFO - [2025-01-21T23:22:57.399+0000] {dag.py:3036} INFO - Sync 1 DAGs
[2025-01-21T23:22:57.435+0000] {logging_mixin.py:188} INFO - [2025-01-21T23:22:57.435+0000] {dag.py:3823} INFO - Setting next_dagrun for 17_simple_xcom_dag to None, run_after=None
[2025-01-21T23:22:57.468+0000] {processor.py:183} INFO - Processing /opt/airflow/dags/17_Xcoms.py took 0.128 seconds
[2025-01-21T23:23:27.930+0000] {processor.py:161} INFO - Started process (PID=30815) to work on /opt/airflow/dags/17_Xcoms.py
[2025-01-21T23:23:27.932+0000] {processor.py:830} INFO - Processing file /opt/airflow/dags/17_Xcoms.py for tasks to queue
[2025-01-21T23:23:27.934+0000] {logging_mixin.py:188} INFO - [2025-01-21T23:23:27.933+0000] {dagbag.py:538} INFO - Filling up the DagBag from /opt/airflow/dags/17_Xcoms.py
[2025-01-21T23:23:27.942+0000] {processor.py:840} INFO - DAG(s) '17_simple_xcom_dag' retrieved from /opt/airflow/dags/17_Xcoms.py
[2025-01-21T23:23:27.974+0000] {logging_mixin.py:188} INFO - [2025-01-21T23:23:27.973+0000] {dag.py:3036} INFO - Sync 1 DAGs
[2025-01-21T23:23:27.999+0000] {logging_mixin.py:188} INFO - [2025-01-21T23:23:27.998+0000] {dag.py:3823} INFO - Setting next_dagrun for 17_simple_xcom_dag to None, run_after=None
[2025-01-21T23:23:28.031+0000] {processor.py:183} INFO - Processing /opt/airflow/dags/17_Xcoms.py took 0.106 seconds
[2025-01-21T23:23:58.773+0000] {processor.py:161} INFO - Started process (PID=30899) to work on /opt/airflow/dags/17_Xcoms.py
[2025-01-21T23:23:58.775+0000] {processor.py:830} INFO - Processing file /opt/airflow/dags/17_Xcoms.py for tasks to queue
[2025-01-21T23:23:58.776+0000] {logging_mixin.py:188} INFO - [2025-01-21T23:23:58.775+0000] {dagbag.py:538} INFO - Filling up the DagBag from /opt/airflow/dags/17_Xcoms.py
[2025-01-21T23:23:58.785+0000] {processor.py:840} INFO - DAG(s) '17_simple_xcom_dag' retrieved from /opt/airflow/dags/17_Xcoms.py
[2025-01-21T23:23:58.816+0000] {logging_mixin.py:188} INFO - [2025-01-21T23:23:58.816+0000] {dag.py:3036} INFO - Sync 1 DAGs
[2025-01-21T23:23:58.842+0000] {logging_mixin.py:188} INFO - [2025-01-21T23:23:58.842+0000] {dag.py:3823} INFO - Setting next_dagrun for 17_simple_xcom_dag to None, run_after=None
[2025-01-21T23:23:58.876+0000] {processor.py:183} INFO - Processing /opt/airflow/dags/17_Xcoms.py took 0.108 seconds
[2025-01-21T23:24:28.973+0000] {processor.py:161} INFO - Started process (PID=30982) to work on /opt/airflow/dags/17_Xcoms.py
[2025-01-21T23:24:28.974+0000] {processor.py:830} INFO - Processing file /opt/airflow/dags/17_Xcoms.py for tasks to queue
[2025-01-21T23:24:28.976+0000] {logging_mixin.py:188} INFO - [2025-01-21T23:24:28.975+0000] {dagbag.py:538} INFO - Filling up the DagBag from /opt/airflow/dags/17_Xcoms.py
[2025-01-21T23:24:28.986+0000] {processor.py:840} INFO - DAG(s) '17_simple_xcom_dag' retrieved from /opt/airflow/dags/17_Xcoms.py
[2025-01-21T23:24:29.013+0000] {logging_mixin.py:188} INFO - [2025-01-21T23:24:29.013+0000] {dag.py:3036} INFO - Sync 1 DAGs
[2025-01-21T23:24:29.038+0000] {logging_mixin.py:188} INFO - [2025-01-21T23:24:29.038+0000] {dag.py:3823} INFO - Setting next_dagrun for 17_simple_xcom_dag to None, run_after=None
[2025-01-21T23:24:29.086+0000] {processor.py:183} INFO - Processing /opt/airflow/dags/17_Xcoms.py took 0.120 seconds
[2025-01-21T23:24:59.366+0000] {processor.py:161} INFO - Started process (PID=31065) to work on /opt/airflow/dags/17_Xcoms.py
[2025-01-21T23:24:59.367+0000] {processor.py:830} INFO - Processing file /opt/airflow/dags/17_Xcoms.py for tasks to queue
[2025-01-21T23:24:59.368+0000] {logging_mixin.py:188} INFO - [2025-01-21T23:24:59.368+0000] {dagbag.py:538} INFO - Filling up the DagBag from /opt/airflow/dags/17_Xcoms.py
[2025-01-21T23:24:59.377+0000] {processor.py:840} INFO - DAG(s) '17_simple_xcom_dag' retrieved from /opt/airflow/dags/17_Xcoms.py
[2025-01-21T23:24:59.408+0000] {logging_mixin.py:188} INFO - [2025-01-21T23:24:59.408+0000] {dag.py:3036} INFO - Sync 1 DAGs
[2025-01-21T23:24:59.433+0000] {logging_mixin.py:188} INFO - [2025-01-21T23:24:59.433+0000] {dag.py:3823} INFO - Setting next_dagrun for 17_simple_xcom_dag to None, run_after=None
[2025-01-21T23:24:59.466+0000] {processor.py:183} INFO - Processing /opt/airflow/dags/17_Xcoms.py took 0.106 seconds
[2025-01-21T23:25:30.230+0000] {processor.py:161} INFO - Started process (PID=31157) to work on /opt/airflow/dags/17_Xcoms.py
[2025-01-21T23:25:30.238+0000] {processor.py:830} INFO - Processing file /opt/airflow/dags/17_Xcoms.py for tasks to queue
[2025-01-21T23:25:30.240+0000] {logging_mixin.py:188} INFO - [2025-01-21T23:25:30.239+0000] {dagbag.py:538} INFO - Filling up the DagBag from /opt/airflow/dags/17_Xcoms.py
[2025-01-21T23:25:30.248+0000] {processor.py:840} INFO - DAG(s) '17_simple_xcom_dag' retrieved from /opt/airflow/dags/17_Xcoms.py
[2025-01-21T23:25:30.293+0000] {logging_mixin.py:188} INFO - [2025-01-21T23:25:30.293+0000] {dag.py:3036} INFO - Sync 1 DAGs
[2025-01-21T23:25:30.344+0000] {logging_mixin.py:188} INFO - [2025-01-21T23:25:30.343+0000] {dag.py:3823} INFO - Setting next_dagrun for 17_simple_xcom_dag to None, run_after=None
[2025-01-21T23:25:30.413+0000] {processor.py:183} INFO - Processing /opt/airflow/dags/17_Xcoms.py took 0.188 seconds
[2025-01-21T23:26:00.681+0000] {processor.py:161} INFO - Started process (PID=31241) to work on /opt/airflow/dags/17_Xcoms.py
[2025-01-21T23:26:00.687+0000] {processor.py:830} INFO - Processing file /opt/airflow/dags/17_Xcoms.py for tasks to queue
[2025-01-21T23:26:00.689+0000] {logging_mixin.py:188} INFO - [2025-01-21T23:26:00.689+0000] {dagbag.py:538} INFO - Filling up the DagBag from /opt/airflow/dags/17_Xcoms.py
[2025-01-21T23:26:00.704+0000] {processor.py:840} INFO - DAG(s) '17_simple_xcom_dag' retrieved from /opt/airflow/dags/17_Xcoms.py
[2025-01-21T23:26:00.747+0000] {logging_mixin.py:188} INFO - [2025-01-21T23:26:00.746+0000] {dag.py:3036} INFO - Sync 1 DAGs
[2025-01-21T23:26:00.797+0000] {logging_mixin.py:188} INFO - [2025-01-21T23:26:00.797+0000] {dag.py:3823} INFO - Setting next_dagrun for 17_simple_xcom_dag to None, run_after=None
[2025-01-21T23:26:00.865+0000] {processor.py:183} INFO - Processing /opt/airflow/dags/17_Xcoms.py took 0.194 seconds
[2025-01-21T23:26:31.082+0000] {processor.py:161} INFO - Started process (PID=31324) to work on /opt/airflow/dags/17_Xcoms.py
[2025-01-21T23:26:31.084+0000] {processor.py:830} INFO - Processing file /opt/airflow/dags/17_Xcoms.py for tasks to queue
[2025-01-21T23:26:31.086+0000] {logging_mixin.py:188} INFO - [2025-01-21T23:26:31.085+0000] {dagbag.py:538} INFO - Filling up the DagBag from /opt/airflow/dags/17_Xcoms.py
[2025-01-21T23:26:31.096+0000] {processor.py:840} INFO - DAG(s) '17_simple_xcom_dag' retrieved from /opt/airflow/dags/17_Xcoms.py
[2025-01-21T23:26:31.126+0000] {logging_mixin.py:188} INFO - [2025-01-21T23:26:31.125+0000] {dag.py:3036} INFO - Sync 1 DAGs
[2025-01-21T23:26:31.152+0000] {logging_mixin.py:188} INFO - [2025-01-21T23:26:31.151+0000] {dag.py:3823} INFO - Setting next_dagrun for 17_simple_xcom_dag to None, run_after=None
[2025-01-21T23:26:31.204+0000] {processor.py:183} INFO - Processing /opt/airflow/dags/17_Xcoms.py took 0.127 seconds
[2025-01-21T23:27:01.423+0000] {processor.py:161} INFO - Started process (PID=31406) to work on /opt/airflow/dags/17_Xcoms.py
[2025-01-21T23:27:01.424+0000] {processor.py:830} INFO - Processing file /opt/airflow/dags/17_Xcoms.py for tasks to queue
[2025-01-21T23:27:01.426+0000] {logging_mixin.py:188} INFO - [2025-01-21T23:27:01.425+0000] {dagbag.py:538} INFO - Filling up the DagBag from /opt/airflow/dags/17_Xcoms.py
[2025-01-21T23:27:01.434+0000] {processor.py:840} INFO - DAG(s) '17_simple_xcom_dag' retrieved from /opt/airflow/dags/17_Xcoms.py
[2025-01-21T23:27:01.472+0000] {logging_mixin.py:188} INFO - [2025-01-21T23:27:01.472+0000] {dag.py:3036} INFO - Sync 1 DAGs
[2025-01-21T23:27:01.497+0000] {logging_mixin.py:188} INFO - [2025-01-21T23:27:01.496+0000] {dag.py:3823} INFO - Setting next_dagrun for 17_simple_xcom_dag to None, run_after=None
[2025-01-21T23:27:01.540+0000] {processor.py:183} INFO - Processing /opt/airflow/dags/17_Xcoms.py took 0.121 seconds
[2025-01-21T23:27:32.084+0000] {processor.py:161} INFO - Started process (PID=31482) to work on /opt/airflow/dags/17_Xcoms.py
[2025-01-21T23:27:32.087+0000] {processor.py:830} INFO - Processing file /opt/airflow/dags/17_Xcoms.py for tasks to queue
[2025-01-21T23:27:32.089+0000] {logging_mixin.py:188} INFO - [2025-01-21T23:27:32.088+0000] {dagbag.py:538} INFO - Filling up the DagBag from /opt/airflow/dags/17_Xcoms.py
[2025-01-21T23:27:32.098+0000] {processor.py:840} INFO - DAG(s) '17_simple_xcom_dag' retrieved from /opt/airflow/dags/17_Xcoms.py
[2025-01-21T23:27:32.130+0000] {logging_mixin.py:188} INFO - [2025-01-21T23:27:32.130+0000] {dag.py:3036} INFO - Sync 1 DAGs
[2025-01-21T23:27:32.157+0000] {logging_mixin.py:188} INFO - [2025-01-21T23:27:32.157+0000] {dag.py:3823} INFO - Setting next_dagrun for 17_simple_xcom_dag to None, run_after=None
[2025-01-21T23:27:32.193+0000] {processor.py:183} INFO - Processing /opt/airflow/dags/17_Xcoms.py took 0.114 seconds
[2025-01-21T23:28:02.743+0000] {processor.py:161} INFO - Started process (PID=31565) to work on /opt/airflow/dags/17_Xcoms.py
[2025-01-21T23:28:02.744+0000] {processor.py:830} INFO - Processing file /opt/airflow/dags/17_Xcoms.py for tasks to queue
[2025-01-21T23:28:02.746+0000] {logging_mixin.py:188} INFO - [2025-01-21T23:28:02.745+0000] {dagbag.py:538} INFO - Filling up the DagBag from /opt/airflow/dags/17_Xcoms.py
[2025-01-21T23:28:02.756+0000] {processor.py:840} INFO - DAG(s) '17_simple_xcom_dag' retrieved from /opt/airflow/dags/17_Xcoms.py
[2025-01-21T23:28:02.792+0000] {logging_mixin.py:188} INFO - [2025-01-21T23:28:02.792+0000] {dag.py:3036} INFO - Sync 1 DAGs
[2025-01-21T23:28:02.819+0000] {logging_mixin.py:188} INFO - [2025-01-21T23:28:02.819+0000] {dag.py:3823} INFO - Setting next_dagrun for 17_simple_xcom_dag to None, run_after=None
[2025-01-21T23:28:02.864+0000] {processor.py:183} INFO - Processing /opt/airflow/dags/17_Xcoms.py took 0.127 seconds
[2025-01-21T23:28:34.018+0000] {processor.py:161} INFO - Started process (PID=31639) to work on /opt/airflow/dags/17_Xcoms.py
[2025-01-21T23:28:34.026+0000] {processor.py:830} INFO - Processing file /opt/airflow/dags/17_Xcoms.py for tasks to queue
[2025-01-21T23:28:34.028+0000] {logging_mixin.py:188} INFO - [2025-01-21T23:28:34.028+0000] {dagbag.py:538} INFO - Filling up the DagBag from /opt/airflow/dags/17_Xcoms.py
[2025-01-21T23:28:34.044+0000] {processor.py:840} INFO - DAG(s) '17_simple_xcom_dag' retrieved from /opt/airflow/dags/17_Xcoms.py
[2025-01-21T23:28:34.088+0000] {logging_mixin.py:188} INFO - [2025-01-21T23:28:34.088+0000] {dag.py:3036} INFO - Sync 1 DAGs
[2025-01-21T23:28:34.384+0000] {logging_mixin.py:188} INFO - [2025-01-21T23:28:34.383+0000] {dag.py:3823} INFO - Setting next_dagrun for 17_simple_xcom_dag to None, run_after=None
[2025-01-21T23:28:34.439+0000] {processor.py:183} INFO - Processing /opt/airflow/dags/17_Xcoms.py took 0.441 seconds
[2025-01-21T23:29:04.544+0000] {processor.py:161} INFO - Started process (PID=31717) to work on /opt/airflow/dags/17_Xcoms.py
[2025-01-21T23:29:04.546+0000] {processor.py:830} INFO - Processing file /opt/airflow/dags/17_Xcoms.py for tasks to queue
[2025-01-21T23:29:04.555+0000] {logging_mixin.py:188} INFO - [2025-01-21T23:29:04.547+0000] {dagbag.py:538} INFO - Filling up the DagBag from /opt/airflow/dags/17_Xcoms.py
[2025-01-21T23:29:04.571+0000] {processor.py:840} INFO - DAG(s) '17_simple_xcom_dag' retrieved from /opt/airflow/dags/17_Xcoms.py
[2025-01-21T23:29:04.628+0000] {logging_mixin.py:188} INFO - [2025-01-21T23:29:04.628+0000] {dag.py:3036} INFO - Sync 1 DAGs
[2025-01-21T23:29:04.654+0000] {logging_mixin.py:188} INFO - [2025-01-21T23:29:04.654+0000] {dag.py:3823} INFO - Setting next_dagrun for 17_simple_xcom_dag to None, run_after=None
[2025-01-21T23:29:04.709+0000] {processor.py:183} INFO - Processing /opt/airflow/dags/17_Xcoms.py took 0.171 seconds
[2025-01-21T23:29:35.051+0000] {processor.py:161} INFO - Started process (PID=31795) to work on /opt/airflow/dags/17_Xcoms.py
[2025-01-21T23:29:35.052+0000] {processor.py:830} INFO - Processing file /opt/airflow/dags/17_Xcoms.py for tasks to queue
[2025-01-21T23:29:35.053+0000] {logging_mixin.py:188} INFO - [2025-01-21T23:29:35.053+0000] {dagbag.py:538} INFO - Filling up the DagBag from /opt/airflow/dags/17_Xcoms.py
[2025-01-21T23:29:35.062+0000] {processor.py:840} INFO - DAG(s) '17_simple_xcom_dag' retrieved from /opt/airflow/dags/17_Xcoms.py
[2025-01-21T23:29:35.093+0000] {logging_mixin.py:188} INFO - [2025-01-21T23:29:35.092+0000] {dag.py:3036} INFO - Sync 1 DAGs
[2025-01-21T23:29:35.117+0000] {logging_mixin.py:188} INFO - [2025-01-21T23:29:35.116+0000] {dag.py:3823} INFO - Setting next_dagrun for 17_simple_xcom_dag to None, run_after=None
[2025-01-21T23:29:35.149+0000] {processor.py:183} INFO - Processing /opt/airflow/dags/17_Xcoms.py took 0.103 seconds
[2025-01-21T23:30:05.999+0000] {processor.py:161} INFO - Started process (PID=31879) to work on /opt/airflow/dags/17_Xcoms.py
[2025-01-21T23:30:06.007+0000] {processor.py:830} INFO - Processing file /opt/airflow/dags/17_Xcoms.py for tasks to queue
[2025-01-21T23:30:06.016+0000] {logging_mixin.py:188} INFO - [2025-01-21T23:30:06.015+0000] {dagbag.py:538} INFO - Filling up the DagBag from /opt/airflow/dags/17_Xcoms.py
[2025-01-21T23:30:06.039+0000] {processor.py:840} INFO - DAG(s) '17_simple_xcom_dag' retrieved from /opt/airflow/dags/17_Xcoms.py
[2025-01-21T23:30:06.099+0000] {logging_mixin.py:188} INFO - [2025-01-21T23:30:06.098+0000] {dag.py:3036} INFO - Sync 1 DAGs
[2025-01-21T23:30:06.129+0000] {logging_mixin.py:188} INFO - [2025-01-21T23:30:06.128+0000] {dag.py:3823} INFO - Setting next_dagrun for 17_simple_xcom_dag to None, run_after=None
[2025-01-21T23:30:06.192+0000] {processor.py:183} INFO - Processing /opt/airflow/dags/17_Xcoms.py took 0.201 seconds
[2025-01-21T23:30:36.831+0000] {processor.py:161} INFO - Started process (PID=31963) to work on /opt/airflow/dags/17_Xcoms.py
[2025-01-21T23:30:36.833+0000] {processor.py:830} INFO - Processing file /opt/airflow/dags/17_Xcoms.py for tasks to queue
[2025-01-21T23:30:36.835+0000] {logging_mixin.py:188} INFO - [2025-01-21T23:30:36.834+0000] {dagbag.py:538} INFO - Filling up the DagBag from /opt/airflow/dags/17_Xcoms.py
[2025-01-21T23:30:36.842+0000] {processor.py:840} INFO - DAG(s) '17_simple_xcom_dag' retrieved from /opt/airflow/dags/17_Xcoms.py
[2025-01-21T23:30:36.888+0000] {logging_mixin.py:188} INFO - [2025-01-21T23:30:36.887+0000] {dag.py:3036} INFO - Sync 1 DAGs
[2025-01-21T23:30:36.915+0000] {logging_mixin.py:188} INFO - [2025-01-21T23:30:36.915+0000] {dag.py:3823} INFO - Setting next_dagrun for 17_simple_xcom_dag to None, run_after=None
[2025-01-21T23:30:36.971+0000] {processor.py:183} INFO - Processing /opt/airflow/dags/17_Xcoms.py took 0.157 seconds
[2025-01-21T23:31:07.387+0000] {processor.py:161} INFO - Started process (PID=32047) to work on /opt/airflow/dags/17_Xcoms.py
[2025-01-21T23:31:07.388+0000] {processor.py:830} INFO - Processing file /opt/airflow/dags/17_Xcoms.py for tasks to queue
[2025-01-21T23:31:07.390+0000] {logging_mixin.py:188} INFO - [2025-01-21T23:31:07.389+0000] {dagbag.py:538} INFO - Filling up the DagBag from /opt/airflow/dags/17_Xcoms.py
[2025-01-21T23:31:07.398+0000] {processor.py:840} INFO - DAG(s) '17_simple_xcom_dag' retrieved from /opt/airflow/dags/17_Xcoms.py
[2025-01-21T23:31:07.432+0000] {logging_mixin.py:188} INFO - [2025-01-21T23:31:07.431+0000] {dag.py:3036} INFO - Sync 1 DAGs
[2025-01-21T23:31:07.456+0000] {logging_mixin.py:188} INFO - [2025-01-21T23:31:07.455+0000] {dag.py:3823} INFO - Setting next_dagrun for 17_simple_xcom_dag to None, run_after=None
[2025-01-21T23:31:07.493+0000] {processor.py:183} INFO - Processing /opt/airflow/dags/17_Xcoms.py took 0.111 seconds
[2025-01-21T23:31:37.867+0000] {processor.py:161} INFO - Started process (PID=32131) to work on /opt/airflow/dags/17_Xcoms.py
[2025-01-21T23:31:37.868+0000] {processor.py:830} INFO - Processing file /opt/airflow/dags/17_Xcoms.py for tasks to queue
[2025-01-21T23:31:37.869+0000] {logging_mixin.py:188} INFO - [2025-01-21T23:31:37.869+0000] {dagbag.py:538} INFO - Filling up the DagBag from /opt/airflow/dags/17_Xcoms.py
[2025-01-21T23:31:37.880+0000] {processor.py:840} INFO - DAG(s) '17_simple_xcom_dag' retrieved from /opt/airflow/dags/17_Xcoms.py
[2025-01-21T23:31:37.912+0000] {logging_mixin.py:188} INFO - [2025-01-21T23:31:37.912+0000] {dag.py:3036} INFO - Sync 1 DAGs
[2025-01-21T23:31:37.940+0000] {logging_mixin.py:188} INFO - [2025-01-21T23:31:37.939+0000] {dag.py:3823} INFO - Setting next_dagrun for 17_simple_xcom_dag to None, run_after=None
[2025-01-21T23:31:37.973+0000] {processor.py:183} INFO - Processing /opt/airflow/dags/17_Xcoms.py took 0.111 seconds
[2025-01-21T23:32:08.616+0000] {processor.py:161} INFO - Started process (PID=32214) to work on /opt/airflow/dags/17_Xcoms.py
[2025-01-21T23:32:08.618+0000] {processor.py:830} INFO - Processing file /opt/airflow/dags/17_Xcoms.py for tasks to queue
[2025-01-21T23:32:08.619+0000] {logging_mixin.py:188} INFO - [2025-01-21T23:32:08.619+0000] {dagbag.py:538} INFO - Filling up the DagBag from /opt/airflow/dags/17_Xcoms.py
[2025-01-21T23:32:08.627+0000] {processor.py:840} INFO - DAG(s) '17_simple_xcom_dag' retrieved from /opt/airflow/dags/17_Xcoms.py
[2025-01-21T23:32:08.670+0000] {logging_mixin.py:188} INFO - [2025-01-21T23:32:08.669+0000] {dag.py:3036} INFO - Sync 1 DAGs
[2025-01-21T23:32:08.696+0000] {logging_mixin.py:188} INFO - [2025-01-21T23:32:08.695+0000] {dag.py:3823} INFO - Setting next_dagrun for 17_simple_xcom_dag to None, run_after=None
[2025-01-21T23:32:08.730+0000] {processor.py:183} INFO - Processing /opt/airflow/dags/17_Xcoms.py took 0.119 seconds
[2025-01-21T23:32:39.218+0000] {processor.py:161} INFO - Started process (PID=32298) to work on /opt/airflow/dags/17_Xcoms.py
[2025-01-21T23:32:39.220+0000] {processor.py:830} INFO - Processing file /opt/airflow/dags/17_Xcoms.py for tasks to queue
[2025-01-21T23:32:39.221+0000] {logging_mixin.py:188} INFO - [2025-01-21T23:32:39.221+0000] {dagbag.py:538} INFO - Filling up the DagBag from /opt/airflow/dags/17_Xcoms.py
[2025-01-21T23:32:39.229+0000] {processor.py:840} INFO - DAG(s) '17_simple_xcom_dag' retrieved from /opt/airflow/dags/17_Xcoms.py
[2025-01-21T23:32:39.260+0000] {logging_mixin.py:188} INFO - [2025-01-21T23:32:39.260+0000] {dag.py:3036} INFO - Sync 1 DAGs
[2025-01-21T23:32:39.285+0000] {logging_mixin.py:188} INFO - [2025-01-21T23:32:39.285+0000] {dag.py:3823} INFO - Setting next_dagrun for 17_simple_xcom_dag to None, run_after=None
[2025-01-21T23:32:39.318+0000] {processor.py:183} INFO - Processing /opt/airflow/dags/17_Xcoms.py took 0.104 seconds
[2025-01-21T23:33:09.781+0000] {processor.py:161} INFO - Started process (PID=32383) to work on /opt/airflow/dags/17_Xcoms.py
[2025-01-21T23:33:09.783+0000] {processor.py:830} INFO - Processing file /opt/airflow/dags/17_Xcoms.py for tasks to queue
[2025-01-21T23:33:09.786+0000] {logging_mixin.py:188} INFO - [2025-01-21T23:33:09.785+0000] {dagbag.py:538} INFO - Filling up the DagBag from /opt/airflow/dags/17_Xcoms.py
[2025-01-21T23:33:09.798+0000] {processor.py:840} INFO - DAG(s) '17_simple_xcom_dag' retrieved from /opt/airflow/dags/17_Xcoms.py
[2025-01-21T23:33:09.835+0000] {logging_mixin.py:188} INFO - [2025-01-21T23:33:09.834+0000] {dag.py:3036} INFO - Sync 1 DAGs
[2025-01-21T23:33:09.862+0000] {logging_mixin.py:188} INFO - [2025-01-21T23:33:09.861+0000] {dag.py:3823} INFO - Setting next_dagrun for 17_simple_xcom_dag to None, run_after=None
[2025-01-21T23:33:09.896+0000] {processor.py:183} INFO - Processing /opt/airflow/dags/17_Xcoms.py took 0.119 seconds
[2025-01-21T23:33:40.809+0000] {processor.py:161} INFO - Started process (PID=32469) to work on /opt/airflow/dags/17_Xcoms.py
[2025-01-21T23:33:40.810+0000] {processor.py:830} INFO - Processing file /opt/airflow/dags/17_Xcoms.py for tasks to queue
[2025-01-21T23:33:40.812+0000] {logging_mixin.py:188} INFO - [2025-01-21T23:33:40.811+0000] {dagbag.py:538} INFO - Filling up the DagBag from /opt/airflow/dags/17_Xcoms.py
[2025-01-21T23:33:40.821+0000] {processor.py:840} INFO - DAG(s) '17_simple_xcom_dag' retrieved from /opt/airflow/dags/17_Xcoms.py
[2025-01-21T23:33:40.856+0000] {logging_mixin.py:188} INFO - [2025-01-21T23:33:40.856+0000] {dag.py:3036} INFO - Sync 1 DAGs
[2025-01-21T23:33:40.883+0000] {logging_mixin.py:188} INFO - [2025-01-21T23:33:40.882+0000] {dag.py:3823} INFO - Setting next_dagrun for 17_simple_xcom_dag to None, run_after=None
[2025-01-21T23:33:40.917+0000] {processor.py:183} INFO - Processing /opt/airflow/dags/17_Xcoms.py took 0.113 seconds
[2025-01-21T23:34:11.037+0000] {processor.py:161} INFO - Started process (PID=32554) to work on /opt/airflow/dags/17_Xcoms.py
[2025-01-21T23:34:11.038+0000] {processor.py:830} INFO - Processing file /opt/airflow/dags/17_Xcoms.py for tasks to queue
[2025-01-21T23:34:11.040+0000] {logging_mixin.py:188} INFO - [2025-01-21T23:34:11.039+0000] {dagbag.py:538} INFO - Filling up the DagBag from /opt/airflow/dags/17_Xcoms.py
[2025-01-21T23:34:11.055+0000] {processor.py:840} INFO - DAG(s) '17_simple_xcom_dag' retrieved from /opt/airflow/dags/17_Xcoms.py
[2025-01-21T23:34:11.092+0000] {logging_mixin.py:188} INFO - [2025-01-21T23:34:11.091+0000] {dag.py:3036} INFO - Sync 1 DAGs
[2025-01-21T23:34:11.120+0000] {logging_mixin.py:188} INFO - [2025-01-21T23:34:11.120+0000] {dag.py:3823} INFO - Setting next_dagrun for 17_simple_xcom_dag to None, run_after=None
[2025-01-21T23:34:11.156+0000] {processor.py:183} INFO - Processing /opt/airflow/dags/17_Xcoms.py took 0.125 seconds
[2025-01-21T23:34:41.828+0000] {processor.py:161} INFO - Started process (PID=32640) to work on /opt/airflow/dags/17_Xcoms.py
[2025-01-21T23:34:41.830+0000] {processor.py:830} INFO - Processing file /opt/airflow/dags/17_Xcoms.py for tasks to queue
[2025-01-21T23:34:41.832+0000] {logging_mixin.py:188} INFO - [2025-01-21T23:34:41.831+0000] {dagbag.py:538} INFO - Filling up the DagBag from /opt/airflow/dags/17_Xcoms.py
[2025-01-21T23:34:41.843+0000] {processor.py:840} INFO - DAG(s) '17_simple_xcom_dag' retrieved from /opt/airflow/dags/17_Xcoms.py
[2025-01-21T23:34:41.878+0000] {logging_mixin.py:188} INFO - [2025-01-21T23:34:41.878+0000] {dag.py:3036} INFO - Sync 1 DAGs
[2025-01-21T23:34:41.903+0000] {logging_mixin.py:188} INFO - [2025-01-21T23:34:41.903+0000] {dag.py:3823} INFO - Setting next_dagrun for 17_simple_xcom_dag to None, run_after=None
[2025-01-21T23:34:41.940+0000] {processor.py:183} INFO - Processing /opt/airflow/dags/17_Xcoms.py took 0.129 seconds
[2025-01-21T23:35:12.173+0000] {processor.py:161} INFO - Started process (PID=32724) to work on /opt/airflow/dags/17_Xcoms.py
[2025-01-21T23:35:12.175+0000] {processor.py:830} INFO - Processing file /opt/airflow/dags/17_Xcoms.py for tasks to queue
[2025-01-21T23:35:12.176+0000] {logging_mixin.py:188} INFO - [2025-01-21T23:35:12.176+0000] {dagbag.py:538} INFO - Filling up the DagBag from /opt/airflow/dags/17_Xcoms.py
[2025-01-21T23:35:12.184+0000] {processor.py:840} INFO - DAG(s) '17_simple_xcom_dag' retrieved from /opt/airflow/dags/17_Xcoms.py
[2025-01-21T23:35:12.215+0000] {logging_mixin.py:188} INFO - [2025-01-21T23:35:12.215+0000] {dag.py:3036} INFO - Sync 1 DAGs
[2025-01-21T23:35:12.238+0000] {logging_mixin.py:188} INFO - [2025-01-21T23:35:12.238+0000] {dag.py:3823} INFO - Setting next_dagrun for 17_simple_xcom_dag to None, run_after=None
[2025-01-21T23:35:12.272+0000] {processor.py:183} INFO - Processing /opt/airflow/dags/17_Xcoms.py took 0.104 seconds
[2025-01-21T23:35:42.913+0000] {processor.py:161} INFO - Started process (PID=32809) to work on /opt/airflow/dags/17_Xcoms.py
[2025-01-21T23:35:42.915+0000] {processor.py:830} INFO - Processing file /opt/airflow/dags/17_Xcoms.py for tasks to queue
[2025-01-21T23:35:42.916+0000] {logging_mixin.py:188} INFO - [2025-01-21T23:35:42.916+0000] {dagbag.py:538} INFO - Filling up the DagBag from /opt/airflow/dags/17_Xcoms.py
[2025-01-21T23:35:42.926+0000] {processor.py:840} INFO - DAG(s) '17_simple_xcom_dag' retrieved from /opt/airflow/dags/17_Xcoms.py
[2025-01-21T23:35:42.985+0000] {logging_mixin.py:188} INFO - [2025-01-21T23:35:42.985+0000] {dag.py:3036} INFO - Sync 1 DAGs
[2025-01-21T23:35:43.029+0000] {logging_mixin.py:188} INFO - [2025-01-21T23:35:43.028+0000] {dag.py:3823} INFO - Setting next_dagrun for 17_simple_xcom_dag to None, run_after=None
[2025-01-21T23:35:43.097+0000] {processor.py:183} INFO - Processing /opt/airflow/dags/17_Xcoms.py took 0.198 seconds
[2025-01-21T23:36:13.292+0000] {processor.py:161} INFO - Started process (PID=32895) to work on /opt/airflow/dags/17_Xcoms.py
[2025-01-21T23:36:13.294+0000] {processor.py:830} INFO - Processing file /opt/airflow/dags/17_Xcoms.py for tasks to queue
[2025-01-21T23:36:13.297+0000] {logging_mixin.py:188} INFO - [2025-01-21T23:36:13.296+0000] {dagbag.py:538} INFO - Filling up the DagBag from /opt/airflow/dags/17_Xcoms.py
[2025-01-21T23:36:13.307+0000] {processor.py:840} INFO - DAG(s) '17_simple_xcom_dag' retrieved from /opt/airflow/dags/17_Xcoms.py
[2025-01-21T23:36:13.362+0000] {logging_mixin.py:188} INFO - [2025-01-21T23:36:13.362+0000] {dag.py:3036} INFO - Sync 1 DAGs
[2025-01-21T23:36:13.389+0000] {logging_mixin.py:188} INFO - [2025-01-21T23:36:13.389+0000] {dag.py:3823} INFO - Setting next_dagrun for 17_simple_xcom_dag to None, run_after=None
[2025-01-21T23:36:13.443+0000] {processor.py:183} INFO - Processing /opt/airflow/dags/17_Xcoms.py took 0.156 seconds
[2025-01-21T23:36:43.829+0000] {processor.py:161} INFO - Started process (PID=32980) to work on /opt/airflow/dags/17_Xcoms.py
[2025-01-21T23:36:43.839+0000] {processor.py:830} INFO - Processing file /opt/airflow/dags/17_Xcoms.py for tasks to queue
[2025-01-21T23:36:43.840+0000] {logging_mixin.py:188} INFO - [2025-01-21T23:36:43.840+0000] {dagbag.py:538} INFO - Filling up the DagBag from /opt/airflow/dags/17_Xcoms.py
[2025-01-21T23:36:43.864+0000] {processor.py:840} INFO - DAG(s) '17_simple_xcom_dag' retrieved from /opt/airflow/dags/17_Xcoms.py
[2025-01-21T23:36:43.932+0000] {logging_mixin.py:188} INFO - [2025-01-21T23:36:43.931+0000] {dag.py:3036} INFO - Sync 1 DAGs
[2025-01-21T23:36:43.960+0000] {logging_mixin.py:188} INFO - [2025-01-21T23:36:43.959+0000] {dag.py:3823} INFO - Setting next_dagrun for 17_simple_xcom_dag to None, run_after=None
[2025-01-21T23:36:44.023+0000] {processor.py:183} INFO - Processing /opt/airflow/dags/17_Xcoms.py took 0.200 seconds
[2025-01-21T23:37:14.078+0000] {processor.py:161} INFO - Started process (PID=33060) to work on /opt/airflow/dags/17_Xcoms.py
[2025-01-21T23:37:14.088+0000] {processor.py:830} INFO - Processing file /opt/airflow/dags/17_Xcoms.py for tasks to queue
[2025-01-21T23:37:14.089+0000] {logging_mixin.py:188} INFO - [2025-01-21T23:37:14.089+0000] {dagbag.py:538} INFO - Filling up the DagBag from /opt/airflow/dags/17_Xcoms.py
[2025-01-21T23:37:14.103+0000] {processor.py:840} INFO - DAG(s) '17_simple_xcom_dag' retrieved from /opt/airflow/dags/17_Xcoms.py
[2025-01-21T23:37:14.132+0000] {logging_mixin.py:188} INFO - [2025-01-21T23:37:14.132+0000] {dag.py:3036} INFO - Sync 1 DAGs
[2025-01-21T23:37:14.156+0000] {logging_mixin.py:188} INFO - [2025-01-21T23:37:14.156+0000] {dag.py:3823} INFO - Setting next_dagrun for 17_simple_xcom_dag to None, run_after=None
[2025-01-21T23:37:14.205+0000] {processor.py:183} INFO - Processing /opt/airflow/dags/17_Xcoms.py took 0.131 seconds
[2025-01-21T23:37:44.371+0000] {processor.py:161} INFO - Started process (PID=33137) to work on /opt/airflow/dags/17_Xcoms.py
[2025-01-21T23:37:44.373+0000] {processor.py:830} INFO - Processing file /opt/airflow/dags/17_Xcoms.py for tasks to queue
[2025-01-21T23:37:44.374+0000] {logging_mixin.py:188} INFO - [2025-01-21T23:37:44.374+0000] {dagbag.py:538} INFO - Filling up the DagBag from /opt/airflow/dags/17_Xcoms.py
[2025-01-21T23:37:44.386+0000] {processor.py:840} INFO - DAG(s) '17_simple_xcom_dag' retrieved from /opt/airflow/dags/17_Xcoms.py
[2025-01-21T23:37:44.417+0000] {logging_mixin.py:188} INFO - [2025-01-21T23:37:44.417+0000] {dag.py:3036} INFO - Sync 1 DAGs
[2025-01-21T23:37:44.452+0000] {logging_mixin.py:188} INFO - [2025-01-21T23:37:44.451+0000] {dag.py:3823} INFO - Setting next_dagrun for 17_simple_xcom_dag to None, run_after=None
[2025-01-21T23:37:44.490+0000] {processor.py:183} INFO - Processing /opt/airflow/dags/17_Xcoms.py took 0.123 seconds
[2025-01-21T23:38:14.820+0000] {processor.py:161} INFO - Started process (PID=33221) to work on /opt/airflow/dags/17_Xcoms.py
[2025-01-21T23:38:14.828+0000] {processor.py:830} INFO - Processing file /opt/airflow/dags/17_Xcoms.py for tasks to queue
[2025-01-21T23:38:14.831+0000] {logging_mixin.py:188} INFO - [2025-01-21T23:38:14.831+0000] {dagbag.py:538} INFO - Filling up the DagBag from /opt/airflow/dags/17_Xcoms.py
[2025-01-21T23:38:14.841+0000] {processor.py:840} INFO - DAG(s) '17_simple_xcom_dag' retrieved from /opt/airflow/dags/17_Xcoms.py
[2025-01-21T23:38:14.903+0000] {logging_mixin.py:188} INFO - [2025-01-21T23:38:14.901+0000] {dag.py:3036} INFO - Sync 1 DAGs
[2025-01-21T23:38:14.937+0000] {logging_mixin.py:188} INFO - [2025-01-21T23:38:14.937+0000] {dag.py:3823} INFO - Setting next_dagrun for 17_simple_xcom_dag to None, run_after=None
[2025-01-21T23:38:15.041+0000] {processor.py:183} INFO - Processing /opt/airflow/dags/17_Xcoms.py took 0.226 seconds
[2025-01-21T23:38:45.478+0000] {processor.py:161} INFO - Started process (PID=33306) to work on /opt/airflow/dags/17_Xcoms.py
[2025-01-21T23:38:45.480+0000] {processor.py:830} INFO - Processing file /opt/airflow/dags/17_Xcoms.py for tasks to queue
[2025-01-21T23:38:45.482+0000] {logging_mixin.py:188} INFO - [2025-01-21T23:38:45.481+0000] {dagbag.py:538} INFO - Filling up the DagBag from /opt/airflow/dags/17_Xcoms.py
[2025-01-21T23:38:45.491+0000] {processor.py:840} INFO - DAG(s) '17_simple_xcom_dag' retrieved from /opt/airflow/dags/17_Xcoms.py
[2025-01-21T23:38:45.520+0000] {logging_mixin.py:188} INFO - [2025-01-21T23:38:45.519+0000] {dag.py:3036} INFO - Sync 1 DAGs
[2025-01-21T23:38:45.543+0000] {logging_mixin.py:188} INFO - [2025-01-21T23:38:45.543+0000] {dag.py:3823} INFO - Setting next_dagrun for 17_simple_xcom_dag to None, run_after=None
[2025-01-21T23:38:45.575+0000] {processor.py:183} INFO - Processing /opt/airflow/dags/17_Xcoms.py took 0.101 seconds
[2025-01-21T23:39:15.858+0000] {processor.py:161} INFO - Started process (PID=33391) to work on /opt/airflow/dags/17_Xcoms.py
[2025-01-21T23:39:15.862+0000] {processor.py:830} INFO - Processing file /opt/airflow/dags/17_Xcoms.py for tasks to queue
[2025-01-21T23:39:15.863+0000] {logging_mixin.py:188} INFO - [2025-01-21T23:39:15.862+0000] {dagbag.py:538} INFO - Filling up the DagBag from /opt/airflow/dags/17_Xcoms.py
[2025-01-21T23:39:15.872+0000] {processor.py:840} INFO - DAG(s) '17_simple_xcom_dag' retrieved from /opt/airflow/dags/17_Xcoms.py
[2025-01-21T23:39:15.901+0000] {logging_mixin.py:188} INFO - [2025-01-21T23:39:15.900+0000] {dag.py:3036} INFO - Sync 1 DAGs
[2025-01-21T23:39:15.925+0000] {logging_mixin.py:188} INFO - [2025-01-21T23:39:15.925+0000] {dag.py:3823} INFO - Setting next_dagrun for 17_simple_xcom_dag to None, run_after=None
[2025-01-21T23:39:15.959+0000] {processor.py:183} INFO - Processing /opt/airflow/dags/17_Xcoms.py took 0.108 seconds
[2025-01-21T23:39:46.471+0000] {processor.py:161} INFO - Started process (PID=33477) to work on /opt/airflow/dags/17_Xcoms.py
[2025-01-21T23:39:46.472+0000] {processor.py:830} INFO - Processing file /opt/airflow/dags/17_Xcoms.py for tasks to queue
[2025-01-21T23:39:46.473+0000] {logging_mixin.py:188} INFO - [2025-01-21T23:39:46.473+0000] {dagbag.py:538} INFO - Filling up the DagBag from /opt/airflow/dags/17_Xcoms.py
[2025-01-21T23:39:46.481+0000] {processor.py:840} INFO - DAG(s) '17_simple_xcom_dag' retrieved from /opt/airflow/dags/17_Xcoms.py
[2025-01-21T23:39:46.511+0000] {logging_mixin.py:188} INFO - [2025-01-21T23:39:46.510+0000] {dag.py:3036} INFO - Sync 1 DAGs
[2025-01-21T23:39:46.534+0000] {logging_mixin.py:188} INFO - [2025-01-21T23:39:46.534+0000] {dag.py:3823} INFO - Setting next_dagrun for 17_simple_xcom_dag to None, run_after=None
[2025-01-21T23:39:46.567+0000] {processor.py:183} INFO - Processing /opt/airflow/dags/17_Xcoms.py took 0.101 seconds
[2025-01-21T23:40:16.896+0000] {processor.py:161} INFO - Started process (PID=33563) to work on /opt/airflow/dags/17_Xcoms.py
[2025-01-21T23:40:16.903+0000] {processor.py:830} INFO - Processing file /opt/airflow/dags/17_Xcoms.py for tasks to queue
[2025-01-21T23:40:16.905+0000] {logging_mixin.py:188} INFO - [2025-01-21T23:40:16.904+0000] {dagbag.py:538} INFO - Filling up the DagBag from /opt/airflow/dags/17_Xcoms.py
[2025-01-21T23:40:16.913+0000] {processor.py:840} INFO - DAG(s) '17_simple_xcom_dag' retrieved from /opt/airflow/dags/17_Xcoms.py
[2025-01-21T23:40:16.990+0000] {logging_mixin.py:188} INFO - [2025-01-21T23:40:16.990+0000] {dag.py:3036} INFO - Sync 1 DAGs
[2025-01-21T23:40:17.043+0000] {logging_mixin.py:188} INFO - [2025-01-21T23:40:17.042+0000] {dag.py:3823} INFO - Setting next_dagrun for 17_simple_xcom_dag to None, run_after=None
[2025-01-21T23:40:17.117+0000] {processor.py:183} INFO - Processing /opt/airflow/dags/17_Xcoms.py took 0.233 seconds
[2025-01-21T23:40:47.230+0000] {processor.py:161} INFO - Started process (PID=33648) to work on /opt/airflow/dags/17_Xcoms.py
[2025-01-21T23:40:47.240+0000] {processor.py:830} INFO - Processing file /opt/airflow/dags/17_Xcoms.py for tasks to queue
[2025-01-21T23:40:47.241+0000] {logging_mixin.py:188} INFO - [2025-01-21T23:40:47.240+0000] {dagbag.py:538} INFO - Filling up the DagBag from /opt/airflow/dags/17_Xcoms.py
[2025-01-21T23:40:47.257+0000] {processor.py:840} INFO - DAG(s) '17_simple_xcom_dag' retrieved from /opt/airflow/dags/17_Xcoms.py
[2025-01-21T23:40:47.316+0000] {logging_mixin.py:188} INFO - [2025-01-21T23:40:47.315+0000] {dag.py:3036} INFO - Sync 1 DAGs
[2025-01-21T23:40:47.371+0000] {logging_mixin.py:188} INFO - [2025-01-21T23:40:47.370+0000] {dag.py:3823} INFO - Setting next_dagrun for 17_simple_xcom_dag to None, run_after=None
[2025-01-21T23:40:47.447+0000] {processor.py:183} INFO - Processing /opt/airflow/dags/17_Xcoms.py took 0.221 seconds
[2025-01-21T23:41:17.743+0000] {processor.py:161} INFO - Started process (PID=33734) to work on /opt/airflow/dags/17_Xcoms.py
[2025-01-21T23:41:17.754+0000] {processor.py:830} INFO - Processing file /opt/airflow/dags/17_Xcoms.py for tasks to queue
[2025-01-21T23:41:17.755+0000] {logging_mixin.py:188} INFO - [2025-01-21T23:41:17.755+0000] {dagbag.py:538} INFO - Filling up the DagBag from /opt/airflow/dags/17_Xcoms.py
[2025-01-21T23:41:17.768+0000] {processor.py:840} INFO - DAG(s) '17_simple_xcom_dag' retrieved from /opt/airflow/dags/17_Xcoms.py
[2025-01-21T23:41:17.834+0000] {logging_mixin.py:188} INFO - [2025-01-21T23:41:17.833+0000] {dag.py:3036} INFO - Sync 1 DAGs
[2025-01-21T23:41:17.878+0000] {logging_mixin.py:188} INFO - [2025-01-21T23:41:17.878+0000] {dag.py:3823} INFO - Setting next_dagrun for 17_simple_xcom_dag to None, run_after=None
[2025-01-21T23:41:17.951+0000] {processor.py:183} INFO - Processing /opt/airflow/dags/17_Xcoms.py took 0.224 seconds
