[2025-01-21T23:32:39.561+0000] {processor.py:161} INFO - Started process (PID=32302) to work on /opt/airflow/dags/20_Xcoms.py
[2025-01-21T23:32:39.562+0000] {processor.py:830} INFO - Processing file /opt/airflow/dags/20_Xcoms.py for tasks to queue
[2025-01-21T23:32:39.563+0000] {logging_mixin.py:188} INFO - [2025-01-21T23:32:39.563+0000] {dagbag.py:538} INFO - Filling up the DagBag from /opt/airflow/dags/20_Xcoms.py
[2025-01-21T23:32:39.575+0000] {processor.py:840} INFO - DAG(s) '20_simple_xcom' retrieved from /opt/airflow/dags/20_Xcoms.py
[2025-01-21T23:32:39.741+0000] {logging_mixin.py:188} INFO - [2025-01-21T23:32:39.740+0000] {override.py:1769} INFO - Created Permission View: can edit on DAG:20_simple_xcom
[2025-01-21T23:32:39.756+0000] {logging_mixin.py:188} INFO - [2025-01-21T23:32:39.755+0000] {override.py:1769} INFO - Created Permission View: can read on DAG:20_simple_xcom
[2025-01-21T23:32:39.765+0000] {logging_mixin.py:188} INFO - [2025-01-21T23:32:39.764+0000] {override.py:1769} INFO - Created Permission View: can delete on DAG:20_simple_xcom
[2025-01-21T23:32:39.765+0000] {logging_mixin.py:188} INFO - [2025-01-21T23:32:39.765+0000] {dag.py:3036} INFO - Sync 1 DAGs
[2025-01-21T23:32:39.782+0000] {logging_mixin.py:188} INFO - [2025-01-21T23:32:39.781+0000] {dag.py:3058} INFO - Creating ORM DAG for 20_simple_xcom
[2025-01-21T23:32:39.783+0000] {logging_mixin.py:188} INFO - [2025-01-21T23:32:39.783+0000] {dag.py:3823} INFO - Setting next_dagrun for 20_simple_xcom to None, run_after=None
[2025-01-21T23:32:39.809+0000] {processor.py:183} INFO - Processing /opt/airflow/dags/20_Xcoms.py took 0.252 seconds
[2025-01-21T23:33:10.171+0000] {processor.py:161} INFO - Started process (PID=32387) to work on /opt/airflow/dags/20_Xcoms.py
[2025-01-21T23:33:10.174+0000] {processor.py:830} INFO - Processing file /opt/airflow/dags/20_Xcoms.py for tasks to queue
[2025-01-21T23:33:10.175+0000] {logging_mixin.py:188} INFO - [2025-01-21T23:33:10.175+0000] {dagbag.py:538} INFO - Filling up the DagBag from /opt/airflow/dags/20_Xcoms.py
[2025-01-21T23:33:10.183+0000] {processor.py:840} INFO - DAG(s) '20_simple_xcom' retrieved from /opt/airflow/dags/20_Xcoms.py
[2025-01-21T23:33:10.210+0000] {logging_mixin.py:188} INFO - [2025-01-21T23:33:10.210+0000] {dag.py:3036} INFO - Sync 1 DAGs
[2025-01-21T23:33:10.231+0000] {logging_mixin.py:188} INFO - [2025-01-21T23:33:10.230+0000] {dag.py:3823} INFO - Setting next_dagrun for 20_simple_xcom to None, run_after=None
[2025-01-21T23:33:10.275+0000] {processor.py:183} INFO - Processing /opt/airflow/dags/20_Xcoms.py took 0.107 seconds
[2025-01-21T23:33:40.798+0000] {processor.py:161} INFO - Started process (PID=32468) to work on /opt/airflow/dags/20_Xcoms.py
[2025-01-21T23:33:40.799+0000] {processor.py:830} INFO - Processing file /opt/airflow/dags/20_Xcoms.py for tasks to queue
[2025-01-21T23:33:40.801+0000] {logging_mixin.py:188} INFO - [2025-01-21T23:33:40.800+0000] {dagbag.py:538} INFO - Filling up the DagBag from /opt/airflow/dags/20_Xcoms.py
[2025-01-21T23:33:40.809+0000] {processor.py:840} INFO - DAG(s) '20_simple_xcom' retrieved from /opt/airflow/dags/20_Xcoms.py
[2025-01-21T23:33:40.841+0000] {logging_mixin.py:188} INFO - [2025-01-21T23:33:40.841+0000] {dag.py:3036} INFO - Sync 1 DAGs
[2025-01-21T23:33:40.886+0000] {logging_mixin.py:188} INFO - [2025-01-21T23:33:40.886+0000] {dag.py:3823} INFO - Setting next_dagrun for 20_simple_xcom to None, run_after=None
[2025-01-21T23:33:40.931+0000] {processor.py:183} INFO - Processing /opt/airflow/dags/20_Xcoms.py took 0.139 seconds
[2025-01-21T23:34:11.025+0000] {processor.py:161} INFO - Started process (PID=32553) to work on /opt/airflow/dags/20_Xcoms.py
[2025-01-21T23:34:11.027+0000] {processor.py:830} INFO - Processing file /opt/airflow/dags/20_Xcoms.py for tasks to queue
[2025-01-21T23:34:11.028+0000] {logging_mixin.py:188} INFO - [2025-01-21T23:34:11.028+0000] {dagbag.py:538} INFO - Filling up the DagBag from /opt/airflow/dags/20_Xcoms.py
[2025-01-21T23:34:11.039+0000] {processor.py:840} INFO - DAG(s) '20_simple_xcom' retrieved from /opt/airflow/dags/20_Xcoms.py
[2025-01-21T23:34:11.078+0000] {logging_mixin.py:188} INFO - [2025-01-21T23:34:11.077+0000] {dag.py:3036} INFO - Sync 1 DAGs
[2025-01-21T23:34:11.129+0000] {logging_mixin.py:188} INFO - [2025-01-21T23:34:11.128+0000] {dag.py:3823} INFO - Setting next_dagrun for 20_simple_xcom to None, run_after=None
[2025-01-21T23:34:11.164+0000] {processor.py:183} INFO - Processing /opt/airflow/dags/20_Xcoms.py took 0.144 seconds
[2025-01-21T23:34:41.800+0000] {processor.py:161} INFO - Started process (PID=32639) to work on /opt/airflow/dags/20_Xcoms.py
[2025-01-21T23:34:41.802+0000] {processor.py:830} INFO - Processing file /opt/airflow/dags/20_Xcoms.py for tasks to queue
[2025-01-21T23:34:41.804+0000] {logging_mixin.py:188} INFO - [2025-01-21T23:34:41.803+0000] {dagbag.py:538} INFO - Filling up the DagBag from /opt/airflow/dags/20_Xcoms.py
[2025-01-21T23:34:41.814+0000] {processor.py:840} INFO - DAG(s) '20_simple_xcom' retrieved from /opt/airflow/dags/20_Xcoms.py
[2025-01-21T23:34:41.851+0000] {logging_mixin.py:188} INFO - [2025-01-21T23:34:41.850+0000] {dag.py:3036} INFO - Sync 1 DAGs
[2025-01-21T23:34:41.878+0000] {logging_mixin.py:188} INFO - [2025-01-21T23:34:41.878+0000] {dag.py:3823} INFO - Setting next_dagrun for 20_simple_xcom to None, run_after=None
[2025-01-21T23:34:41.913+0000] {processor.py:183} INFO - Processing /opt/airflow/dags/20_Xcoms.py took 0.119 seconds
[2025-01-21T23:35:12.055+0000] {processor.py:161} INFO - Started process (PID=32723) to work on /opt/airflow/dags/20_Xcoms.py
[2025-01-21T23:35:12.064+0000] {processor.py:830} INFO - Processing file /opt/airflow/dags/20_Xcoms.py for tasks to queue
[2025-01-21T23:35:12.066+0000] {logging_mixin.py:188} INFO - [2025-01-21T23:35:12.065+0000] {dagbag.py:538} INFO - Filling up the DagBag from /opt/airflow/dags/20_Xcoms.py
[2025-01-21T23:35:12.082+0000] {processor.py:840} INFO - DAG(s) '20_simple_xcom' retrieved from /opt/airflow/dags/20_Xcoms.py
[2025-01-21T23:35:12.141+0000] {logging_mixin.py:188} INFO - [2025-01-21T23:35:12.141+0000] {dag.py:3036} INFO - Sync 1 DAGs
[2025-01-21T23:35:12.165+0000] {logging_mixin.py:188} INFO - [2025-01-21T23:35:12.165+0000] {dag.py:3823} INFO - Setting next_dagrun for 20_simple_xcom to None, run_after=None
[2025-01-21T23:35:12.198+0000] {processor.py:183} INFO - Processing /opt/airflow/dags/20_Xcoms.py took 0.158 seconds
[2025-01-21T23:35:42.715+0000] {processor.py:161} INFO - Started process (PID=32808) to work on /opt/airflow/dags/20_Xcoms.py
[2025-01-21T23:35:42.717+0000] {processor.py:830} INFO - Processing file /opt/airflow/dags/20_Xcoms.py for tasks to queue
[2025-01-21T23:35:42.719+0000] {logging_mixin.py:188} INFO - [2025-01-21T23:35:42.719+0000] {dagbag.py:538} INFO - Filling up the DagBag from /opt/airflow/dags/20_Xcoms.py
[2025-01-21T23:35:42.727+0000] {processor.py:840} INFO - DAG(s) '20_simple_xcom' retrieved from /opt/airflow/dags/20_Xcoms.py
[2025-01-21T23:35:42.758+0000] {logging_mixin.py:188} INFO - [2025-01-21T23:35:42.758+0000] {dag.py:3036} INFO - Sync 1 DAGs
[2025-01-21T23:35:42.782+0000] {logging_mixin.py:188} INFO - [2025-01-21T23:35:42.782+0000] {dag.py:3823} INFO - Setting next_dagrun for 20_simple_xcom to None, run_after=None
[2025-01-21T23:35:42.833+0000] {processor.py:183} INFO - Processing /opt/airflow/dags/20_Xcoms.py took 0.139 seconds
[2025-01-21T23:36:13.052+0000] {processor.py:161} INFO - Started process (PID=32893) to work on /opt/airflow/dags/20_Xcoms.py
[2025-01-21T23:36:13.062+0000] {processor.py:830} INFO - Processing file /opt/airflow/dags/20_Xcoms.py for tasks to queue
[2025-01-21T23:36:13.064+0000] {logging_mixin.py:188} INFO - [2025-01-21T23:36:13.063+0000] {dagbag.py:538} INFO - Filling up the DagBag from /opt/airflow/dags/20_Xcoms.py
[2025-01-21T23:36:13.076+0000] {processor.py:840} INFO - DAG(s) '20_simple_xcom' retrieved from /opt/airflow/dags/20_Xcoms.py
[2025-01-21T23:36:13.139+0000] {logging_mixin.py:188} INFO - [2025-01-21T23:36:13.139+0000] {dag.py:3036} INFO - Sync 1 DAGs
[2025-01-21T23:36:13.183+0000] {logging_mixin.py:188} INFO - [2025-01-21T23:36:13.183+0000] {dag.py:3823} INFO - Setting next_dagrun for 20_simple_xcom to None, run_after=None
[2025-01-21T23:36:13.247+0000] {processor.py:183} INFO - Processing /opt/airflow/dags/20_Xcoms.py took 0.204 seconds
[2025-01-21T23:36:43.701+0000] {processor.py:161} INFO - Started process (PID=32979) to work on /opt/airflow/dags/20_Xcoms.py
[2025-01-21T23:36:43.711+0000] {processor.py:830} INFO - Processing file /opt/airflow/dags/20_Xcoms.py for tasks to queue
[2025-01-21T23:36:43.713+0000] {logging_mixin.py:188} INFO - [2025-01-21T23:36:43.713+0000] {dagbag.py:538} INFO - Filling up the DagBag from /opt/airflow/dags/20_Xcoms.py
[2025-01-21T23:36:43.726+0000] {processor.py:840} INFO - DAG(s) '20_simple_xcom' retrieved from /opt/airflow/dags/20_Xcoms.py
[2025-01-21T23:36:43.772+0000] {logging_mixin.py:188} INFO - [2025-01-21T23:36:43.770+0000] {dag.py:3036} INFO - Sync 1 DAGs
[2025-01-21T23:36:43.807+0000] {logging_mixin.py:188} INFO - [2025-01-21T23:36:43.807+0000] {dag.py:3823} INFO - Setting next_dagrun for 20_simple_xcom to None, run_after=None
[2025-01-21T23:36:43.875+0000] {processor.py:183} INFO - Processing /opt/airflow/dags/20_Xcoms.py took 0.180 seconds
[2025-01-21T23:37:14.069+0000] {processor.py:161} INFO - Started process (PID=33059) to work on /opt/airflow/dags/20_Xcoms.py
[2025-01-21T23:37:14.072+0000] {processor.py:830} INFO - Processing file /opt/airflow/dags/20_Xcoms.py for tasks to queue
[2025-01-21T23:37:14.075+0000] {logging_mixin.py:188} INFO - [2025-01-21T23:37:14.075+0000] {dagbag.py:538} INFO - Filling up the DagBag from /opt/airflow/dags/20_Xcoms.py
[2025-01-21T23:37:14.084+0000] {processor.py:840} INFO - DAG(s) '20_simple_xcom' retrieved from /opt/airflow/dags/20_Xcoms.py
[2025-01-21T23:37:14.134+0000] {logging_mixin.py:188} INFO - [2025-01-21T23:37:14.133+0000] {dag.py:3036} INFO - Sync 1 DAGs
[2025-01-21T23:37:14.171+0000] {logging_mixin.py:188} INFO - [2025-01-21T23:37:14.170+0000] {dag.py:3823} INFO - Setting next_dagrun for 20_simple_xcom to None, run_after=None
[2025-01-21T23:37:14.250+0000] {processor.py:183} INFO - Processing /opt/airflow/dags/20_Xcoms.py took 0.191 seconds
[2025-01-21T23:37:44.353+0000] {processor.py:161} INFO - Started process (PID=33136) to work on /opt/airflow/dags/20_Xcoms.py
[2025-01-21T23:37:44.355+0000] {processor.py:830} INFO - Processing file /opt/airflow/dags/20_Xcoms.py for tasks to queue
[2025-01-21T23:37:44.356+0000] {logging_mixin.py:188} INFO - [2025-01-21T23:37:44.356+0000] {dagbag.py:538} INFO - Filling up the DagBag from /opt/airflow/dags/20_Xcoms.py
[2025-01-21T23:37:44.372+0000] {processor.py:840} INFO - DAG(s) '20_simple_xcom' retrieved from /opt/airflow/dags/20_Xcoms.py
[2025-01-21T23:37:44.405+0000] {logging_mixin.py:188} INFO - [2025-01-21T23:37:44.404+0000] {dag.py:3036} INFO - Sync 1 DAGs
[2025-01-21T23:37:44.431+0000] {logging_mixin.py:188} INFO - [2025-01-21T23:37:44.430+0000] {dag.py:3823} INFO - Setting next_dagrun for 20_simple_xcom to None, run_after=None
[2025-01-21T23:37:44.487+0000] {processor.py:183} INFO - Processing /opt/airflow/dags/20_Xcoms.py took 0.139 seconds
[2025-01-21T23:38:14.799+0000] {processor.py:161} INFO - Started process (PID=33220) to work on /opt/airflow/dags/20_Xcoms.py
[2025-01-21T23:38:14.800+0000] {processor.py:830} INFO - Processing file /opt/airflow/dags/20_Xcoms.py for tasks to queue
[2025-01-21T23:38:14.801+0000] {logging_mixin.py:188} INFO - [2025-01-21T23:38:14.801+0000] {dagbag.py:538} INFO - Filling up the DagBag from /opt/airflow/dags/20_Xcoms.py
[2025-01-21T23:38:14.812+0000] {processor.py:840} INFO - DAG(s) '20_simple_xcom' retrieved from /opt/airflow/dags/20_Xcoms.py
[2025-01-21T23:38:14.845+0000] {logging_mixin.py:188} INFO - [2025-01-21T23:38:14.844+0000] {dag.py:3036} INFO - Sync 1 DAGs
[2025-01-21T23:38:14.870+0000] {logging_mixin.py:188} INFO - [2025-01-21T23:38:14.869+0000] {dag.py:3823} INFO - Setting next_dagrun for 20_simple_xcom to None, run_after=None
[2025-01-21T23:38:14.921+0000] {processor.py:183} INFO - Processing /opt/airflow/dags/20_Xcoms.py took 0.127 seconds
[2025-01-21T23:38:45.463+0000] {processor.py:161} INFO - Started process (PID=33305) to work on /opt/airflow/dags/20_Xcoms.py
[2025-01-21T23:38:45.464+0000] {processor.py:830} INFO - Processing file /opt/airflow/dags/20_Xcoms.py for tasks to queue
[2025-01-21T23:38:45.466+0000] {logging_mixin.py:188} INFO - [2025-01-21T23:38:45.465+0000] {dagbag.py:538} INFO - Filling up the DagBag from /opt/airflow/dags/20_Xcoms.py
[2025-01-21T23:38:45.477+0000] {processor.py:840} INFO - DAG(s) '20_simple_xcom' retrieved from /opt/airflow/dags/20_Xcoms.py
[2025-01-21T23:38:45.509+0000] {logging_mixin.py:188} INFO - [2025-01-21T23:38:45.508+0000] {dag.py:3036} INFO - Sync 1 DAGs
[2025-01-21T23:38:45.533+0000] {logging_mixin.py:188} INFO - [2025-01-21T23:38:45.533+0000] {dag.py:3823} INFO - Setting next_dagrun for 20_simple_xcom to None, run_after=None
[2025-01-21T23:38:45.564+0000] {processor.py:183} INFO - Processing /opt/airflow/dags/20_Xcoms.py took 0.106 seconds
[2025-01-21T23:39:15.839+0000] {processor.py:161} INFO - Started process (PID=33390) to work on /opt/airflow/dags/20_Xcoms.py
[2025-01-21T23:39:15.842+0000] {processor.py:830} INFO - Processing file /opt/airflow/dags/20_Xcoms.py for tasks to queue
[2025-01-21T23:39:15.846+0000] {logging_mixin.py:188} INFO - [2025-01-21T23:39:15.843+0000] {dagbag.py:538} INFO - Filling up the DagBag from /opt/airflow/dags/20_Xcoms.py
[2025-01-21T23:39:15.855+0000] {processor.py:840} INFO - DAG(s) '20_simple_xcom' retrieved from /opt/airflow/dags/20_Xcoms.py
[2025-01-21T23:39:15.888+0000] {logging_mixin.py:188} INFO - [2025-01-21T23:39:15.888+0000] {dag.py:3036} INFO - Sync 1 DAGs
[2025-01-21T23:39:15.914+0000] {logging_mixin.py:188} INFO - [2025-01-21T23:39:15.914+0000] {dag.py:3823} INFO - Setting next_dagrun for 20_simple_xcom to None, run_after=None
[2025-01-21T23:39:15.948+0000] {processor.py:183} INFO - Processing /opt/airflow/dags/20_Xcoms.py took 0.117 seconds
[2025-01-21T23:39:46.451+0000] {processor.py:161} INFO - Started process (PID=33476) to work on /opt/airflow/dags/20_Xcoms.py
[2025-01-21T23:39:46.453+0000] {processor.py:830} INFO - Processing file /opt/airflow/dags/20_Xcoms.py for tasks to queue
[2025-01-21T23:39:46.454+0000] {logging_mixin.py:188} INFO - [2025-01-21T23:39:46.454+0000] {dagbag.py:538} INFO - Filling up the DagBag from /opt/airflow/dags/20_Xcoms.py
[2025-01-21T23:39:46.463+0000] {processor.py:840} INFO - DAG(s) '20_simple_xcom' retrieved from /opt/airflow/dags/20_Xcoms.py
[2025-01-21T23:39:46.495+0000] {logging_mixin.py:188} INFO - [2025-01-21T23:39:46.494+0000] {dag.py:3036} INFO - Sync 1 DAGs
[2025-01-21T23:39:46.518+0000] {logging_mixin.py:188} INFO - [2025-01-21T23:39:46.518+0000] {dag.py:3823} INFO - Setting next_dagrun for 20_simple_xcom to None, run_after=None
[2025-01-21T23:39:46.550+0000] {processor.py:183} INFO - Processing /opt/airflow/dags/20_Xcoms.py took 0.103 seconds
[2025-01-21T23:40:16.876+0000] {processor.py:161} INFO - Started process (PID=33562) to work on /opt/airflow/dags/20_Xcoms.py
[2025-01-21T23:40:16.886+0000] {processor.py:830} INFO - Processing file /opt/airflow/dags/20_Xcoms.py for tasks to queue
[2025-01-21T23:40:16.889+0000] {logging_mixin.py:188} INFO - [2025-01-21T23:40:16.889+0000] {dagbag.py:538} INFO - Filling up the DagBag from /opt/airflow/dags/20_Xcoms.py
[2025-01-21T23:40:16.902+0000] {processor.py:840} INFO - DAG(s) '20_simple_xcom' retrieved from /opt/airflow/dags/20_Xcoms.py
[2025-01-21T23:40:16.948+0000] {logging_mixin.py:188} INFO - [2025-01-21T23:40:16.947+0000] {dag.py:3036} INFO - Sync 1 DAGs
[2025-01-21T23:40:16.973+0000] {logging_mixin.py:188} INFO - [2025-01-21T23:40:16.972+0000] {dag.py:3823} INFO - Setting next_dagrun for 20_simple_xcom to None, run_after=None
[2025-01-21T23:40:17.025+0000] {processor.py:183} INFO - Processing /opt/airflow/dags/20_Xcoms.py took 0.162 seconds
[2025-01-21T23:40:47.213+0000] {processor.py:161} INFO - Started process (PID=33647) to work on /opt/airflow/dags/20_Xcoms.py
[2025-01-21T23:40:47.215+0000] {processor.py:830} INFO - Processing file /opt/airflow/dags/20_Xcoms.py for tasks to queue
[2025-01-21T23:40:47.217+0000] {logging_mixin.py:188} INFO - [2025-01-21T23:40:47.216+0000] {dagbag.py:538} INFO - Filling up the DagBag from /opt/airflow/dags/20_Xcoms.py
[2025-01-21T23:40:47.234+0000] {processor.py:840} INFO - DAG(s) '20_simple_xcom' retrieved from /opt/airflow/dags/20_Xcoms.py
[2025-01-21T23:40:47.300+0000] {logging_mixin.py:188} INFO - [2025-01-21T23:40:47.299+0000] {dag.py:3036} INFO - Sync 1 DAGs
[2025-01-21T23:40:47.339+0000] {logging_mixin.py:188} INFO - [2025-01-21T23:40:47.338+0000] {dag.py:3823} INFO - Setting next_dagrun for 20_simple_xcom to None, run_after=None
[2025-01-21T23:40:47.375+0000] {processor.py:183} INFO - Processing /opt/airflow/dags/20_Xcoms.py took 0.172 seconds
[2025-01-21T23:41:17.720+0000] {processor.py:161} INFO - Started process (PID=33733) to work on /opt/airflow/dags/20_Xcoms.py
[2025-01-21T23:41:17.735+0000] {processor.py:830} INFO - Processing file /opt/airflow/dags/20_Xcoms.py for tasks to queue
[2025-01-21T23:41:17.738+0000] {logging_mixin.py:188} INFO - [2025-01-21T23:41:17.738+0000] {dagbag.py:538} INFO - Filling up the DagBag from /opt/airflow/dags/20_Xcoms.py
[2025-01-21T23:41:17.753+0000] {processor.py:840} INFO - DAG(s) '20_simple_xcom' retrieved from /opt/airflow/dags/20_Xcoms.py
[2025-01-21T23:41:17.823+0000] {logging_mixin.py:188} INFO - [2025-01-21T23:41:17.822+0000] {dag.py:3036} INFO - Sync 1 DAGs
[2025-01-21T23:41:17.867+0000] {logging_mixin.py:188} INFO - [2025-01-21T23:41:17.867+0000] {dag.py:3823} INFO - Setting next_dagrun for 20_simple_xcom to None, run_after=None
[2025-01-21T23:41:17.936+0000] {processor.py:183} INFO - Processing /opt/airflow/dags/20_Xcoms.py took 0.221 seconds
